<?xml version="1.0" encoding="UTF-8" ?>
<testsuite tests="1" failures="1" name="cn.cstqb.exam.testmaker.guice.JpaModuleTest" time="0.673" errors="0" skipped="0">
  <properties>
[...]
</properties>
  <testcase classname="cn.cstqb.exam.testmaker.guice.JpaModuleTest" name="test" time="0.673">
    <failure type="java.lang.AssertionError">java.lang.AssertionError
	at org.junit.Assert.fail(Assert.java:86)
	at org.junit.Assert.assertTrue(Assert.java:41)
	at org.junit.Assert.assertFalse(Assert.java:64)
	at org.junit.Assert.assertFalse(Assert.java:74)
	at cn.cstqb.exam.testmaker.guice.JpaModuleTest.test(JpaModuleTest.java:38)
	at java.base/jdk.internal.reflect.NativeMethodAccessorImpl.invoke0(Native Method)
	at java.base/jdk.internal.reflect.NativeMethodAccessorImpl.invoke(NativeMethodAccessorImpl.java:62)
	at java.base/jdk.internal.reflect.DelegatingMethodAccessorImpl.invoke(DelegatingMethodAccessorImpl.java:43)
	at java.base/java.lang.reflect.Method.invoke(Method.java:567)
	at org.junit.runners.model.FrameworkMethod$1.runReflectiveCall(FrameworkMethod.java:50)
	at org.junit.internal.runners.model.ReflectiveCallable.run(ReflectiveCallable.java:12)
	at org.junit.runners.model.FrameworkMethod.invokeExplosively(FrameworkMethod.java:47)
	at org.junit.internal.runners.statements.InvokeMethod.evaluate(InvokeMethod.java:17)
	at org.junit.internal.runners.statements.RunBefores.evaluate(RunBefores.java:26)
	at org.junit.internal.runners.statements.RunAfters.evaluate(RunAfters.java:27)
	at org.junit.runners.ParentRunner.runLeaf(ParentRunner.java:325)
	at org.junit.runners.BlockJUnit4ClassRunner.runChild(BlockJUnit4ClassRunner.java:78)
	at org.junit.runners.BlockJUnit4ClassRunner.runChild(BlockJUnit4ClassRunner.java:57)
	at org.junit.runners.ParentRunner$3.run(ParentRunner.java:290)
	at org.junit.runners.ParentRunner$1.schedule(ParentRunner.java:71)
	at org.junit.runners.ParentRunner.runChildren(ParentRunner.java:288)
	at org.junit.runners.ParentRunner.access$000(ParentRunner.java:58)
	at org.junit.runners.ParentRunner$2.evaluate(ParentRunner.java:268)
	at org.junit.internal.runners.statements.RunBefores.evaluate(RunBefores.java:26)
	at org.junit.runners.ParentRunner.run(ParentRunner.java:363)
	at org.apache.maven.surefire.junit4.JUnit4Provider.execute(JUnit4Provider.java:252)
	at org.apache.maven.surefire.junit4.JUnit4Provider.executeTestSet(JUnit4Provider.java:141)
	at org.apache.maven.surefire.junit4.JUnit4Provider.invoke(JUnit4Provider.java:112)
	at java.base/jdk.internal.reflect.NativeMethodAccessorImpl.invoke0(Native Method)
	at java.base/jdk.internal.reflect.NativeMethodAccessorImpl.invoke(NativeMethodAccessorImpl.java:62)
	at java.base/jdk.internal.reflect.DelegatingMethodAccessorImpl.invoke(DelegatingMethodAccessorImpl.java:43)
	at java.base/java.lang.reflect.Method.invoke(Method.java:567)
	at org.apache.maven.surefire.util.ReflectionUtils.invokeMethodWithArray(ReflectionUtils.java:189)
	at org.apache.maven.surefire.booter.ProviderFactory$ProviderProxy.invoke(ProviderFactory.java:165)
	at org.apache.maven.surefire.booter.ProviderFactory.invokeProvider(ProviderFactory.java:85)
	at org.apache.maven.surefire.booter.ForkedBooter.runSuitesInProcess(ForkedBooter.java:115)
	at org.apache.maven.surefire.booter.ForkedBooter.main(ForkedBooter.java:75)
</failure>
    <system-out>14:27:16.541 [main] WARN  o.hibernate.ejb.HibernatePersistence - HHH015016: Encountered a deprecated javax.persistence.spi.PersistenceProvider [org.hibernate.ejb.HibernatePersistence]; use [org.hibernate.jpa.HibernatePersistenceProvider] instead.
14:27:16.541 [main] WARN  o.hibernate.ejb.HibernatePersistence - HHH015016: Encountered a deprecated javax.persistence.spi.PersistenceProvider [org.hibernate.ejb.HibernatePersistence]; use [org.hibernate.jpa.HibernatePersistenceProvider] instead.
14:27:16.541 [main] WARN  o.hibernate.ejb.HibernatePersistence - HHH015016: Encountered a deprecated javax.persistence.spi.PersistenceProvider [org.hibernate.ejb.HibernatePersistence]; use [org.hibernate.jpa.HibernatePersistenceProvider] instead.
14:27:16.541 [main] DEBUG o.h.b.r.c.i.ClassLoaderServiceImpl - Incoming config yielded no classloaders; adding standard SE ones
14:27:16.554 [main] DEBUG o.h.jpa.HibernatePersistenceProvider - Located and parsed 1 persistence units; checking each
14:27:16.555 [main] DEBUG o.h.jpa.HibernatePersistenceProvider - Checking persistence-unit [name=test-maker, explicit-provider=org.hibernate.jpa.HibernatePersistenceProvider] against incoming persistence unit name [test-maker]
14:27:16.555 [main] DEBUG o.h.jpa.boot.spi.ProviderChecker - Persistence-unit [test-maker] requested PersistenceProvider [org.hibernate.jpa.HibernatePersistenceProvider]
14:27:16.555 [main] DEBUG o.h.jpa.internal.util.LogHelper - PersistenceUnitInfo [
	name: test-maker
	persistence provider classname: org.hibernate.jpa.HibernatePersistenceProvider
	classloader: null
	excludeUnlistedClasses: false
	JTA datasource: null
	Non JTA datasource: null
	Transaction type: RESOURCE_LOCAL
	PU root URL: file:/D:/whitebox-test/test-maker-group1/test-maker/target/classes/
	Shared Cache Mode: NONE
	Validation Mode: null
	Jar files URLs []
	Managed classes names []
	Mapping files names []
	Properties [
		javax.persistence.jdbc.url: jdbc:mysql://localhost:3306/testmaker
		javax.persistence.jdbc.password: 
		hibernate.c3p0.idle_test_period: 120
		hibernate.cache.use_second_level_cache: false
		hibernate.show_sql: true
		org.hibernate.flushMode: COMMIT
		hibernate.c3p0.validate: true
		hibernate.c3p0.timeout: 600
		hibernate.hbm2ddl.auto: update
		hibernate.c3p0.maxIdleTimeExcessConnections: 20
		hibernate.ejb.naming_strategy: org.hibernate.cfg.ImprovedNamingStrategy
		hibernate.format_sql: true
		hibernate.enable_lazy_load_no_trans: true
		javax.persistence.jdbc.user: root
		javax.persistence.jdbc.driver: com.mysql.jdbc.Driver
		connection.provider_class: org.hibernate.connection.C3P0ConnectionProvider
		hibernate.c3p0.automaticTestTable: _conTestTable
		hibernate.dialect: org.hibernate.dialect.MySQL5InnoDBDialect]
14:27:16.555 [main] DEBUG o.h.i.internal.IntegratorServiceImpl - Adding Integrator [org.hibernate.cfg.beanvalidation.BeanValidationIntegrator].
14:27:16.555 [main] DEBUG o.h.i.internal.IntegratorServiceImpl - Adding Integrator [org.hibernate.secure.spi.JaccIntegrator].
14:27:16.555 [main] DEBUG o.h.i.internal.IntegratorServiceImpl - Adding Integrator [org.hibernate.cache.internal.CollectionCacheInvalidator].
14:27:16.555 [main] DEBUG o.h.i.internal.IntegratorServiceImpl - Adding Integrator [org.hibernate.jpa.event.spi.JpaIntegrator].
14:27:16.556 [main] DEBUG o.h.b.r.s.i.StrategySelectorImpl - Registering named strategy selector [org.hibernate.dialect.Dialect] : [MySQL5] -&gt; [org.hibernate.dialect.MySQL5Dialect] (replacing [org.hibernate.dialect.MySQL5Dialect])
14:27:16.556 [main] DEBUG o.h.b.r.s.i.StrategySelectorImpl - Registering named strategy selector [org.hibernate.dialect.Dialect] : [MySQL5InnoDB] -&gt; [org.hibernate.dialect.MySQL5InnoDBDialect] (replacing [org.hibernate.dialect.MySQL5InnoDBDialect])
14:27:16.678 [main] DEBUG o.h.service.spi.ServiceBinding - Overriding existing service binding [org.hibernate.secure.spi.JaccService]
14:27:16.678 [main] DEBUG org.hibernate.type.BasicTypeRegistry - Adding type registration boolean -&gt; org.hibernate.type.BooleanType@4271960c
14:27:16.678 [main] DEBUG org.hibernate.type.BasicTypeRegistry - Adding type registration boolean -&gt; org.hibernate.type.BooleanType@4271960c
14:27:16.678 [main] DEBUG org.hibernate.type.BasicTypeRegistry - Adding type registration java.lang.Boolean -&gt; org.hibernate.type.BooleanType@4271960c
14:27:16.679 [main] DEBUG org.hibernate.type.BasicTypeRegistry - Adding type registration numeric_boolean -&gt; org.hibernate.type.NumericBooleanType@7cba8293
14:27:16.679 [main] DEBUG org.hibernate.type.BasicTypeRegistry - Adding type registration true_false -&gt; org.hibernate.type.TrueFalseType@a49995f
14:27:16.679 [main] DEBUG org.hibernate.type.BasicTypeRegistry - Adding type registration yes_no -&gt; org.hibernate.type.YesNoType@cb03360
14:27:16.679 [main] DEBUG org.hibernate.type.BasicTypeRegistry - Adding type registration byte -&gt; org.hibernate.type.ByteType@485dfac9
14:27:16.679 [main] DEBUG org.hibernate.type.BasicTypeRegistry - Adding type registration byte -&gt; org.hibernate.type.ByteType@485dfac9
14:27:16.679 [main] DEBUG org.hibernate.type.BasicTypeRegistry - Adding type registration java.lang.Byte -&gt; org.hibernate.type.ByteType@485dfac9
14:27:16.679 [main] DEBUG org.hibernate.type.BasicTypeRegistry - Adding type registration character -&gt; org.hibernate.type.CharacterType@97842a0
14:27:16.679 [main] DEBUG org.hibernate.type.BasicTypeRegistry - Adding type registration char -&gt; org.hibernate.type.CharacterType@97842a0
14:27:16.679 [main] DEBUG org.hibernate.type.BasicTypeRegistry - Adding type registration java.lang.Character -&gt; org.hibernate.type.CharacterType@97842a0
14:27:16.679 [main] DEBUG org.hibernate.type.BasicTypeRegistry - Adding type registration short -&gt; org.hibernate.type.ShortType@74ee07e
14:27:16.679 [main] DEBUG org.hibernate.type.BasicTypeRegistry - Adding type registration short -&gt; org.hibernate.type.ShortType@74ee07e
14:27:16.679 [main] DEBUG org.hibernate.type.BasicTypeRegistry - Adding type registration java.lang.Short -&gt; org.hibernate.type.ShortType@74ee07e
14:27:16.679 [main] DEBUG org.hibernate.type.BasicTypeRegistry - Adding type registration integer -&gt; org.hibernate.type.IntegerType@75b5d09
14:27:16.679 [main] DEBUG org.hibernate.type.BasicTypeRegistry - Adding type registration int -&gt; org.hibernate.type.IntegerType@75b5d09
14:27:16.679 [main] DEBUG org.hibernate.type.BasicTypeRegistry - Adding type registration java.lang.Integer -&gt; org.hibernate.type.IntegerType@75b5d09
14:27:16.679 [main] DEBUG org.hibernate.type.BasicTypeRegistry - Adding type registration long -&gt; org.hibernate.type.LongType@4973fb7d
14:27:16.679 [main] DEBUG org.hibernate.type.BasicTypeRegistry - Adding type registration long -&gt; org.hibernate.type.LongType@4973fb7d
14:27:16.680 [main] DEBUG org.hibernate.type.BasicTypeRegistry - Adding type registration java.lang.Long -&gt; org.hibernate.type.LongType@4973fb7d
14:27:16.680 [main] DEBUG org.hibernate.type.BasicTypeRegistry - Adding type registration float -&gt; org.hibernate.type.FloatType@38fc2c39
14:27:16.680 [main] DEBUG org.hibernate.type.BasicTypeRegistry - Adding type registration float -&gt; org.hibernate.type.FloatType@38fc2c39
14:27:16.680 [main] DEBUG org.hibernate.type.BasicTypeRegistry - Adding type registration java.lang.Float -&gt; org.hibernate.type.FloatType@38fc2c39
14:27:16.680 [main] DEBUG org.hibernate.type.BasicTypeRegistry - Adding type registration double -&gt; org.hibernate.type.DoubleType@33a38f07
14:27:16.680 [main] DEBUG org.hibernate.type.BasicTypeRegistry - Adding type registration double -&gt; org.hibernate.type.DoubleType@33a38f07
14:27:16.680 [main] DEBUG org.hibernate.type.BasicTypeRegistry - Adding type registration java.lang.Double -&gt; org.hibernate.type.DoubleType@33a38f07
14:27:16.680 [main] DEBUG org.hibernate.type.BasicTypeRegistry - Adding type registration big_decimal -&gt; org.hibernate.type.BigDecimalType@4dea763c
14:27:16.680 [main] DEBUG org.hibernate.type.BasicTypeRegistry - Adding type registration java.math.BigDecimal -&gt; org.hibernate.type.BigDecimalType@4dea763c
14:27:16.680 [main] DEBUG org.hibernate.type.BasicTypeRegistry - Adding type registration big_integer -&gt; org.hibernate.type.BigIntegerType@58192546
14:27:16.680 [main] DEBUG org.hibernate.type.BasicTypeRegistry - Adding type registration java.math.BigInteger -&gt; org.hibernate.type.BigIntegerType@58192546
14:27:16.680 [main] DEBUG org.hibernate.type.BasicTypeRegistry - Adding type registration string -&gt; org.hibernate.type.StringType@442e7215
14:27:16.680 [main] DEBUG org.hibernate.type.BasicTypeRegistry - Adding type registration java.lang.String -&gt; org.hibernate.type.StringType@442e7215
14:27:16.680 [main] DEBUG org.hibernate.type.BasicTypeRegistry - Adding type registration nstring -&gt; org.hibernate.type.StringNVarcharType@2541b4d3
14:27:16.680 [main] DEBUG org.hibernate.type.BasicTypeRegistry - Adding type registration ncharacter -&gt; org.hibernate.type.CharacterNCharType@6cc9f35d
14:27:16.680 [main] DEBUG org.hibernate.type.BasicTypeRegistry - Adding type registration url -&gt; org.hibernate.type.UrlType@6945fdb8
14:27:16.680 [main] DEBUG org.hibernate.type.BasicTypeRegistry - Adding type registration java.net.URL -&gt; org.hibernate.type.UrlType@6945fdb8
14:27:16.680 [main] DEBUG org.hibernate.type.BasicTypeRegistry - Adding type registration date -&gt; org.hibernate.type.DateType@3dc976da
14:27:16.680 [main] DEBUG org.hibernate.type.BasicTypeRegistry - Adding type registration java.sql.Date -&gt; org.hibernate.type.DateType@3dc976da
14:27:16.681 [main] DEBUG org.hibernate.type.BasicTypeRegistry - Adding type registration time -&gt; org.hibernate.type.TimeType@1a524c6b
14:27:16.681 [main] DEBUG org.hibernate.type.BasicTypeRegistry - Adding type registration java.sql.Time -&gt; org.hibernate.type.TimeType@1a524c6b
14:27:16.681 [main] DEBUG org.hibernate.type.BasicTypeRegistry - Adding type registration timestamp -&gt; org.hibernate.type.TimestampType@6ca6cc1c
14:27:16.681 [main] DEBUG org.hibernate.type.BasicTypeRegistry - Adding type registration java.sql.Timestamp -&gt; org.hibernate.type.TimestampType@6ca6cc1c
14:27:16.681 [main] DEBUG org.hibernate.type.BasicTypeRegistry - Adding type registration java.util.Date -&gt; org.hibernate.type.TimestampType@6ca6cc1c
14:27:16.681 [main] DEBUG org.hibernate.type.BasicTypeRegistry - Adding type registration dbtimestamp -&gt; org.hibernate.type.DbTimestampType@55c901b2
14:27:16.681 [main] DEBUG org.hibernate.type.BasicTypeRegistry - Adding type registration calendar -&gt; org.hibernate.type.CalendarType@1c7da28
14:27:16.681 [main] DEBUG org.hibernate.type.BasicTypeRegistry - Adding type registration java.util.Calendar -&gt; org.hibernate.type.CalendarType@1c7da28
14:27:16.681 [main] DEBUG org.hibernate.type.BasicTypeRegistry - Adding type registration java.util.GregorianCalendar -&gt; org.hibernate.type.CalendarType@1c7da28
14:27:16.681 [main] DEBUG org.hibernate.type.BasicTypeRegistry - Adding type registration calendar_date -&gt; org.hibernate.type.CalendarDateType@1915879c
14:27:16.681 [main] DEBUG org.hibernate.type.BasicTypeRegistry - Adding type registration locale -&gt; org.hibernate.type.LocaleType@3a7be6e6
14:27:16.681 [main] DEBUG org.hibernate.type.BasicTypeRegistry - Adding type registration java.util.Locale -&gt; org.hibernate.type.LocaleType@3a7be6e6
14:27:16.682 [main] DEBUG org.hibernate.type.BasicTypeRegistry - Adding type registration currency -&gt; org.hibernate.type.CurrencyType@bd8f424
14:27:16.682 [main] DEBUG org.hibernate.type.BasicTypeRegistry - Adding type registration java.util.Currency -&gt; org.hibernate.type.CurrencyType@bd8f424
14:27:16.682 [main] DEBUG org.hibernate.type.BasicTypeRegistry - Adding type registration timezone -&gt; org.hibernate.type.TimeZoneType@5d96b0f
14:27:16.682 [main] DEBUG org.hibernate.type.BasicTypeRegistry - Adding type registration java.util.TimeZone -&gt; org.hibernate.type.TimeZoneType@5d96b0f
14:27:16.682 [main] DEBUG org.hibernate.type.BasicTypeRegistry - Adding type registration class -&gt; org.hibernate.type.ClassType@3d0f2154
14:27:16.682 [main] DEBUG org.hibernate.type.BasicTypeRegistry - Adding type registration java.lang.Class -&gt; org.hibernate.type.ClassType@3d0f2154
14:27:16.682 [main] DEBUG org.hibernate.type.BasicTypeRegistry - Adding type registration uuid-binary -&gt; org.hibernate.type.UUIDBinaryType@46ebd87a
14:27:16.682 [main] DEBUG org.hibernate.type.BasicTypeRegistry - Adding type registration java.util.UUID -&gt; org.hibernate.type.UUIDBinaryType@46ebd87a
14:27:16.682 [main] DEBUG org.hibernate.type.BasicTypeRegistry - Adding type registration uuid-char -&gt; org.hibernate.type.UUIDCharType@771deee6
14:27:16.682 [main] DEBUG org.hibernate.type.BasicTypeRegistry - Adding type registration pg-uuid -&gt; org.hibernate.type.PostgresUUIDType@adc06b2
14:27:16.682 [main] DEBUG org.hibernate.type.BasicTypeRegistry - Adding type registration binary -&gt; org.hibernate.type.BinaryType@78fc5eb
14:27:16.682 [main] DEBUG org.hibernate.type.BasicTypeRegistry - Adding type registration byte[] -&gt; org.hibernate.type.BinaryType@78fc5eb
14:27:16.682 [main] DEBUG org.hibernate.type.BasicTypeRegistry - Adding type registration [B -&gt; org.hibernate.type.BinaryType@78fc5eb
14:27:16.683 [main] DEBUG org.hibernate.type.BasicTypeRegistry - Adding type registration wrapper-binary -&gt; org.hibernate.type.WrapperBinaryType@6385b07d
14:27:16.683 [main] DEBUG org.hibernate.type.BasicTypeRegistry - Adding type registration Byte[] -&gt; org.hibernate.type.WrapperBinaryType@6385b07d
14:27:16.683 [main] DEBUG org.hibernate.type.BasicTypeRegistry - Adding type registration [Ljava.lang.Byte; -&gt; org.hibernate.type.WrapperBinaryType@6385b07d
14:27:16.683 [main] DEBUG org.hibernate.type.BasicTypeRegistry - Adding type registration image -&gt; org.hibernate.type.ImageType@15c0a8ad
14:27:16.683 [main] DEBUG org.hibernate.type.BasicTypeRegistry - Adding type registration characters -&gt; org.hibernate.type.CharArrayType@60ddad4
14:27:16.684 [main] DEBUG org.hibernate.type.BasicTypeRegistry - Adding type registration char[] -&gt; org.hibernate.type.CharArrayType@60ddad4
14:27:16.684 [main] DEBUG org.hibernate.type.BasicTypeRegistry - Adding type registration [C -&gt; org.hibernate.type.CharArrayType@60ddad4
14:27:16.684 [main] DEBUG org.hibernate.type.BasicTypeRegistry - Adding type registration wrapper-characters -&gt; org.hibernate.type.CharacterArrayType@2181144e
14:27:16.684 [main] DEBUG org.hibernate.type.BasicTypeRegistry - Adding type registration [Ljava.lang.Character; -&gt; org.hibernate.type.CharacterArrayType@2181144e
14:27:16.684 [main] DEBUG org.hibernate.type.BasicTypeRegistry - Adding type registration Character[] -&gt; org.hibernate.type.CharacterArrayType@2181144e
14:27:16.684 [main] DEBUG org.hibernate.type.BasicTypeRegistry - Adding type registration text -&gt; org.hibernate.type.TextType@34dc40d5
14:27:16.684 [main] DEBUG org.hibernate.type.BasicTypeRegistry - Adding type registration ntext -&gt; org.hibernate.type.NTextType@466a5b80
14:27:16.684 [main] DEBUG org.hibernate.type.BasicTypeRegistry - Adding type registration blob -&gt; org.hibernate.type.BlobType@6d598162
14:27:16.684 [main] DEBUG org.hibernate.type.BasicTypeRegistry - Adding type registration java.sql.Blob -&gt; org.hibernate.type.BlobType@6d598162
14:27:16.684 [main] DEBUG org.hibernate.type.BasicTypeRegistry - Adding type registration materialized_blob -&gt; org.hibernate.type.MaterializedBlobType@68ad030d
14:27:16.684 [main] DEBUG org.hibernate.type.BasicTypeRegistry - Adding type registration clob -&gt; org.hibernate.type.ClobType@3a89f2a0
14:27:16.685 [main] DEBUG org.hibernate.type.BasicTypeRegistry - Adding type registration java.sql.Clob -&gt; org.hibernate.type.ClobType@3a89f2a0
14:27:16.685 [main] DEBUG org.hibernate.type.BasicTypeRegistry - Adding type registration nclob -&gt; org.hibernate.type.NClobType@386cc1c4
14:27:16.685 [main] DEBUG org.hibernate.type.BasicTypeRegistry - Adding type registration java.sql.NClob -&gt; org.hibernate.type.NClobType@386cc1c4
14:27:16.685 [main] DEBUG org.hibernate.type.BasicTypeRegistry - Adding type registration materialized_clob -&gt; org.hibernate.type.MaterializedClobType@2e6ca6b5
14:27:16.685 [main] DEBUG org.hibernate.type.BasicTypeRegistry - Adding type registration materialized_nclob -&gt; org.hibernate.type.MaterializedNClobType@41185195
14:27:16.685 [main] DEBUG org.hibernate.type.BasicTypeRegistry - Adding type registration serializable -&gt; org.hibernate.type.SerializableType@63a833c5
14:27:16.685 [main] DEBUG org.hibernate.type.BasicTypeRegistry - Adding type registration object -&gt; org.hibernate.type.ObjectType@78b20c7f
14:27:16.685 [main] DEBUG org.hibernate.type.BasicTypeRegistry - Adding type registration java.lang.Object -&gt; org.hibernate.type.ObjectType@78b20c7f
14:27:16.685 [main] DEBUG org.hibernate.type.BasicTypeRegistry - Adding type registration imm_date -&gt; org.hibernate.type.AdaptedImmutableType@1410873e
14:27:16.685 [main] DEBUG org.hibernate.type.BasicTypeRegistry - Adding type registration imm_time -&gt; org.hibernate.type.AdaptedImmutableType@3da1c5b2
14:27:16.685 [main] DEBUG org.hibernate.type.BasicTypeRegistry - Adding type registration imm_timestamp -&gt; org.hibernate.type.AdaptedImmutableType@74309cd5
14:27:16.685 [main] DEBUG org.hibernate.type.BasicTypeRegistry - Adding type registration imm_dbtimestamp -&gt; org.hibernate.type.AdaptedImmutableType@116c9f30
14:27:16.685 [main] DEBUG org.hibernate.type.BasicTypeRegistry - Adding type registration imm_calendar -&gt; org.hibernate.type.AdaptedImmutableType@155d354
14:27:16.685 [main] DEBUG org.hibernate.type.BasicTypeRegistry - Adding type registration imm_calendar_date -&gt; org.hibernate.type.AdaptedImmutableType@32ea1a99
14:27:16.685 [main] DEBUG org.hibernate.type.BasicTypeRegistry - Adding type registration imm_binary -&gt; org.hibernate.type.AdaptedImmutableType@424cee25
14:27:16.685 [main] DEBUG org.hibernate.type.BasicTypeRegistry - Adding type registration imm_serializable -&gt; org.hibernate.type.AdaptedImmutableType@372c7c43
14:27:16.685 [main] DEBUG o.h.i.f.i.DefaultIdentifierGeneratorFactory - Registering IdentifierGenerator strategy [uuid2] -&gt; [org.hibernate.id.UUIDGenerator]
14:27:16.685 [main] DEBUG o.h.i.f.i.DefaultIdentifierGeneratorFactory - Registering IdentifierGenerator strategy [guid] -&gt; [org.hibernate.id.GUIDGenerator]
14:27:16.685 [main] DEBUG o.h.i.f.i.DefaultIdentifierGeneratorFactory - Registering IdentifierGenerator strategy [uuid] -&gt; [org.hibernate.id.UUIDHexGenerator]
14:27:16.685 [main] DEBUG o.h.i.f.i.DefaultIdentifierGeneratorFactory - Registering IdentifierGenerator strategy [uuid.hex] -&gt; [org.hibernate.id.UUIDHexGenerator]
14:27:16.685 [main] DEBUG o.h.i.f.i.DefaultIdentifierGeneratorFactory - Registering IdentifierGenerator strategy [hilo] -&gt; [org.hibernate.id.TableHiLoGenerator]
14:27:16.685 [main] DEBUG o.h.i.f.i.DefaultIdentifierGeneratorFactory - Registering IdentifierGenerator strategy [assigned] -&gt; [org.hibernate.id.Assigned]
14:27:16.685 [main] DEBUG o.h.i.f.i.DefaultIdentifierGeneratorFactory - Registering IdentifierGenerator strategy [identity] -&gt; [org.hibernate.id.IdentityGenerator]
14:27:16.685 [main] DEBUG o.h.i.f.i.DefaultIdentifierGeneratorFactory - Registering IdentifierGenerator strategy [select] -&gt; [org.hibernate.id.SelectGenerator]
14:27:16.686 [main] DEBUG o.h.i.f.i.DefaultIdentifierGeneratorFactory - Registering IdentifierGenerator strategy [sequence] -&gt; [org.hibernate.id.SequenceGenerator]
14:27:16.686 [main] DEBUG o.h.i.f.i.DefaultIdentifierGeneratorFactory - Registering IdentifierGenerator strategy [seqhilo] -&gt; [org.hibernate.id.SequenceHiLoGenerator]
14:27:16.686 [main] DEBUG o.h.i.f.i.DefaultIdentifierGeneratorFactory - Registering IdentifierGenerator strategy [increment] -&gt; [org.hibernate.id.IncrementGenerator]
14:27:16.686 [main] DEBUG o.h.i.f.i.DefaultIdentifierGeneratorFactory - Registering IdentifierGenerator strategy [foreign] -&gt; [org.hibernate.id.ForeignGenerator]
14:27:16.686 [main] DEBUG o.h.i.f.i.DefaultIdentifierGeneratorFactory - Registering IdentifierGenerator strategy [sequence-identity] -&gt; [org.hibernate.id.SequenceIdentityGenerator]
14:27:16.686 [main] DEBUG o.h.i.f.i.DefaultIdentifierGeneratorFactory - Registering IdentifierGenerator strategy [enhanced-sequence] -&gt; [org.hibernate.id.enhanced.SequenceStyleGenerator]
14:27:16.686 [main] DEBUG o.h.i.f.i.DefaultIdentifierGeneratorFactory - Registering IdentifierGenerator strategy [enhanced-table] -&gt; [org.hibernate.id.enhanced.TableGenerator]
14:27:16.687 [main] DEBUG org.hibernate.cfg.Configuration - Preparing to build session factory with filters : {}
14:27:16.687 [main] INFO  o.h.c.i.C3P0ConnectionProvider - HHH010002: C3P0 using driver: com.mysql.jdbc.Driver at URL: jdbc:mysql://localhost:3306/testmaker
14:27:16.687 [main] INFO  o.h.c.i.C3P0ConnectionProvider - HHH000046: Connection properties: {user=root}
14:27:16.687 [main] INFO  o.h.c.i.C3P0ConnectionProvider - HHH000006: Autocommit mode: false
14:27:16.764 [main] DEBUG o.h.e.jdbc.internal.JdbcServicesImpl - Database -&gt;
       name : MySQL
    version : 5.5.5-10.4.11-MariaDB
      major : 5
      minor : 5
14:27:16.765 [main] DEBUG o.h.e.jdbc.internal.JdbcServicesImpl - Driver -&gt;
       name : MySQL Connector Java
    version : mysql-connector-java-5.1.34 ( Revision: jess.balint@oracle.com-20141014163213-wqbwpf1ok2kvo1om )
      major : 5
      minor : 1
14:27:16.765 [main] DEBUG o.h.e.jdbc.internal.JdbcServicesImpl - JDBC version : 4.0
14:27:16.765 [main] DEBUG o.h.e.j.c.i.StandardRefCursorSupport - Unexpected error trying to gauge level of JDBC REF_CURSOR support : null
14:27:16.769 [main] INFO  org.hibernate.dialect.Dialect - HHH000400: Using dialect: org.hibernate.dialect.MySQL5InnoDBDialect
14:27:16.770 [main] INFO  o.h.e.j.internal.LobCreatorBuilder - HHH000424: Disabling contextual LOB creation as createClob() method threw error : java.lang.reflect.InvocationTargetException
14:27:16.771 [main] DEBUG org.hibernate.cfg.Configuration - Processing hbm.xml files
14:27:16.772 [main] DEBUG org.hibernate.cfg.Configuration - Process annotated classes
14:27:16.772 [main] DEBUG org.hibernate.cfg.AnnotationBinder - Binding entity from annotated class: cn.cstqb.exam.testmaker.entities.PaperQuestion
14:27:16.772 [main] DEBUG org.hibernate.cfg.Ejb3Column - Binding column: Ejb3DiscriminatorColumn{logicalColumnName&apos;DTYPE&apos;, discriminatorTypeName=&apos;string&apos;}
14:27:16.772 [main] DEBUG o.h.cfg.annotations.EntityBinder - Import with entity name PaperQuestion
14:27:16.772 [main] DEBUG o.h.cfg.annotations.EntityBinder - Bind entity cn.cstqb.exam.testmaker.entities.PaperQuestion on table paper_question
14:27:16.773 [main] DEBUG org.hibernate.cfg.Ejb3Column - Binding column: Ejb3Column{table=org.hibernate.mapping.Table(paper_question), mappingColumn=id, insertable=true, updatable=false, unique=false}
14:27:16.774 [main] DEBUG o.h.cfg.annotations.PropertyBinder - MetadataSourceProcessor property id with lazy=false
14:27:16.774 [main] DEBUG o.h.cfg.AbstractPropertyHolder - Attempting to locate auto-apply AttributeConverter for property [cn.cstqb.exam.testmaker.entities.PaperQuestion:id]
14:27:16.774 [main] DEBUG o.h.c.annotations.SimpleValueBinder - building SimpleValue for id
14:27:16.774 [main] DEBUG o.h.cfg.annotations.PropertyBinder - Building property id
14:27:16.775 [main] DEBUG org.hibernate.cfg.Ejb3Column - Binding column: Ejb3Column{table=org.hibernate.mapping.Table(paper_question), mappingColumn=created_on, insertable=true, updatable=false, unique=false}
14:27:16.775 [main] DEBUG o.h.cfg.annotations.PropertyBinder - MetadataSourceProcessor property createdOn with lazy=false
14:27:16.775 [main] DEBUG o.h.cfg.AbstractPropertyHolder - Attempting to locate auto-apply AttributeConverter for property [cn.cstqb.exam.testmaker.entities.PaperQuestion:createdOn]
14:27:16.775 [main] DEBUG o.h.c.annotations.SimpleValueBinder - building SimpleValue for createdOn
14:27:16.775 [main] DEBUG o.h.cfg.annotations.PropertyBinder - Building property createdOn
14:27:16.775 [main] DEBUG org.hibernate.cfg.Ejb3Column - Binding column: Ejb3Column{table=org.hibernate.mapping.Table(paper_question), mappingColumn=updated_on, insertable=true, updatable=true, unique=false}
14:27:16.775 [main] DEBUG o.h.cfg.annotations.PropertyBinder - MetadataSourceProcessor property updatedOn with lazy=false
14:27:16.775 [main] DEBUG o.h.cfg.AbstractPropertyHolder - Attempting to locate auto-apply AttributeConverter for property [cn.cstqb.exam.testmaker.entities.PaperQuestion:updatedOn]
14:27:16.776 [main] DEBUG o.h.c.annotations.SimpleValueBinder - building SimpleValue for updatedOn
14:27:16.776 [main] DEBUG o.h.cfg.annotations.PropertyBinder - Building property updatedOn
14:27:16.776 [main] DEBUG org.hibernate.cfg.Ejb3Column - Binding column: Ejb3JoinColumn{logicalColumnName=&apos;paper_id&apos;, referencedColumn=&apos;&apos;, mappedBy=&apos;&apos;}
14:27:16.776 [main] DEBUG org.hibernate.cfg.Ejb3Column - Binding column: Ejb3Column{table=org.hibernate.mapping.Table(paper_question), mappingColumn=paper, insertable=true, updatable=true, unique=false}
14:27:16.776 [main] DEBUG o.h.cfg.annotations.PropertyBinder - Building property paper
14:27:16.776 [main] DEBUG org.hibernate.cfg.Ejb3Column - Binding column: Ejb3JoinColumn{logicalColumnName=&apos;paper_question_id&apos;, referencedColumn=&apos;&apos;, mappedBy=&apos;&apos;}
14:27:16.777 [main] DEBUG org.hibernate.cfg.Ejb3Column - Binding column: Ejb3Column{table=org.hibernate.mapping.Table(paper_question), mappingColumn=question, insertable=true, updatable=true, unique=false}
14:27:16.777 [main] DEBUG o.h.cfg.annotations.PropertyBinder - Building property question
14:27:16.778 [main] DEBUG org.hibernate.cfg.AnnotationBinder - Binding entity from annotated class: cn.cstqb.exam.testmaker.entities.ProjectStatus
14:27:16.778 [main] DEBUG org.hibernate.cfg.Ejb3Column - Binding column: Ejb3DiscriminatorColumn{logicalColumnName&apos;DTYPE&apos;, discriminatorTypeName=&apos;string&apos;}
14:27:16.778 [main] DEBUG o.h.cfg.annotations.EntityBinder - Import with entity name ProjectStatus
14:27:16.778 [main] DEBUG o.h.cfg.annotations.EntityBinder - Bind entity cn.cstqb.exam.testmaker.entities.ProjectStatus on table project_status
14:27:16.778 [main] DEBUG org.hibernate.cfg.Ejb3Column - Binding column: Ejb3Column{table=org.hibernate.mapping.Table(project_status), mappingColumn=id, insertable=true, updatable=false, unique=false}
14:27:16.778 [main] DEBUG o.h.cfg.annotations.PropertyBinder - MetadataSourceProcessor property id with lazy=false
14:27:16.778 [main] DEBUG o.h.cfg.AbstractPropertyHolder - Attempting to locate auto-apply AttributeConverter for property [cn.cstqb.exam.testmaker.entities.ProjectStatus:id]
14:27:16.778 [main] DEBUG o.h.c.annotations.SimpleValueBinder - building SimpleValue for id
14:27:16.779 [main] DEBUG o.h.cfg.annotations.PropertyBinder - Building property id
14:27:16.779 [main] DEBUG org.hibernate.cfg.Ejb3Column - Binding column: Ejb3Column{table=org.hibernate.mapping.Table(project_status), mappingColumn=created_on, insertable=true, updatable=false, unique=false}
14:27:16.779 [main] DEBUG o.h.cfg.annotations.PropertyBinder - MetadataSourceProcessor property createdOn with lazy=false
14:27:16.779 [main] DEBUG o.h.cfg.AbstractPropertyHolder - Attempting to locate auto-apply AttributeConverter for property [cn.cstqb.exam.testmaker.entities.ProjectStatus:createdOn]
14:27:16.779 [main] DEBUG o.h.c.annotations.SimpleValueBinder - building SimpleValue for createdOn
14:27:16.779 [main] DEBUG o.h.cfg.annotations.PropertyBinder - Building property createdOn
14:27:16.779 [main] DEBUG org.hibernate.cfg.Ejb3Column - Binding column: Ejb3Column{table=org.hibernate.mapping.Table(project_status), mappingColumn=updated_on, insertable=true, updatable=true, unique=false}
14:27:16.779 [main] DEBUG o.h.cfg.annotations.PropertyBinder - MetadataSourceProcessor property updatedOn with lazy=false
14:27:16.779 [main] DEBUG o.h.cfg.AbstractPropertyHolder - Attempting to locate auto-apply AttributeConverter for property [cn.cstqb.exam.testmaker.entities.ProjectStatus:updatedOn]
14:27:16.779 [main] DEBUG o.h.c.annotations.SimpleValueBinder - building SimpleValue for updatedOn
14:27:16.780 [main] DEBUG o.h.cfg.annotations.PropertyBinder - Building property updatedOn
14:27:16.780 [main] DEBUG org.hibernate.cfg.Ejb3Column - Binding column: Ejb3Column{table=org.hibernate.mapping.Table(project_status), mappingColumn=is_finish, insertable=true, updatable=true, unique=false}
14:27:16.780 [main] DEBUG o.h.cfg.annotations.PropertyBinder - MetadataSourceProcessor property isFinish with lazy=false
14:27:16.780 [main] DEBUG o.h.cfg.AbstractPropertyHolder - Attempting to locate auto-apply AttributeConverter for property [cn.cstqb.exam.testmaker.entities.ProjectStatus:isFinish]
14:27:16.780 [main] DEBUG o.h.c.annotations.SimpleValueBinder - building SimpleValue for isFinish
14:27:16.780 [main] DEBUG o.h.cfg.annotations.PropertyBinder - Building property isFinish
14:27:16.780 [main] DEBUG org.hibernate.cfg.Ejb3Column - Binding column: Ejb3Column{table=org.hibernate.mapping.Table(project_status), mappingColumn=is_start, insertable=true, updatable=true, unique=false}
14:27:16.780 [main] DEBUG o.h.cfg.annotations.PropertyBinder - MetadataSourceProcessor property isStart with lazy=false
14:27:16.780 [main] DEBUG o.h.cfg.AbstractPropertyHolder - Attempting to locate auto-apply AttributeConverter for property [cn.cstqb.exam.testmaker.entities.ProjectStatus:isStart]
14:27:16.780 [main] DEBUG o.h.c.annotations.SimpleValueBinder - building SimpleValue for isStart
14:27:16.780 [main] DEBUG o.h.cfg.annotations.PropertyBinder - Building property isStart
14:27:16.780 [main] DEBUG org.hibernate.cfg.Ejb3Column - Binding column: Ejb3Column{table=org.hibernate.mapping.Table(project_status), mappingColumn=name, insertable=true, updatable=true, unique=true}
14:27:16.781 [main] DEBUG o.h.cfg.annotations.PropertyBinder - MetadataSourceProcessor property name with lazy=false
14:27:16.781 [main] DEBUG o.h.cfg.AbstractPropertyHolder - Attempting to locate auto-apply AttributeConverter for property [cn.cstqb.exam.testmaker.entities.ProjectStatus:name]
14:27:16.781 [main] DEBUG o.h.c.annotations.SimpleValueBinder - building SimpleValue for name
14:27:16.781 [main] DEBUG o.h.cfg.annotations.PropertyBinder - Building property name
14:27:16.782 [main] DEBUG org.hibernate.cfg.AnnotationBinder - Binding entity from annotated class: cn.cstqb.exam.testmaker.entities.ReviewAssessment
14:27:16.782 [main] DEBUG org.hibernate.cfg.Ejb3Column - Binding column: Ejb3DiscriminatorColumn{logicalColumnName&apos;DTYPE&apos;, discriminatorTypeName=&apos;string&apos;}
14:27:16.782 [main] DEBUG o.h.cfg.annotations.EntityBinder - Import with entity name ReviewAssessment
14:27:16.782 [main] DEBUG o.h.cfg.annotations.EntityBinder - Bind entity cn.cstqb.exam.testmaker.entities.ReviewAssessment on table review_assessment
14:27:16.783 [main] DEBUG org.hibernate.cfg.Ejb3Column - Binding column: Ejb3Column{table=org.hibernate.mapping.Table(review_assessment), mappingColumn=id, insertable=true, updatable=false, unique=false}
14:27:16.783 [main] DEBUG o.h.cfg.annotations.PropertyBinder - MetadataSourceProcessor property id with lazy=false
14:27:16.783 [main] DEBUG o.h.cfg.AbstractPropertyHolder - Attempting to locate auto-apply AttributeConverter for property [cn.cstqb.exam.testmaker.entities.ReviewAssessment:id]
14:27:16.783 [main] DEBUG o.h.c.annotations.SimpleValueBinder - building SimpleValue for id
14:27:16.783 [main] DEBUG o.h.cfg.annotations.PropertyBinder - Building property id
14:27:16.783 [main] DEBUG org.hibernate.cfg.Ejb3Column - Binding column: Ejb3Column{table=org.hibernate.mapping.Table(review_assessment), mappingColumn=created_on, insertable=true, updatable=false, unique=false}
14:27:16.783 [main] DEBUG o.h.cfg.annotations.PropertyBinder - MetadataSourceProcessor property createdOn with lazy=false
14:27:16.783 [main] DEBUG o.h.cfg.AbstractPropertyHolder - Attempting to locate auto-apply AttributeConverter for property [cn.cstqb.exam.testmaker.entities.ReviewAssessment:createdOn]
14:27:16.783 [main] DEBUG o.h.c.annotations.SimpleValueBinder - building SimpleValue for createdOn
14:27:16.783 [main] DEBUG o.h.cfg.annotations.PropertyBinder - Building property createdOn
14:27:16.784 [main] DEBUG org.hibernate.cfg.Ejb3Column - Binding column: Ejb3Column{table=org.hibernate.mapping.Table(review_assessment), mappingColumn=updated_on, insertable=true, updatable=true, unique=false}
14:27:16.784 [main] DEBUG o.h.cfg.annotations.PropertyBinder - MetadataSourceProcessor property updatedOn with lazy=false
14:27:16.784 [main] DEBUG o.h.cfg.AbstractPropertyHolder - Attempting to locate auto-apply AttributeConverter for property [cn.cstqb.exam.testmaker.entities.ReviewAssessment:updatedOn]
14:27:16.784 [main] DEBUG o.h.c.annotations.SimpleValueBinder - building SimpleValue for updatedOn
14:27:16.784 [main] DEBUG o.h.cfg.annotations.PropertyBinder - Building property updatedOn
14:27:16.784 [main] DEBUG org.hibernate.cfg.Ejb3Column - Binding column: Ejb3Column{table=org.hibernate.mapping.Table(review_assessment), mappingColumn=name, insertable=true, updatable=true, unique=true}
14:27:16.784 [main] DEBUG o.h.cfg.annotations.PropertyBinder - MetadataSourceProcessor property name with lazy=false
14:27:16.784 [main] DEBUG o.h.cfg.AbstractPropertyHolder - Attempting to locate auto-apply AttributeConverter for property [cn.cstqb.exam.testmaker.entities.ReviewAssessment:name]
14:27:16.784 [main] DEBUG o.h.c.annotations.SimpleValueBinder - building SimpleValue for name
14:27:16.784 [main] DEBUG o.h.cfg.annotations.PropertyBinder - Building property name
14:27:16.785 [main] DEBUG org.hibernate.cfg.AnnotationBinder - Binding entity from annotated class: cn.cstqb.exam.testmaker.entities.QuestionType
14:27:16.785 [main] DEBUG org.hibernate.cfg.Ejb3Column - Binding column: Ejb3DiscriminatorColumn{logicalColumnName&apos;DTYPE&apos;, discriminatorTypeName=&apos;string&apos;}
14:27:16.785 [main] DEBUG o.h.cfg.annotations.EntityBinder - Import with entity name QuestionType
14:27:16.785 [main] DEBUG o.h.cfg.annotations.EntityBinder - Bind entity cn.cstqb.exam.testmaker.entities.QuestionType on table question_type
14:27:16.786 [main] DEBUG org.hibernate.cfg.Ejb3Column - Binding column: Ejb3Column{table=org.hibernate.mapping.Table(question_type), mappingColumn=id, insertable=true, updatable=false, unique=false}
14:27:16.786 [main] DEBUG o.h.cfg.annotations.PropertyBinder - MetadataSourceProcessor property id with lazy=false
14:27:16.786 [main] DEBUG o.h.cfg.AbstractPropertyHolder - Attempting to locate auto-apply AttributeConverter for property [cn.cstqb.exam.testmaker.entities.QuestionType:id]
14:27:16.786 [main] DEBUG o.h.c.annotations.SimpleValueBinder - building SimpleValue for id
14:27:16.786 [main] DEBUG o.h.cfg.annotations.PropertyBinder - Building property id
14:27:16.786 [main] DEBUG org.hibernate.cfg.Ejb3Column - Binding column: Ejb3Column{table=org.hibernate.mapping.Table(question_type), mappingColumn=created_on, insertable=true, updatable=false, unique=false}
14:27:16.786 [main] DEBUG o.h.cfg.annotations.PropertyBinder - MetadataSourceProcessor property createdOn with lazy=false
14:27:16.786 [main] DEBUG o.h.cfg.AbstractPropertyHolder - Attempting to locate auto-apply AttributeConverter for property [cn.cstqb.exam.testmaker.entities.QuestionType:createdOn]
14:27:16.786 [main] DEBUG o.h.c.annotations.SimpleValueBinder - building SimpleValue for createdOn
14:27:16.786 [main] DEBUG o.h.cfg.annotations.PropertyBinder - Building property createdOn
14:27:16.787 [main] DEBUG org.hibernate.cfg.Ejb3Column - Binding column: Ejb3Column{table=org.hibernate.mapping.Table(question_type), mappingColumn=updated_on, insertable=true, updatable=true, unique=false}
14:27:16.787 [main] DEBUG o.h.cfg.annotations.PropertyBinder - MetadataSourceProcessor property updatedOn with lazy=false
14:27:16.787 [main] DEBUG o.h.cfg.AbstractPropertyHolder - Attempting to locate auto-apply AttributeConverter for property [cn.cstqb.exam.testmaker.entities.QuestionType:updatedOn]
14:27:16.787 [main] DEBUG o.h.c.annotations.SimpleValueBinder - building SimpleValue for updatedOn
14:27:16.787 [main] DEBUG o.h.cfg.annotations.PropertyBinder - Building property updatedOn
14:27:16.787 [main] DEBUG org.hibernate.cfg.Ejb3Column - Binding column: Ejb3Column{table=org.hibernate.mapping.Table(question_type), mappingColumn=name, insertable=true, updatable=true, unique=true}
14:27:16.787 [main] DEBUG o.h.cfg.annotations.PropertyBinder - MetadataSourceProcessor property name with lazy=false
14:27:16.787 [main] DEBUG o.h.cfg.AbstractPropertyHolder - Attempting to locate auto-apply AttributeConverter for property [cn.cstqb.exam.testmaker.entities.QuestionType:name]
14:27:16.787 [main] DEBUG o.h.c.annotations.SimpleValueBinder - building SimpleValue for name
14:27:16.787 [main] DEBUG o.h.cfg.annotations.PropertyBinder - Building property name
14:27:16.788 [main] DEBUG org.hibernate.cfg.AnnotationBinder - Binding entity from annotated class: cn.cstqb.exam.testmaker.entities.User
14:27:16.788 [main] DEBUG o.h.cfg.annotations.QueryBinder - Binding named query: User.findByUserName =&gt; SELECT u from User u where u.username = :username
14:27:16.788 [main] DEBUG org.hibernate.cfg.Ejb3Column - Binding column: Ejb3DiscriminatorColumn{logicalColumnName&apos;DTYPE&apos;, discriminatorTypeName=&apos;string&apos;}
14:27:16.788 [main] DEBUG o.h.cfg.annotations.EntityBinder - Import with entity name User
14:27:16.788 [main] DEBUG o.h.cfg.annotations.EntityBinder - Bind entity cn.cstqb.exam.testmaker.entities.User on table user
14:27:16.789 [main] DEBUG org.hibernate.cfg.Ejb3Column - Binding column: Ejb3Column{table=org.hibernate.mapping.Table(user), mappingColumn=id, insertable=true, updatable=false, unique=false}
14:27:16.789 [main] DEBUG o.h.cfg.annotations.PropertyBinder - MetadataSourceProcessor property id with lazy=false
14:27:16.789 [main] DEBUG o.h.cfg.AbstractPropertyHolder - Attempting to locate auto-apply AttributeConverter for property [cn.cstqb.exam.testmaker.entities.User:id]
14:27:16.789 [main] DEBUG o.h.c.annotations.SimpleValueBinder - building SimpleValue for id
14:27:16.789 [main] DEBUG o.h.cfg.annotations.PropertyBinder - Building property id
14:27:16.790 [main] DEBUG org.hibernate.cfg.Ejb3Column - Binding column: Ejb3Column{table=org.hibernate.mapping.Table(user), mappingColumn=created_on, insertable=true, updatable=false, unique=false}
14:27:16.790 [main] DEBUG o.h.cfg.annotations.PropertyBinder - MetadataSourceProcessor property createdOn with lazy=false
14:27:16.790 [main] DEBUG o.h.cfg.AbstractPropertyHolder - Attempting to locate auto-apply AttributeConverter for property [cn.cstqb.exam.testmaker.entities.User:createdOn]
14:27:16.790 [main] DEBUG o.h.c.annotations.SimpleValueBinder - building SimpleValue for createdOn
14:27:16.790 [main] DEBUG o.h.cfg.annotations.PropertyBinder - Building property createdOn
14:27:16.790 [main] DEBUG org.hibernate.cfg.Ejb3Column - Binding column: Ejb3Column{table=org.hibernate.mapping.Table(user), mappingColumn=updated_on, insertable=true, updatable=true, unique=false}
14:27:16.790 [main] DEBUG o.h.cfg.annotations.PropertyBinder - MetadataSourceProcessor property updatedOn with lazy=false
14:27:16.790 [main] DEBUG o.h.cfg.AbstractPropertyHolder - Attempting to locate auto-apply AttributeConverter for property [cn.cstqb.exam.testmaker.entities.User:updatedOn]
14:27:16.790 [main] DEBUG o.h.c.annotations.SimpleValueBinder - building SimpleValue for updatedOn
14:27:16.790 [main] DEBUG o.h.cfg.annotations.PropertyBinder - Building property updatedOn
14:27:16.790 [main] DEBUG org.hibernate.cfg.Ejb3Column - Binding column: Ejb3Column{table=org.hibernate.mapping.Table(user), mappingColumn=email, insertable=true, updatable=true, unique=true}
14:27:16.790 [main] DEBUG o.h.cfg.annotations.PropertyBinder - MetadataSourceProcessor property email with lazy=false
14:27:16.791 [main] DEBUG o.h.cfg.AbstractPropertyHolder - Attempting to locate auto-apply AttributeConverter for property [cn.cstqb.exam.testmaker.entities.User:email]
14:27:16.791 [main] DEBUG o.h.c.annotations.SimpleValueBinder - building SimpleValue for email
14:27:16.791 [main] DEBUG o.h.cfg.annotations.PropertyBinder - Building property email
14:27:16.791 [main] DEBUG org.hibernate.cfg.Ejb3Column - Binding column: Ejb3Column{table=org.hibernate.mapping.Table(user), mappingColumn=enabled, insertable=true, updatable=true, unique=false}
14:27:16.791 [main] DEBUG o.h.cfg.annotations.PropertyBinder - MetadataSourceProcessor property enabled with lazy=false
14:27:16.791 [main] DEBUG o.h.cfg.AbstractPropertyHolder - Attempting to locate auto-apply AttributeConverter for property [cn.cstqb.exam.testmaker.entities.User:enabled]
14:27:16.791 [main] DEBUG o.h.c.annotations.SimpleValueBinder - building SimpleValue for enabled
14:27:16.791 [main] DEBUG o.h.cfg.annotations.PropertyBinder - Building property enabled
14:27:16.792 [main] DEBUG org.hibernate.cfg.Ejb3Column - Binding column: Ejb3Column{table=org.hibernate.mapping.Table(user), mappingColumn=full_name, insertable=true, updatable=true, unique=false}
14:27:16.792 [main] DEBUG o.h.cfg.annotations.PropertyBinder - MetadataSourceProcessor property fullName with lazy=false
14:27:16.792 [main] DEBUG o.h.cfg.AbstractPropertyHolder - Attempting to locate auto-apply AttributeConverter for property [cn.cstqb.exam.testmaker.entities.User:fullName]
14:27:16.792 [main] DEBUG o.h.c.annotations.SimpleValueBinder - building SimpleValue for fullName
14:27:16.792 [main] DEBUG o.h.cfg.annotations.PropertyBinder - Building property fullName
14:27:16.792 [main] DEBUG org.hibernate.cfg.Ejb3Column - Binding column: Ejb3Column{table=org.hibernate.mapping.Table(user), mappingColumn=is_admin, insertable=true, updatable=true, unique=false}
14:27:16.792 [main] DEBUG o.h.cfg.annotations.PropertyBinder - MetadataSourceProcessor property isAdmin with lazy=false
14:27:16.792 [main] DEBUG o.h.cfg.AbstractPropertyHolder - Attempting to locate auto-apply AttributeConverter for property [cn.cstqb.exam.testmaker.entities.User:isAdmin]
14:27:16.792 [main] DEBUG o.h.c.annotations.SimpleValueBinder - building SimpleValue for isAdmin
14:27:16.792 [main] DEBUG o.h.cfg.annotations.PropertyBinder - Building property isAdmin
14:27:16.792 [main] DEBUG org.hibernate.cfg.Ejb3Column - Binding column: Ejb3Column{table=org.hibernate.mapping.Table(user), mappingColumn=last_login, insertable=true, updatable=true, unique=false}
14:27:16.792 [main] DEBUG o.h.cfg.annotations.PropertyBinder - MetadataSourceProcessor property lastLogin with lazy=false
14:27:16.792 [main] DEBUG o.h.cfg.AbstractPropertyHolder - Attempting to locate auto-apply AttributeConverter for property [cn.cstqb.exam.testmaker.entities.User:lastLogin]
14:27:16.792 [main] DEBUG o.h.c.annotations.SimpleValueBinder - building SimpleValue for lastLogin
14:27:16.793 [main] DEBUG o.h.cfg.annotations.PropertyBinder - Building property lastLogin
14:27:16.793 [main] DEBUG org.hibernate.cfg.Ejb3Column - Binding column: Ejb3Column{table=org.hibernate.mapping.Table(user), mappingColumn=login_count, insertable=true, updatable=true, unique=false}
14:27:16.793 [main] DEBUG o.h.cfg.annotations.PropertyBinder - MetadataSourceProcessor property loginCount with lazy=false
14:27:16.793 [main] DEBUG o.h.cfg.AbstractPropertyHolder - Attempting to locate auto-apply AttributeConverter for property [cn.cstqb.exam.testmaker.entities.User:loginCount]
14:27:16.793 [main] DEBUG o.h.c.annotations.SimpleValueBinder - building SimpleValue for loginCount
14:27:16.793 [main] DEBUG o.h.cfg.annotations.PropertyBinder - Building property loginCount
14:27:16.793 [main] DEBUG org.hibernate.cfg.Ejb3Column - Binding column: Ejb3Column{table=org.hibernate.mapping.Table(user), mappingColumn=password, insertable=true, updatable=true, unique=false}
14:27:16.793 [main] DEBUG o.h.cfg.annotations.PropertyBinder - MetadataSourceProcessor property password with lazy=false
14:27:16.793 [main] DEBUG o.h.cfg.AbstractPropertyHolder - Attempting to locate auto-apply AttributeConverter for property [cn.cstqb.exam.testmaker.entities.User:password]
14:27:16.793 [main] DEBUG o.h.c.annotations.SimpleValueBinder - building SimpleValue for password
14:27:16.793 [main] DEBUG o.h.cfg.annotations.PropertyBinder - Building property password
14:27:16.793 [main] DEBUG org.hibernate.cfg.Ejb3Column - Binding column: Ejb3Column{table=org.hibernate.mapping.Table(user), mappingColumn=phone, insertable=true, updatable=true, unique=false}
14:27:16.793 [main] DEBUG o.h.cfg.annotations.PropertyBinder - MetadataSourceProcessor property phone with lazy=false
14:27:16.793 [main] DEBUG o.h.cfg.AbstractPropertyHolder - Attempting to locate auto-apply AttributeConverter for property [cn.cstqb.exam.testmaker.entities.User:phone]
14:27:16.794 [main] DEBUG o.h.c.annotations.SimpleValueBinder - building SimpleValue for phone
14:27:16.794 [main] DEBUG o.h.cfg.annotations.PropertyBinder - Building property phone
14:27:16.794 [main] DEBUG org.hibernate.cfg.Ejb3Column - Binding column: Ejb3Column{table=org.hibernate.mapping.Table(user), mappingColumn=null, insertable=true, updatable=true, unique=false}
14:27:16.794 [main] DEBUG org.hibernate.cfg.Ejb3Column - Binding column: Ejb3Column{table=org.hibernate.mapping.Table(user), mappingColumn=element, insertable=true, updatable=true, unique=false}
14:27:16.794 [main] DEBUG org.hibernate.cfg.Ejb3Column - Binding column: Ejb3Column{table=org.hibernate.mapping.Table(user), mappingColumn=projects_key, insertable=true, updatable=true, unique=false}
14:27:16.794 [main] DEBUG org.hibernate.cfg.Ejb3Column - Binding column: Ejb3JoinColumn{logicalColumnName=&apos;projects_KEY&apos;, referencedColumn=&apos;null&apos;, mappedBy=&apos;null&apos;}
14:27:16.794 [main] DEBUG org.hibernate.cfg.Ejb3Column - Binding column: Ejb3JoinColumn{logicalColumnName=&apos;null&apos;, referencedColumn=&apos;null&apos;, mappedBy=&apos;users&apos;}
14:27:16.795 [main] DEBUG org.hibernate.cfg.Ejb3Column - Binding column: Ejb3JoinColumn{logicalColumnName=&apos;null&apos;, referencedColumn=&apos;null&apos;, mappedBy=&apos;users&apos;}
14:27:16.795 [main] DEBUG o.h.cfg.annotations.CollectionBinder - Collection role: cn.cstqb.exam.testmaker.entities.User.projects
14:27:16.795 [main] DEBUG o.h.cfg.annotations.PropertyBinder - Building property projects
14:27:16.795 [main] DEBUG org.hibernate.cfg.Ejb3Column - Binding column: Ejb3Column{table=org.hibernate.mapping.Table(user), mappingColumn=username, insertable=true, updatable=false, unique=true}
14:27:16.795 [main] DEBUG o.h.cfg.annotations.PropertyBinder - MetadataSourceProcessor property username with lazy=false
14:27:16.795 [main] DEBUG o.h.cfg.AbstractPropertyHolder - Attempting to locate auto-apply AttributeConverter for property [cn.cstqb.exam.testmaker.entities.User:username]
14:27:16.795 [main] DEBUG o.h.c.annotations.SimpleValueBinder - building SimpleValue for username
14:27:16.795 [main] DEBUG o.h.cfg.annotations.PropertyBinder - Building property username
14:27:16.796 [main] DEBUG org.hibernate.cfg.AnnotationBinder - Binding entity from annotated class: cn.cstqb.exam.testmaker.entities.Chapter
14:27:16.796 [main] DEBUG org.hibernate.cfg.Ejb3Column - Binding column: Ejb3DiscriminatorColumn{logicalColumnName&apos;DTYPE&apos;, discriminatorTypeName=&apos;string&apos;}
14:27:16.796 [main] DEBUG o.h.cfg.annotations.EntityBinder - Import with entity name Chapter
14:27:16.796 [main] DEBUG o.h.cfg.annotations.EntityBinder - Bind entity cn.cstqb.exam.testmaker.entities.Chapter on table chapter
14:27:16.797 [main] DEBUG org.hibernate.cfg.Ejb3Column - Binding column: Ejb3Column{table=org.hibernate.mapping.Table(chapter), mappingColumn=id, insertable=true, updatable=false, unique=false}
14:27:16.797 [main] DEBUG o.h.cfg.annotations.PropertyBinder - MetadataSourceProcessor property id with lazy=false
14:27:16.797 [main] DEBUG o.h.cfg.AbstractPropertyHolder - Attempting to locate auto-apply AttributeConverter for property [cn.cstqb.exam.testmaker.entities.Chapter:id]
14:27:16.797 [main] DEBUG o.h.c.annotations.SimpleValueBinder - building SimpleValue for id
14:27:16.797 [main] DEBUG o.h.cfg.annotations.PropertyBinder - Building property id
14:27:16.798 [main] DEBUG org.hibernate.cfg.Ejb3Column - Binding column: Ejb3Column{table=org.hibernate.mapping.Table(chapter), mappingColumn=created_on, insertable=true, updatable=false, unique=false}
14:27:16.798 [main] DEBUG o.h.cfg.annotations.PropertyBinder - MetadataSourceProcessor property createdOn with lazy=false
14:27:16.798 [main] DEBUG o.h.cfg.AbstractPropertyHolder - Attempting to locate auto-apply AttributeConverter for property [cn.cstqb.exam.testmaker.entities.Chapter:createdOn]
14:27:16.798 [main] DEBUG o.h.c.annotations.SimpleValueBinder - building SimpleValue for createdOn
14:27:16.798 [main] DEBUG o.h.cfg.annotations.PropertyBinder - Building property createdOn
14:27:16.798 [main] DEBUG org.hibernate.cfg.Ejb3Column - Binding column: Ejb3Column{table=org.hibernate.mapping.Table(chapter), mappingColumn=updated_on, insertable=true, updatable=true, unique=false}
14:27:16.798 [main] DEBUG o.h.cfg.annotations.PropertyBinder - MetadataSourceProcessor property updatedOn with lazy=false
14:27:16.798 [main] DEBUG o.h.cfg.AbstractPropertyHolder - Attempting to locate auto-apply AttributeConverter for property [cn.cstqb.exam.testmaker.entities.Chapter:updatedOn]
14:27:16.798 [main] DEBUG o.h.c.annotations.SimpleValueBinder - building SimpleValue for updatedOn
14:27:16.799 [main] DEBUG o.h.cfg.annotations.PropertyBinder - Building property updatedOn
14:27:16.799 [main] DEBUG org.hibernate.cfg.Ejb3Column - Binding column: Ejb3Column{table=org.hibernate.mapping.Table(chapter), mappingColumn=number, insertable=true, updatable=true, unique=false}
14:27:16.799 [main] DEBUG o.h.cfg.annotations.PropertyBinder - MetadataSourceProcessor property number with lazy=false
14:27:16.799 [main] DEBUG o.h.cfg.AbstractPropertyHolder - Attempting to locate auto-apply AttributeConverter for property [cn.cstqb.exam.testmaker.entities.Chapter:number]
14:27:16.799 [main] DEBUG o.h.c.annotations.SimpleValueBinder - building SimpleValue for number
14:27:16.799 [main] DEBUG o.h.cfg.annotations.PropertyBinder - Building property number
14:27:16.799 [main] DEBUG org.hibernate.cfg.Ejb3Column - Binding column: Ejb3JoinColumn{logicalColumnName=&apos;null&apos;, referencedColumn=&apos;null&apos;, mappedBy=&apos;chapter&apos;}
14:27:16.800 [main] DEBUG org.hibernate.cfg.Ejb3Column - Binding column: Ejb3Column{table=org.hibernate.mapping.Table(chapter), mappingColumn=points, insertable=true, updatable=true, unique=false}
14:27:16.800 [main] DEBUG org.hibernate.cfg.Ejb3Column - Binding column: Ejb3Column{table=org.hibernate.mapping.Table(chapter), mappingColumn=null, insertable=true, updatable=true, unique=false}
14:27:16.800 [main] DEBUG org.hibernate.cfg.Ejb3Column - Binding column: Ejb3Column{table=org.hibernate.mapping.Table(chapter), mappingColumn=element, insertable=true, updatable=true, unique=false}
14:27:16.800 [main] DEBUG org.hibernate.cfg.Ejb3Column - Binding column: Ejb3Column{table=org.hibernate.mapping.Table(chapter), mappingColumn=points_key, insertable=true, updatable=true, unique=false}
14:27:16.800 [main] DEBUG org.hibernate.cfg.Ejb3Column - Binding column: Ejb3JoinColumn{logicalColumnName=&apos;points_KEY&apos;, referencedColumn=&apos;null&apos;, mappedBy=&apos;null&apos;}
14:27:16.800 [main] DEBUG org.hibernate.cfg.Ejb3Column - Binding column: Ejb3JoinColumn{logicalColumnName=&apos;null&apos;, referencedColumn=&apos;null&apos;, mappedBy=&apos;chapter&apos;}
14:27:16.800 [main] DEBUG org.hibernate.cfg.Ejb3Column - Binding column: Ejb3JoinColumn{logicalColumnName=&apos;null&apos;, referencedColumn=&apos;null&apos;, mappedBy=&apos;chapter&apos;}
14:27:16.800 [main] DEBUG o.h.cfg.annotations.CollectionBinder - Collection role: cn.cstqb.exam.testmaker.entities.Chapter.points
14:27:16.800 [main] DEBUG o.h.cfg.annotations.PropertyBinder - Building property points
14:27:16.801 [main] DEBUG org.hibernate.cfg.Ejb3Column - Binding column: Ejb3JoinColumn{logicalColumnName=&apos;syllabus_id&apos;, referencedColumn=&apos;&apos;, mappedBy=&apos;&apos;}
14:27:16.801 [main] DEBUG org.hibernate.cfg.Ejb3Column - Binding column: Ejb3Column{table=org.hibernate.mapping.Table(chapter), mappingColumn=syllabus, insertable=true, updatable=true, unique=false}
14:27:16.801 [main] DEBUG o.h.cfg.annotations.PropertyBinder - Building property syllabus
14:27:16.801 [main] DEBUG org.hibernate.cfg.Ejb3Column - Binding column: Ejb3Column{table=org.hibernate.mapping.Table(chapter), mappingColumn=title, insertable=true, updatable=true, unique=false}
14:27:16.801 [main] DEBUG o.h.cfg.annotations.PropertyBinder - MetadataSourceProcessor property title with lazy=false
14:27:16.801 [main] DEBUG o.h.cfg.AbstractPropertyHolder - Attempting to locate auto-apply AttributeConverter for property [cn.cstqb.exam.testmaker.entities.Chapter:title]
14:27:16.801 [main] DEBUG o.h.c.annotations.SimpleValueBinder - building SimpleValue for title
14:27:16.801 [main] DEBUG o.h.cfg.annotations.PropertyBinder - Building property title
14:27:16.802 [main] DEBUG org.hibernate.cfg.AnnotationBinder - Binding entity from annotated class: cn.cstqb.exam.testmaker.entities.QuestionChoiceImage
14:27:16.802 [main] DEBUG org.hibernate.cfg.Ejb3Column - Binding column: Ejb3DiscriminatorColumn{logicalColumnName&apos;DTYPE&apos;, discriminatorTypeName=&apos;string&apos;}
14:27:16.802 [main] DEBUG o.h.cfg.annotations.EntityBinder - Import with entity name QuestionChoiceImage
14:27:16.802 [main] DEBUG o.h.cfg.annotations.EntityBinder - Bind entity cn.cstqb.exam.testmaker.entities.QuestionChoiceImage on table question_choice_image
14:27:16.803 [main] DEBUG org.hibernate.cfg.Ejb3Column - Binding column: Ejb3Column{table=org.hibernate.mapping.Table(question_choice_image), mappingColumn=id, insertable=true, updatable=false, unique=false}
14:27:16.803 [main] DEBUG o.h.cfg.annotations.PropertyBinder - MetadataSourceProcessor property id with lazy=false
14:27:16.803 [main] DEBUG o.h.cfg.AbstractPropertyHolder - Attempting to locate auto-apply AttributeConverter for property [cn.cstqb.exam.testmaker.entities.QuestionChoiceImage:id]
14:27:16.803 [main] DEBUG o.h.c.annotations.SimpleValueBinder - building SimpleValue for id
14:27:16.804 [main] DEBUG o.h.cfg.annotations.PropertyBinder - Building property id
14:27:16.804 [main] DEBUG org.hibernate.cfg.Ejb3Column - Binding column: Ejb3Column{table=org.hibernate.mapping.Table(question_choice_image), mappingColumn=created_on, insertable=true, updatable=false, unique=false}
14:27:16.804 [main] DEBUG o.h.cfg.annotations.PropertyBinder - MetadataSourceProcessor property createdOn with lazy=false
14:27:16.804 [main] DEBUG o.h.cfg.AbstractPropertyHolder - Attempting to locate auto-apply AttributeConverter for property [cn.cstqb.exam.testmaker.entities.QuestionChoiceImage:createdOn]
14:27:16.804 [main] DEBUG o.h.c.annotations.SimpleValueBinder - building SimpleValue for createdOn
14:27:16.804 [main] DEBUG o.h.cfg.annotations.PropertyBinder - Building property createdOn
14:27:16.804 [main] DEBUG org.hibernate.cfg.Ejb3Column - Binding column: Ejb3Column{table=org.hibernate.mapping.Table(question_choice_image), mappingColumn=updated_on, insertable=true, updatable=true, unique=false}
14:27:16.804 [main] DEBUG o.h.cfg.annotations.PropertyBinder - MetadataSourceProcessor property updatedOn with lazy=false
14:27:16.804 [main] DEBUG o.h.cfg.AbstractPropertyHolder - Attempting to locate auto-apply AttributeConverter for property [cn.cstqb.exam.testmaker.entities.QuestionChoiceImage:updatedOn]
14:27:16.804 [main] DEBUG o.h.c.annotations.SimpleValueBinder - building SimpleValue for updatedOn
14:27:16.804 [main] DEBUG o.h.cfg.annotations.PropertyBinder - Building property updatedOn
14:27:16.804 [main] DEBUG org.hibernate.cfg.Ejb3Column - Binding column: Ejb3Column{table=org.hibernate.mapping.Table(question_choice_image), mappingColumn=path, insertable=true, updatable=true, unique=false}
14:27:16.804 [main] DEBUG o.h.cfg.annotations.PropertyBinder - MetadataSourceProcessor property path with lazy=false
14:27:16.805 [main] DEBUG o.h.cfg.AbstractPropertyHolder - Attempting to locate auto-apply AttributeConverter for property [cn.cstqb.exam.testmaker.entities.QuestionChoiceImage:path]
14:27:16.805 [main] DEBUG o.h.c.annotations.SimpleValueBinder - building SimpleValue for path
14:27:16.805 [main] DEBUG o.h.cfg.annotations.PropertyBinder - Building property path
14:27:16.805 [main] DEBUG org.hibernate.cfg.Ejb3Column - Binding column: Ejb3Column{table=org.hibernate.mapping.Table(question_choice_image), mappingColumn=caption, insertable=true, updatable=true, unique=false}
14:27:16.805 [main] DEBUG o.h.cfg.annotations.PropertyBinder - MetadataSourceProcessor property caption with lazy=false
14:27:16.805 [main] DEBUG o.h.cfg.AbstractPropertyHolder - Attempting to locate auto-apply AttributeConverter for property [cn.cstqb.exam.testmaker.entities.QuestionChoiceImage:caption]
14:27:16.805 [main] DEBUG o.h.c.annotations.SimpleValueBinder - building SimpleValue for caption
14:27:16.805 [main] DEBUG o.h.cfg.annotations.PropertyBinder - Building property caption
14:27:16.806 [main] DEBUG org.hibernate.cfg.Ejb3Column - Binding column: Ejb3JoinColumn{logicalColumnName=&apos;QUESTION_CHOICE_ID&apos;, referencedColumn=&apos;&apos;, mappedBy=&apos;&apos;}
14:27:16.806 [main] DEBUG org.hibernate.cfg.Ejb3Column - Binding column: Ejb3Column{table=org.hibernate.mapping.Table(question_choice_image), mappingColumn=choice, insertable=true, updatable=true, unique=false}
14:27:16.806 [main] DEBUG o.h.cfg.annotations.PropertyBinder - Building property choice
14:27:16.806 [main] DEBUG org.hibernate.cfg.AnnotationBinder - Binding entity from annotated class: cn.cstqb.exam.testmaker.entities.Question
14:27:16.806 [main] DEBUG org.hibernate.cfg.Ejb3Column - Binding column: Ejb3DiscriminatorColumn{logicalColumnName&apos;DTYPE&apos;, discriminatorTypeName=&apos;string&apos;}
14:27:16.807 [main] DEBUG o.h.cfg.annotations.EntityBinder - Import with entity name Question
14:27:16.807 [main] DEBUG o.h.cfg.annotations.EntityBinder - Bind entity cn.cstqb.exam.testmaker.entities.Question on table question
14:27:16.808 [main] DEBUG org.hibernate.cfg.Ejb3Column - Binding column: Ejb3Column{table=org.hibernate.mapping.Table(question), mappingColumn=id, insertable=true, updatable=false, unique=false}
14:27:16.808 [main] DEBUG o.h.cfg.annotations.PropertyBinder - MetadataSourceProcessor property id with lazy=false
14:27:16.808 [main] DEBUG o.h.cfg.AbstractPropertyHolder - Attempting to locate auto-apply AttributeConverter for property [cn.cstqb.exam.testmaker.entities.Question:id]
14:27:16.808 [main] DEBUG o.h.c.annotations.SimpleValueBinder - building SimpleValue for id
14:27:16.808 [main] DEBUG o.h.cfg.annotations.PropertyBinder - Building property id
14:27:16.809 [main] DEBUG org.hibernate.cfg.Ejb3Column - Binding column: Ejb3Column{table=org.hibernate.mapping.Table(question), mappingColumn=created_on, insertable=true, updatable=false, unique=false}
14:27:16.809 [main] DEBUG o.h.cfg.annotations.PropertyBinder - MetadataSourceProcessor property createdOn with lazy=false
14:27:16.809 [main] DEBUG o.h.cfg.AbstractPropertyHolder - Attempting to locate auto-apply AttributeConverter for property [cn.cstqb.exam.testmaker.entities.Question:createdOn]
14:27:16.809 [main] DEBUG o.h.c.annotations.SimpleValueBinder - building SimpleValue for createdOn
14:27:16.809 [main] DEBUG o.h.cfg.annotations.PropertyBinder - Building property createdOn
14:27:16.809 [main] DEBUG org.hibernate.cfg.Ejb3Column - Binding column: Ejb3Column{table=org.hibernate.mapping.Table(question), mappingColumn=updated_on, insertable=true, updatable=true, unique=false}
14:27:16.810 [main] DEBUG o.h.cfg.annotations.PropertyBinder - MetadataSourceProcessor property updatedOn with lazy=false
14:27:16.810 [main] DEBUG o.h.cfg.AbstractPropertyHolder - Attempting to locate auto-apply AttributeConverter for property [cn.cstqb.exam.testmaker.entities.Question:updatedOn]
14:27:16.810 [main] DEBUG o.h.c.annotations.SimpleValueBinder - building SimpleValue for updatedOn
14:27:16.810 [main] DEBUG o.h.cfg.annotations.PropertyBinder - Building property updatedOn
14:27:16.810 [main] DEBUG org.hibernate.cfg.Ejb3Column - Binding column: Ejb3JoinColumn{logicalColumnName=&apos;author_id&apos;, referencedColumn=&apos;&apos;, mappedBy=&apos;&apos;}
14:27:16.810 [main] DEBUG org.hibernate.cfg.Ejb3Column - Binding column: Ejb3Column{table=org.hibernate.mapping.Table(question), mappingColumn=author, insertable=true, updatable=true, unique=false}
14:27:16.810 [main] DEBUG o.h.cfg.annotations.PropertyBinder - Building property author
14:27:16.811 [main] DEBUG org.hibernate.cfg.Ejb3Column - Binding column: Ejb3Column{table=org.hibernate.mapping.Table(question), mappingColumn=authoring_finish_date, insertable=true, updatable=true, unique=false}
14:27:16.811 [main] DEBUG o.h.cfg.annotations.PropertyBinder - MetadataSourceProcessor property authoringFinishDate with lazy=false
14:27:16.811 [main] DEBUG o.h.cfg.AbstractPropertyHolder - Attempting to locate auto-apply AttributeConverter for property [cn.cstqb.exam.testmaker.entities.Question:authoringFinishDate]
14:27:16.811 [main] DEBUG o.h.c.annotations.SimpleValueBinder - building SimpleValue for authoringFinishDate
14:27:16.811 [main] DEBUG o.h.cfg.annotations.PropertyBinder - Building property authoringFinishDate
14:27:16.811 [main] DEBUG org.hibernate.cfg.Ejb3Column - Binding column: Ejb3Column{table=org.hibernate.mapping.Table(question), mappingColumn=authoring_start_date, insertable=true, updatable=true, unique=false}
14:27:16.811 [main] DEBUG o.h.cfg.annotations.PropertyBinder - MetadataSourceProcessor property authoringStartDate with lazy=false
14:27:16.811 [main] DEBUG o.h.cfg.AbstractPropertyHolder - Attempting to locate auto-apply AttributeConverter for property [cn.cstqb.exam.testmaker.entities.Question:authoringStartDate]
14:27:16.811 [main] DEBUG o.h.c.annotations.SimpleValueBinder - building SimpleValue for authoringStartDate
14:27:16.811 [main] DEBUG o.h.cfg.annotations.PropertyBinder - Building property authoringStartDate
14:27:16.812 [main] DEBUG org.hibernate.cfg.Ejb3Column - Binding column: Ejb3Column{table=org.hibernate.mapping.Table(question), mappingColumn=custom_field2, insertable=true, updatable=true, unique=false}
14:27:16.812 [main] DEBUG o.h.cfg.annotations.PropertyBinder - MetadataSourceProcessor property customField2 with lazy=false
14:27:16.812 [main] DEBUG o.h.cfg.AbstractPropertyHolder - Attempting to locate auto-apply AttributeConverter for property [cn.cstqb.exam.testmaker.entities.Question:customField2]
14:27:16.812 [main] DEBUG o.h.c.annotations.SimpleValueBinder - building SimpleValue for customField2
14:27:16.812 [main] DEBUG o.h.cfg.annotations.PropertyBinder - Building property customField2
14:27:16.812 [main] DEBUG org.hibernate.cfg.Ejb3Column - Binding column: Ejb3Column{table=org.hibernate.mapping.Table(question), mappingColumn=custom_field3, insertable=true, updatable=true, unique=false}
14:27:16.813 [main] DEBUG o.h.cfg.annotations.PropertyBinder - MetadataSourceProcessor property customField3 with lazy=false
14:27:16.813 [main] DEBUG o.h.cfg.AbstractPropertyHolder - Attempting to locate auto-apply AttributeConverter for property [cn.cstqb.exam.testmaker.entities.Question:customField3]
14:27:16.813 [main] DEBUG o.h.c.annotations.SimpleValueBinder - building SimpleValue for customField3
14:27:16.813 [main] DEBUG o.h.cfg.annotations.PropertyBinder - Building property customField3
14:27:16.813 [main] DEBUG org.hibernate.cfg.Ejb3Column - Binding column: Ejb3Column{table=org.hibernate.mapping.Table(question), mappingColumn=custom_filed1, insertable=true, updatable=true, unique=false}
14:27:16.813 [main] DEBUG o.h.cfg.annotations.PropertyBinder - MetadataSourceProcessor property customFiled1 with lazy=false
14:27:16.813 [main] DEBUG o.h.cfg.AbstractPropertyHolder - Attempting to locate auto-apply AttributeConverter for property [cn.cstqb.exam.testmaker.entities.Question:customFiled1]
14:27:16.813 [main] DEBUG o.h.c.annotations.SimpleValueBinder - building SimpleValue for customFiled1
14:27:16.813 [main] DEBUG o.h.cfg.annotations.PropertyBinder - Building property customFiled1
14:27:16.813 [main] DEBUG org.hibernate.cfg.Ejb3Column - Binding column: Ejb3Column{table=org.hibernate.mapping.Table(question), mappingColumn=description, insertable=true, updatable=true, unique=false}
14:27:16.813 [main] DEBUG o.h.cfg.annotations.PropertyBinder - MetadataSourceProcessor property description with lazy=false
14:27:16.813 [main] DEBUG o.h.cfg.AbstractPropertyHolder - Attempting to locate auto-apply AttributeConverter for property [cn.cstqb.exam.testmaker.entities.Question:description]
14:27:16.814 [main] DEBUG o.h.c.annotations.SimpleValueBinder - building SimpleValue for description
14:27:16.814 [main] DEBUG o.h.cfg.annotations.PropertyBinder - Building property description
14:27:16.814 [main] DEBUG org.hibernate.cfg.Ejb3Column - Binding column: Ejb3Column{table=org.hibernate.mapping.Table(question), mappingColumn=difficulty, insertable=true, updatable=true, unique=false}
14:27:16.814 [main] DEBUG o.h.cfg.annotations.PropertyBinder - MetadataSourceProcessor property difficulty with lazy=false
14:27:16.814 [main] DEBUG o.h.cfg.AbstractPropertyHolder - Attempting to locate auto-apply AttributeConverter for property [cn.cstqb.exam.testmaker.entities.Question:difficulty]
14:27:16.814 [main] DEBUG o.h.c.annotations.SimpleValueBinder - building SimpleValue for difficulty
14:27:16.814 [main] DEBUG o.h.cfg.annotations.PropertyBinder - Building property difficulty
14:27:16.814 [main] DEBUG org.hibernate.cfg.Ejb3Column - Binding column: Ejb3JoinColumn{logicalColumnName=&apos;null&apos;, referencedColumn=&apos;null&apos;, mappedBy=&apos;question&apos;}
14:27:16.815 [main] DEBUG org.hibernate.cfg.Ejb3Column - Binding column: Ejb3Column{table=org.hibernate.mapping.Table(question), mappingColumn=images, insertable=true, updatable=true, unique=false}
14:27:16.815 [main] DEBUG org.hibernate.cfg.Ejb3Column - Binding column: Ejb3Column{table=org.hibernate.mapping.Table(question), mappingColumn=null, insertable=true, updatable=true, unique=false}
14:27:16.815 [main] DEBUG org.hibernate.cfg.Ejb3Column - Binding column: Ejb3Column{table=org.hibernate.mapping.Table(question), mappingColumn=element, insertable=true, updatable=true, unique=false}
14:27:16.815 [main] DEBUG org.hibernate.cfg.Ejb3Column - Binding column: Ejb3Column{table=org.hibernate.mapping.Table(question), mappingColumn=images_key, insertable=true, updatable=true, unique=false}
14:27:16.815 [main] DEBUG org.hibernate.cfg.Ejb3Column - Binding column: Ejb3JoinColumn{logicalColumnName=&apos;images_KEY&apos;, referencedColumn=&apos;null&apos;, mappedBy=&apos;null&apos;}
14:27:16.815 [main] DEBUG org.hibernate.cfg.Ejb3Column - Binding column: Ejb3JoinColumn{logicalColumnName=&apos;null&apos;, referencedColumn=&apos;null&apos;, mappedBy=&apos;question&apos;}
14:27:16.815 [main] DEBUG org.hibernate.cfg.Ejb3Column - Binding column: Ejb3JoinColumn{logicalColumnName=&apos;null&apos;, referencedColumn=&apos;null&apos;, mappedBy=&apos;question&apos;}
14:27:16.815 [main] DEBUG o.h.cfg.annotations.CollectionBinder - Collection role: cn.cstqb.exam.testmaker.entities.Question.images
14:27:16.815 [main] DEBUG o.h.cfg.annotations.PropertyBinder - Building property images
14:27:16.815 [main] DEBUG org.hibernate.cfg.Ejb3Column - Binding column: Ejb3JoinColumn{logicalColumnName=&apos;null&apos;, referencedColumn=&apos;null&apos;, mappedBy=&apos;null&apos;}
14:27:16.815 [main] DEBUG org.hibernate.cfg.Ejb3Column - Binding column: Ejb3Column{table=org.hibernate.mapping.Table(question), mappingColumn=knowledge_point, insertable=true, updatable=true, unique=false}
14:27:16.815 [main] DEBUG o.h.cfg.annotations.PropertyBinder - Building property knowledgePoint
14:27:16.815 [main] DEBUG org.hibernate.cfg.Ejb3Column - Binding column: Ejb3JoinColumn{logicalColumnName=&apos;null&apos;, referencedColumn=&apos;&apos;, mappedBy=&apos;&apos;}
14:27:16.816 [main] DEBUG org.hibernate.cfg.Ejb3Column - Binding column: Ejb3Column{table=org.hibernate.mapping.Table(question), mappingColumn=language, insertable=true, updatable=true, unique=false}
14:27:16.816 [main] DEBUG o.h.cfg.annotations.PropertyBinder - Building property language
14:27:16.816 [main] DEBUG org.hibernate.cfg.Ejb3Column - Binding column: Ejb3Column{table=org.hibernate.mapping.Table(question), mappingColumn=memo, insertable=true, updatable=true, unique=false}
14:27:16.816 [main] DEBUG o.h.cfg.annotations.PropertyBinder - MetadataSourceProcessor property memo with lazy=false
14:27:16.816 [main] DEBUG o.h.cfg.AbstractPropertyHolder - Attempting to locate auto-apply AttributeConverter for property [cn.cstqb.exam.testmaker.entities.Question:memo]
14:27:16.816 [main] DEBUG o.h.c.annotations.SimpleValueBinder - building SimpleValue for memo
14:27:16.816 [main] DEBUG o.h.cfg.annotations.PropertyBinder - Building property memo
14:27:16.817 [main] DEBUG org.hibernate.cfg.Ejb3Column - Binding column: Ejb3Column{table=org.hibernate.mapping.Table(question), mappingColumn=multiple_choice, insertable=true, updatable=true, unique=false}
14:27:16.817 [main] DEBUG o.h.cfg.annotations.PropertyBinder - MetadataSourceProcessor property multipleChoice with lazy=false
14:27:16.817 [main] DEBUG o.h.cfg.AbstractPropertyHolder - Attempting to locate auto-apply AttributeConverter for property [cn.cstqb.exam.testmaker.entities.Question:multipleChoice]
14:27:16.817 [main] DEBUG o.h.c.annotations.SimpleValueBinder - building SimpleValue for multipleChoice
14:27:16.817 [main] DEBUG o.h.cfg.annotations.PropertyBinder - Building property multipleChoice
14:27:16.818 [main] DEBUG org.hibernate.cfg.Ejb3Column - Binding column: Ejb3JoinColumn{logicalColumnName=&apos;project_id&apos;, referencedColumn=&apos;&apos;, mappedBy=&apos;&apos;}
14:27:16.818 [main] DEBUG org.hibernate.cfg.Ejb3Column - Binding column: Ejb3Column{table=org.hibernate.mapping.Table(question), mappingColumn=project, insertable=true, updatable=true, unique=false}
14:27:16.819 [main] DEBUG o.h.cfg.annotations.PropertyBinder - Building property project
14:27:16.819 [main] DEBUG org.hibernate.cfg.Ejb3Column - Binding column: Ejb3Column{table=org.hibernate.mapping.Table(question), mappingColumn=published, insertable=true, updatable=true, unique=false}
14:27:16.819 [main] DEBUG o.h.cfg.annotations.PropertyBinder - MetadataSourceProcessor property published with lazy=false
14:27:16.819 [main] DEBUG o.h.cfg.AbstractPropertyHolder - Attempting to locate auto-apply AttributeConverter for property [cn.cstqb.exam.testmaker.entities.Question:published]
14:27:16.819 [main] DEBUG o.h.c.annotations.SimpleValueBinder - building SimpleValue for published
14:27:16.819 [main] DEBUG o.h.cfg.annotations.PropertyBinder - Building property published
14:27:16.819 [main] DEBUG org.hibernate.cfg.Ejb3Column - Binding column: Ejb3JoinColumn{logicalColumnName=&apos;qualityAdmin_id&apos;, referencedColumn=&apos;&apos;, mappedBy=&apos;&apos;}
14:27:16.819 [main] DEBUG org.hibernate.cfg.Ejb3Column - Binding column: Ejb3Column{table=org.hibernate.mapping.Table(question), mappingColumn=quality_admin, insertable=true, updatable=true, unique=false}
14:27:16.819 [main] DEBUG o.h.cfg.annotations.PropertyBinder - Building property qualityAdmin
14:27:16.819 [main] DEBUG org.hibernate.cfg.Ejb3Column - Binding column: Ejb3Column{table=org.hibernate.mapping.Table(question), mappingColumn=remark, insertable=true, updatable=true, unique=false}
14:27:16.819 [main] DEBUG o.h.cfg.annotations.PropertyBinder - MetadataSourceProcessor property remark with lazy=false
14:27:16.819 [main] DEBUG o.h.cfg.AbstractPropertyHolder - Attempting to locate auto-apply AttributeConverter for property [cn.cstqb.exam.testmaker.entities.Question:remark]
14:27:16.820 [main] DEBUG o.h.c.annotations.SimpleValueBinder - building SimpleValue for remark
14:27:16.820 [main] DEBUG o.h.cfg.annotations.PropertyBinder - Building property remark
14:27:16.820 [main] DEBUG org.hibernate.cfg.Ejb3Column - Binding column: Ejb3Column{table=org.hibernate.mapping.Table(question), mappingColumn=null, insertable=true, updatable=true, unique=false}
14:27:16.820 [main] DEBUG org.hibernate.cfg.Ejb3Column - Binding column: Ejb3Column{table=org.hibernate.mapping.Table(question), mappingColumn=element, insertable=true, updatable=true, unique=false}
14:27:16.820 [main] DEBUG org.hibernate.cfg.Ejb3Column - Binding column: Ejb3Column{table=org.hibernate.mapping.Table(question), mappingColumn=reviewers_key, insertable=true, updatable=true, unique=false}
14:27:16.820 [main] DEBUG org.hibernate.cfg.Ejb3Column - Binding column: Ejb3JoinColumn{logicalColumnName=&apos;reviewers_KEY&apos;, referencedColumn=&apos;null&apos;, mappedBy=&apos;null&apos;}
14:27:16.820 [main] DEBUG org.hibernate.cfg.Ejb3Column - Binding column: Ejb3JoinColumn{logicalColumnName=&apos;question_id&apos;, referencedColumn=&apos;&apos;, mappedBy=&apos;&apos;}
14:27:16.820 [main] DEBUG org.hibernate.cfg.Ejb3Column - Binding column: Ejb3JoinColumn{logicalColumnName=&apos;reviewer_id&apos;, referencedColumn=&apos;&apos;, mappedBy=&apos;&apos;}
14:27:16.820 [main] DEBUG o.h.cfg.annotations.CollectionBinder - Collection role: cn.cstqb.exam.testmaker.entities.Question.reviewers
14:27:16.820 [main] DEBUG o.h.cfg.annotations.PropertyBinder - Building property reviewers
14:27:16.821 [main] DEBUG org.hibernate.cfg.Ejb3Column - Binding column: Ejb3Column{table=org.hibernate.mapping.Table(question), mappingColumn=reviewing_finish_date, insertable=true, updatable=true, unique=false}
14:27:16.821 [main] DEBUG o.h.cfg.annotations.PropertyBinder - MetadataSourceProcessor property reviewingFinishDate with lazy=false
14:27:16.821 [main] DEBUG o.h.cfg.AbstractPropertyHolder - Attempting to locate auto-apply AttributeConverter for property [cn.cstqb.exam.testmaker.entities.Question:reviewingFinishDate]
14:27:16.821 [main] DEBUG o.h.c.annotations.SimpleValueBinder - building SimpleValue for reviewingFinishDate
14:27:16.821 [main] DEBUG o.h.cfg.annotations.PropertyBinder - Building property reviewingFinishDate
14:27:16.821 [main] DEBUG org.hibernate.cfg.Ejb3Column - Binding column: Ejb3Column{table=org.hibernate.mapping.Table(question), mappingColumn=reviewing_start_date, insertable=true, updatable=true, unique=false}
14:27:16.821 [main] DEBUG o.h.cfg.annotations.PropertyBinder - MetadataSourceProcessor property reviewingStartDate with lazy=false
14:27:16.821 [main] DEBUG o.h.cfg.AbstractPropertyHolder - Attempting to locate auto-apply AttributeConverter for property [cn.cstqb.exam.testmaker.entities.Question:reviewingStartDate]
14:27:16.822 [main] DEBUG o.h.c.annotations.SimpleValueBinder - building SimpleValue for reviewingStartDate
14:27:16.822 [main] DEBUG o.h.cfg.annotations.PropertyBinder - Building property reviewingStartDate
14:27:16.822 [main] DEBUG org.hibernate.cfg.Ejb3Column - Binding column: Ejb3Column{table=org.hibernate.mapping.Table(question), mappingColumn=scenario, insertable=true, updatable=true, unique=false}
14:27:16.822 [main] DEBUG o.h.cfg.annotations.PropertyBinder - MetadataSourceProcessor property scenario with lazy=false
14:27:16.822 [main] DEBUG o.h.cfg.AbstractPropertyHolder - Attempting to locate auto-apply AttributeConverter for property [cn.cstqb.exam.testmaker.entities.Question:scenario]
14:27:16.822 [main] DEBUG o.h.c.annotations.SimpleValueBinder - building SimpleValue for scenario
14:27:16.822 [main] DEBUG o.h.cfg.annotations.PropertyBinder - Building property scenario
14:27:16.822 [main] DEBUG org.hibernate.cfg.Ejb3Column - Binding column: Ejb3Column{table=org.hibernate.mapping.Table(question), mappingColumn=score, insertable=true, updatable=true, unique=false}
14:27:16.822 [main] DEBUG o.h.cfg.annotations.PropertyBinder - MetadataSourceProcessor property score with lazy=false
14:27:16.822 [main] DEBUG o.h.cfg.AbstractPropertyHolder - Attempting to locate auto-apply AttributeConverter for property [cn.cstqb.exam.testmaker.entities.Question:score]
[...]
14:27:17.191 [main] INFO  o.h.tool.hbm2ddl.TableMetadata - HHH000037: Columns: [updated_on, custom_field1, custom_field3, custom_field2, exported_by, status_id, created_on, finish_date, facilitator_id, name, exported_on, id, syllabus_id, start_date]
14:27:17.192 [main] INFO  o.h.tool.hbm2ddl.TableMetadata - HHH000108: Foreign keys: [fk_gla35o52d1qcrxgbfrdstn1qn, fk_me72p0k7n5mpnoieinaymgckr, fk_7x1lbg3ru2e55annuyooest2g, fk_cmq2womflwqgdijyxklbasgdi]
14:27:17.192 [main] INFO  o.h.tool.hbm2ddl.TableMetadata - HHH000126: Indexes: [fk_gla35o52d1qcrxgbfrdstn1qn, fk_me72p0k7n5mpnoieinaymgckr, fk_7x1lbg3ru2e55annuyooest2g, primary, uk_3k75vvu7mevyvvb5may5lj8k7, fk_cmq2womflwqgdijyxklbasgdi]
14:27:17.203 [main] INFO  o.h.tool.hbm2ddl.TableMetadata - HHH000261: Table found: testmaker.project_status
14:27:17.203 [main] INFO  o.h.tool.hbm2ddl.TableMetadata - HHH000037: Columns: [updated_on, is_start, created_on, name, is_finish, id]
14:27:17.203 [main] INFO  o.h.tool.hbm2ddl.TableMetadata - HHH000108: Foreign keys: []
14:27:17.203 [main] INFO  o.h.tool.hbm2ddl.TableMetadata - HHH000126: Indexes: [uk_gc9netg5vvbi8wn4vxmn6ey1t, primary]
14:27:17.215 [main] INFO  o.h.tool.hbm2ddl.TableMetadata - HHH000261: Table found: testmaker.project_users
14:27:17.215 [main] INFO  o.h.tool.hbm2ddl.TableMetadata - HHH000037: Columns: [project_id, user_id]
14:27:17.215 [main] INFO  o.h.tool.hbm2ddl.TableMetadata - HHH000108: Foreign keys: [fk_4isj8wuooru4brw3629wu4iyg, fk_rl5jp955lxoxtbv6pa1wig6vd]
14:27:17.215 [main] INFO  o.h.tool.hbm2ddl.TableMetadata - HHH000126: Indexes: [fk_4isj8wuooru4brw3629wu4iyg, fk_rl5jp955lxoxtbv6pa1wig6vd]
14:27:17.225 [main] INFO  o.h.tool.hbm2ddl.TableMetadata - HHH000261: Table found: testmaker.question
14:27:17.226 [main] INFO  o.h.tool.hbm2ddl.TableMetadata - HHH000037: Columns: [updated_on, reviewing_finish_date, description, memo, language, remark, type, reviewing_start_date, score, scenario, project_id, id, quality_admin_id, authoring_start_date, custom_field1, custom_field3, custom_field2, published, authoring_finish_date, difficulty, multiple_choice, knowledge_point, custom_filed1, created_on, author_id, stem, status]
14:27:17.226 [main] INFO  o.h.tool.hbm2ddl.TableMetadata - HHH000108: Foreign keys: [fk_hod8cehxh1lbef9lmlowmhwpk, fk_j7imy0kvvgnmc9at4412exaxs, fk_bxxsn12lgu7q6kam1tsor1nr, fk_jljdfx6hvc29oglbvo6h1fira, fk_64rlcm7utqkwfl1j2t3bqrv4n, fk_k179yjp59ndpikaaruth27f9m, fk_htpraiywcov18x05oog450542]
14:27:17.226 [main] INFO  o.h.tool.hbm2ddl.TableMetadata - HHH000126: Indexes: [fk_hod8cehxh1lbef9lmlowmhwpk, fk_j7imy0kvvgnmc9at4412exaxs, fk_bxxsn12lgu7q6kam1tsor1nr, fk_jljdfx6hvc29oglbvo6h1fira, fk_64rlcm7utqkwfl1j2t3bqrv4n, fk_k179yjp59ndpikaaruth27f9m, fk_htpraiywcov18x05oog450542, primary]
14:27:17.237 [main] INFO  o.h.tool.hbm2ddl.TableMetadata - HHH000261: Table found: testmaker.question_choice
14:27:17.237 [main] INFO  o.h.tool.hbm2ddl.TableMetadata - HHH000037: Columns: [updated_on, is_correct_answer, created_on, id, choice_label, question_id, content]
14:27:17.237 [main] INFO  o.h.tool.hbm2ddl.TableMetadata - HHH000108: Foreign keys: [fk_drrr6mb7k16ao25w6txc41pdd]
14:27:17.237 [main] INFO  o.h.tool.hbm2ddl.TableMetadata - HHH000126: Indexes: [fk_drrr6mb7k16ao25w6txc41pdd, primary]
14:27:17.248 [main] INFO  o.h.tool.hbm2ddl.TableMetadata - HHH000261: Table found: testmaker.question_choice_image
14:27:17.248 [main] INFO  o.h.tool.hbm2ddl.TableMetadata - HHH000037: Columns: [updated_on, path, question_choice_id, created_on, caption, id]
14:27:17.248 [main] INFO  o.h.tool.hbm2ddl.TableMetadata - HHH000108: Foreign keys: [fk_p6avf3k6h46pngoxu6ltsrcvh]
14:27:17.248 [main] INFO  o.h.tool.hbm2ddl.TableMetadata - HHH000126: Indexes: [fk_p6avf3k6h46pngoxu6ltsrcvh, primary]
14:27:17.260 [main] INFO  o.h.tool.hbm2ddl.TableMetadata - HHH000261: Table found: testmaker.question_image
14:27:17.260 [main] INFO  o.h.tool.hbm2ddl.TableMetadata - HHH000037: Columns: [updated_on, path, created_on, caption, id, question_id]
14:27:17.260 [main] INFO  o.h.tool.hbm2ddl.TableMetadata - HHH000108: Foreign keys: [fk_rt5bt00pq2t32duqhyinbeour]
14:27:17.260 [main] INFO  o.h.tool.hbm2ddl.TableMetadata - HHH000126: Indexes: [fk_rt5bt00pq2t32duqhyinbeour, primary]
14:27:17.271 [main] INFO  o.h.tool.hbm2ddl.TableMetadata - HHH000261: Table found: testmaker.question_language
14:27:17.271 [main] INFO  o.h.tool.hbm2ddl.TableMetadata - HHH000037: Columns: [updated_on, created_on, name, id]
14:27:17.271 [main] INFO  o.h.tool.hbm2ddl.TableMetadata - HHH000108: Foreign keys: []
14:27:17.271 [main] INFO  o.h.tool.hbm2ddl.TableMetadata - HHH000126: Indexes: [uk_h7snp9gauw2o9k8o320ym954t, primary]
14:27:17.283 [main] INFO  o.h.tool.hbm2ddl.TableMetadata - HHH000261: Table found: testmaker.question_reviewers
14:27:17.283 [main] INFO  o.h.tool.hbm2ddl.TableMetadata - HHH000037: Columns: [reviewer_id, question_id]
14:27:17.283 [main] INFO  o.h.tool.hbm2ddl.TableMetadata - HHH000108: Foreign keys: [fk_kdm8obpe6leusm1ymmvon7wew, fk_9phi7xaxiornk7f3k237bji8u]
14:27:17.283 [main] INFO  o.h.tool.hbm2ddl.TableMetadata - HHH000126: Indexes: [fk_kdm8obpe6leusm1ymmvon7wew, primary]
14:27:17.293 [main] INFO  o.h.tool.hbm2ddl.TableMetadata - HHH000261: Table found: testmaker.question_status
14:27:17.294 [main] INFO  o.h.tool.hbm2ddl.TableMetadata - HHH000037: Columns: [updated_on, is_start, accessible_by_quality_admin, accessible_by_reviewer, created_on, name, accessible_by_facilitator, is_finish, id, accessible_by_author]
14:27:17.294 [main] INFO  o.h.tool.hbm2ddl.TableMetadata - HHH000108: Foreign keys: []
14:27:17.294 [main] INFO  o.h.tool.hbm2ddl.TableMetadata - HHH000126: Indexes: [uk_kb1iiy21r8irey42pnd96p72c, primary]
14:27:17.305 [main] INFO  o.h.tool.hbm2ddl.TableMetadata - HHH000261: Table found: testmaker.question_status_transition
14:27:17.306 [main] INFO  o.h.tool.hbm2ddl.TableMetadata - HHH000037: Columns: [updated_on, sequence, status_id, created_on, next_status_id]
14:27:17.306 [main] INFO  o.h.tool.hbm2ddl.TableMetadata - HHH000108: Foreign keys: [fk_k7x5nc6556qxlqhs7ru5y0lws, fk_4g1t9k1kluds2uuefpbyiignn]
14:27:17.306 [main] INFO  o.h.tool.hbm2ddl.TableMetadata - HHH000126: Indexes: [fk_k7x5nc6556qxlqhs7ru5y0lws, primary]
14:27:17.316 [main] INFO  o.h.tool.hbm2ddl.TableMetadata - HHH000261: Table found: testmaker.question_type
14:27:17.316 [main] INFO  o.h.tool.hbm2ddl.TableMetadata - HHH000037: Columns: [updated_on, created_on, name, id]
14:27:17.316 [main] INFO  o.h.tool.hbm2ddl.TableMetadata - HHH000108: Foreign keys: []
14:27:17.316 [main] INFO  o.h.tool.hbm2ddl.TableMetadata - HHH000126: Indexes: [uk_7ei21extes3bkiv5byn0pfrg5, primary]
14:27:17.326 [main] INFO  o.h.tool.hbm2ddl.TableMetadata - HHH000261: Table found: testmaker.review_assessment
14:27:17.326 [main] INFO  o.h.tool.hbm2ddl.TableMetadata - HHH000037: Columns: [updated_on, created_on, name, id]
14:27:17.326 [main] INFO  o.h.tool.hbm2ddl.TableMetadata - HHH000108: Foreign keys: []
14:27:17.326 [main] INFO  o.h.tool.hbm2ddl.TableMetadata - HHH000126: Indexes: [uk_5up7uru8ni1q5dungaxxk3dty, primary]
14:27:17.339 [main] INFO  o.h.tool.hbm2ddl.TableMetadata - HHH000261: Table found: testmaker.review_comment
14:27:17.339 [main] INFO  o.h.tool.hbm2ddl.TableMetadata - HHH000037: Columns: [updated_on, created_on, reviewer_id, is_final_review, id, question_id, content]
14:27:17.339 [main] INFO  o.h.tool.hbm2ddl.TableMetadata - HHH000108: Foreign keys: [fk_1c3t2dqlk78fnc2qhysp2p9v5, fk_omf7d51gg0vs40946txened42]
14:27:17.339 [main] INFO  o.h.tool.hbm2ddl.TableMetadata - HHH000126: Indexes: [fk_1c3t2dqlk78fnc2qhysp2p9v5, fk_omf7d51gg0vs40946txened42, primary]
14:27:17.348 [main] INFO  o.h.tool.hbm2ddl.TableMetadata - HHH000261: Table found: testmaker.role
14:27:17.348 [main] INFO  o.h.tool.hbm2ddl.TableMetadata - HHH000037: Columns: [updated_on, created_on, name, id]
14:27:17.348 [main] INFO  o.h.tool.hbm2ddl.TableMetadata - HHH000108: Foreign keys: []
14:27:17.348 [main] INFO  o.h.tool.hbm2ddl.TableMetadata - HHH000126: Indexes: [uk_8sewwnpamngi6b1dwaa88askk, primary]
14:27:17.359 [main] INFO  o.h.tool.hbm2ddl.TableMetadata - HHH000261: Table found: testmaker.syllabus
14:27:17.359 [main] INFO  o.h.tool.hbm2ddl.TableMetadata - HHH000037: Columns: [updated_on, created_on, level, is_disabled, id, version]
14:27:17.359 [main] INFO  o.h.tool.hbm2ddl.TableMetadata - HHH000108: Foreign keys: []
14:27:17.359 [main] INFO  o.h.tool.hbm2ddl.TableMetadata - HHH000126: Indexes: [unique_level_version, primary]
14:27:17.369 [main] INFO  o.h.tool.hbm2ddl.TableMetadata - HHH000261: Table found: testmaker.user
14:27:17.369 [main] INFO  o.h.tool.hbm2ddl.TableMetadata - HHH000037: Columns: [updated_on, is_admin, login_count, password, full_name, created_on, phone, last_login, id, email, enabled, username]
14:27:17.369 [main] INFO  o.h.tool.hbm2ddl.TableMetadata - HHH000108: Foreign keys: []
14:27:17.369 [main] INFO  o.h.tool.hbm2ddl.TableMetadata - HHH000126: Indexes: [uk_ob8kqyqqgmefl0aco34akdtpe, uk_sb8bbouer5wak8vyiiy4pf2bx, primary]
14:27:17.370 [main] DEBUG o.h.i.f.i.DefaultIdentifierGeneratorFactory - Setting dialect [org.hibernate.dialect.MySQL5InnoDBDialect]
14:27:17.370 [main] DEBUG o.h.i.f.i.DefaultIdentifierGeneratorFactory - Setting dialect [org.hibernate.dialect.MySQL5InnoDBDialect]
14:27:17.370 [main] DEBUG o.h.i.f.i.DefaultIdentifierGeneratorFactory - Setting dialect [org.hibernate.dialect.MySQL5InnoDBDialect]
14:27:17.370 [main] DEBUG o.h.i.f.i.DefaultIdentifierGeneratorFactory - Setting dialect [org.hibernate.dialect.MySQL5InnoDBDialect]
14:27:17.370 [main] DEBUG o.h.i.f.i.DefaultIdentifierGeneratorFactory - Setting dialect [org.hibernate.dialect.MySQL5InnoDBDialect]
14:27:17.370 [main] DEBUG o.h.i.f.i.DefaultIdentifierGeneratorFactory - Setting dialect [org.hibernate.dialect.MySQL5InnoDBDialect]
14:27:17.370 [main] DEBUG o.h.i.f.i.DefaultIdentifierGeneratorFactory - Setting dialect [org.hibernate.dialect.MySQL5InnoDBDialect]
14:27:17.370 [main] DEBUG o.h.i.f.i.DefaultIdentifierGeneratorFactory - Setting dialect [org.hibernate.dialect.MySQL5InnoDBDialect]
14:27:17.370 [main] DEBUG o.h.i.f.i.DefaultIdentifierGeneratorFactory - Setting dialect [org.hibernate.dialect.MySQL5InnoDBDialect]
14:27:17.370 [main] DEBUG o.h.i.f.i.DefaultIdentifierGeneratorFactory - Setting dialect [org.hibernate.dialect.MySQL5InnoDBDialect]
14:27:17.370 [main] DEBUG o.h.i.f.i.DefaultIdentifierGeneratorFactory - Setting dialect [org.hibernate.dialect.MySQL5InnoDBDialect]
14:27:17.370 [main] DEBUG o.h.i.f.i.DefaultIdentifierGeneratorFactory - Setting dialect [org.hibernate.dialect.MySQL5InnoDBDialect]
14:27:17.370 [main] DEBUG o.h.i.f.i.DefaultIdentifierGeneratorFactory - Setting dialect [org.hibernate.dialect.MySQL5InnoDBDialect]
14:27:17.371 [main] DEBUG o.h.i.f.i.DefaultIdentifierGeneratorFactory - Setting dialect [org.hibernate.dialect.MySQL5InnoDBDialect]
14:27:17.371 [main] DEBUG o.h.i.f.i.DefaultIdentifierGeneratorFactory - Setting dialect [org.hibernate.dialect.MySQL5InnoDBDialect]
14:27:17.371 [main] DEBUG o.h.i.f.i.DefaultIdentifierGeneratorFactory - Setting dialect [org.hibernate.dialect.MySQL5InnoDBDialect]
14:27:17.371 [main] DEBUG o.h.i.f.i.DefaultIdentifierGeneratorFactory - Setting dialect [org.hibernate.dialect.MySQL5InnoDBDialect]
14:27:17.371 [main] DEBUG o.h.i.f.i.DefaultIdentifierGeneratorFactory - Setting dialect [org.hibernate.dialect.MySQL5InnoDBDialect]
14:27:17.371 [main] INFO  o.h.tool.hbm2ddl.SchemaUpdate - HHH000232: Schema update complete
14:27:17.372 [main] DEBUG o.h.internal.NamedQueryRepository - Checking 1 named HQL queries
14:27:17.372 [main] DEBUG o.h.internal.NamedQueryRepository - Checking named query: User.findByUserName
14:27:17.372 [main] DEBUG o.h.h.i.ast.QueryTranslatorImpl - parse() - HQL: SELECT u from cn.cstqb.exam.testmaker.entities.User u where u.username = :username
14:27:17.375 [main] DEBUG o.h.h.i.ast.QueryTranslatorImpl - --- HQL AST ---
 \-[QUERY] Node: &apos;query&apos;
    +-[SELECT_FROM] Node: &apos;SELECT_FROM&apos;
    |  +-[FROM] Node: &apos;from&apos;
    |  |  \-[RANGE] Node: &apos;RANGE&apos;
    |  |     +-[DOT] Node: &apos;.&apos;
    |  |     |  +-[DOT] Node: &apos;.&apos;
    |  |     |  |  +-[DOT] Node: &apos;.&apos;
    |  |     |  |  |  +-[DOT] Node: &apos;.&apos;
    |  |     |  |  |  |  +-[DOT] Node: &apos;.&apos;
    |  |     |  |  |  |  |  +-[IDENT] Node: &apos;cn&apos;
    |  |     |  |  |  |  |  \-[IDENT] Node: &apos;cstqb&apos;
    |  |     |  |  |  |  \-[IDENT] Node: &apos;exam&apos;
    |  |     |  |  |  \-[IDENT] Node: &apos;testmaker&apos;
    |  |     |  |  \-[IDENT] Node: &apos;entities&apos;
    |  |     |  \-[IDENT] Node: &apos;User&apos;
    |  |     \-[ALIAS] Node: &apos;u&apos;
    |  \-[SELECT] Node: &apos;SELECT&apos;
    |     \-[IDENT] Node: &apos;u&apos;
    \-[WHERE] Node: &apos;where&apos;
       \-[EQ] Node: &apos;=&apos;
          +-[DOT] Node: &apos;.&apos;
          |  +-[IDENT] Node: &apos;u&apos;
          |  \-[IDENT] Node: &apos;username&apos;
          \-[COLON] Node: &apos;:&apos;
             \-[IDENT] Node: &apos;username&apos;

14:27:17.375 [main] DEBUG o.h.hql.internal.ast.ErrorCounter - throwQueryException() : no errors
14:27:17.376 [main] DEBUG o.h.h.i.antlr.HqlSqlBaseWalker - select &lt;&lt; begin [level=1, statement=select]
14:27:17.377 [main] DEBUG o.h.h.internal.ast.tree.FromElement - FromClause{level=1} : cn.cstqb.exam.testmaker.entities.User (u) -&gt; user0_
14:27:17.377 [main] DEBUG o.h.h.i.ast.tree.FromReferenceNode - Resolved : u -&gt; user0_.id
14:27:17.377 [main] DEBUG o.h.h.i.ast.tree.FromReferenceNode - Resolved : u -&gt; user0_.id
14:27:17.377 [main] DEBUG o.h.hql.internal.ast.tree.DotNode - getDataType() : username -&gt; org.hibernate.type.StringType@442e7215
14:27:17.377 [main] DEBUG o.h.h.i.ast.tree.FromReferenceNode - Resolved : u.username -&gt; user0_.username
14:27:17.377 [main] DEBUG o.h.h.i.antlr.HqlSqlBaseWalker - select : finishing up [level=1, statement=select]
14:27:17.377 [main] DEBUG o.h.hql.internal.ast.HqlSqlWalker - processQuery() :  ( SELECT ( {select clause} user0_.id ) ( FromClause{level=1} user user0_ ) ( where ( = ( user0_.username user0_.id username ) ? ) ) )
14:27:17.377 [main] DEBUG o.h.h.i.ast.util.JoinProcessor - Using FROM fragment [user user0_]
14:27:17.377 [main] DEBUG o.h.h.i.antlr.HqlSqlBaseWalker - select &gt;&gt; end [level=1, statement=select]
14:27:17.377 [main] DEBUG o.h.h.i.ast.QueryTranslatorImpl - --- SQL AST ---
 \-[SELECT] QueryNode: &apos;SELECT&apos;  querySpaces (user)
    +-[SELECT_CLAUSE] SelectClause: &apos;{select clause}&apos;
    |  +-[ALIAS_REF] IdentNode: &apos;user0_.id as id1_20_&apos; {alias=u, className=cn.cstqb.exam.testmaker.entities.User, tableAlias=user0_}
    |  \-[SQL_TOKEN] SqlFragment: &apos;user0_.created_on as created_2_20_, user0_.updated_on as updated_3_20_, user0_.email as email4_20_, user0_.enabled as enabled5_20_, user0_.full_name as full_nam6_20_, user0_.is_admin as is_admin7_20_, user0_.last_login as last_log8_20_, user0_.login_count as login_co9_20_, user0_.password as passwor10_20_, user0_.phone as phone11_20_, user0_.username as usernam12_20_&apos;
    +-[FROM] FromClause: &apos;from&apos; FromClause{level=1, fromElementCounter=1, fromElements=1, fromElementByClassAlias=[u], fromElementByTableAlias=[user0_], fromElementsByPath=[], collectionJoinFromElementsByPath=[], impliedElements=[]}
    |  \-[FROM_FRAGMENT] FromElement: &apos;user user0_&apos; FromElement{explicit,not a collection join,not a fetch join,fetch non-lazy properties,classAlias=u,role=null,tableName=user,tableAlias=user0_,origin=null,columns={,className=cn.cstqb.exam.testmaker.entities.User}}
    \-[WHERE] SqlNode: &apos;where&apos;
       \-[EQ] BinaryLogicOperatorNode: &apos;=&apos;
          +-[DOT] DotNode: &apos;user0_.username&apos; {propertyName=username,dereferenceType=PRIMITIVE,getPropertyPath=username,path=u.username,tableAlias=user0_,className=cn.cstqb.exam.testmaker.entities.User,classAlias=u}
          |  +-[ALIAS_REF] IdentNode: &apos;user0_.id&apos; {alias=u, className=cn.cstqb.exam.testmaker.entities.User, tableAlias=user0_}
          |  \-[IDENT] IdentNode: &apos;username&apos; {originalText=username}
          \-[NAMED_PARAM] ParameterNode: &apos;?&apos; {name=username, expectedType=org.hibernate.type.StringType@442e7215}

14:27:17.377 [main] DEBUG o.h.hql.internal.ast.ErrorCounter - throwQueryException() : no errors
14:27:17.378 [main] DEBUG o.h.h.i.ast.QueryTranslatorImpl - HQL: SELECT u from cn.cstqb.exam.testmaker.entities.User u where u.username = :username
14:27:17.378 [main] DEBUG o.h.h.i.ast.QueryTranslatorImpl - SQL: select user0_.id as id1_20_, user0_.created_on as created_2_20_, user0_.updated_on as updated_3_20_, user0_.email as email4_20_, user0_.enabled as enabled5_20_, user0_.full_name as full_nam6_20_, user0_.is_admin as is_admin7_20_, user0_.last_login as last_log8_20_, user0_.login_count as login_co9_20_, user0_.password as passwor10_20_, user0_.phone as phone11_20_, user0_.username as usernam12_20_ from user user0_ where user0_.username=?
14:27:17.378 [main] DEBUG o.h.hql.internal.ast.ErrorCounter - throwQueryException() : no errors
14:27:17.378 [main] DEBUG o.h.internal.NamedQueryRepository - Checking 0 named SQL queries
14:27:17.378 [main] DEBUG o.h.s.internal.StatisticsInitiator - Statistics initialized [enabled=false]
14:27:17.378 [main] DEBUG o.h.j.i.schemagen.JpaSchemaGenerator - No actions specified; doing nothing
14:27:17.394 [main] DEBUG o.h.j.i.EntityManagerFactoryRegistry - Registering EntityManagerFactory: test-maker 
14:27:17.395 [main] DEBUG o.h.internal.SessionFactoryImpl - HHH000031: Closing
14:27:17.395 [main] DEBUG o.h.s.i.AbstractServiceRegistryImpl - Implicitly destroying ServiceRegistry on de-registration of all child ServiceRegistries
14:27:17.396 [main] DEBUG o.h.b.r.i.BootstrapServiceRegistryImpl - Implicitly destroying Boot-strap registry on de-registration of all child ServiceRegistries
14:27:17.396 [main] DEBUG o.h.j.i.EntityManagerFactoryRegistry - Remove: name=test-maker
</system-out>
    <system-err>4月 21, 2020 2:27:16 下午 com.mchange.v2.c3p0.impl.AbstractPoolBackedDataSource getPoolManager
信息: Initializing c3p0 pool... com.mchange.v2.c3p0.PoolBackedDataSource@cea675e9 [ connectionPoolDataSource -&gt; com.mchange.v2.c3p0.WrapperConnectionPoolDataSource@7fbf0263 [ acquireIncrement -&gt; 3, acquireRetryAttempts -&gt; 30, acquireRetryDelay -&gt; 1000, autoCommitOnClose -&gt; false, automaticTestTable -&gt; _conTestTable, breakAfterAcquireFailure -&gt; false, checkoutTimeout -&gt; 0, connectionCustomizerClassName -&gt; null, connectionTesterClassName -&gt; com.mchange.v2.c3p0.impl.DefaultConnectionTester, debugUnreturnedConnectionStackTraces -&gt; false, factoryClassLocation -&gt; null, forceIgnoreUnresolvedTransactions -&gt; false, identityToken -&gt; 1hgeby9a9174ft50deh47e|5f88cd72, idleConnectionTestPeriod -&gt; 120, initialPoolSize -&gt; 3, maxAdministrativeTaskTime -&gt; 0, maxConnectionAge -&gt; 21600, maxIdleTime -&gt; 600, maxIdleTimeExcessConnections -&gt; 20, maxPoolSize -&gt; 15, maxStatements -&gt; 0, maxStatementsPerConnection -&gt; 0, minPoolSize -&gt; 3, nestedDataSource -&gt; com.mchange.v2.c3p0.DriverManagerDataSource@54e4b2bd [ description -&gt; null, driverClass -&gt; null, factoryClassLocation -&gt; null, identityToken -&gt; 1hgeby9a9174ft50deh47e|18ccc681, jdbcUrl -&gt; jdbc:mysql://localhost:3306/testmaker, properties -&gt; {user=******} ], preferredTestQuery -&gt; null, propertyCycle -&gt; 0, statementCacheNumDeferredCloseThreads -&gt; 0, testConnectionOnCheckin -&gt; false, testConnectionOnCheckout -&gt; true, unreturnedConnectionTimeout -&gt; 0, usesTraditionalReflectiveProxies -&gt; false; userOverrides: {} ], dataSourceName -&gt; null, factoryClassLocation -&gt; null, identityToken -&gt; 1hgeby9a9174ft50deh47e|75945b89, numHelperThreads -&gt; 3 ]
</system-err>
  </testcase>
</testsuite>