<?xml version="1.0" encoding="UTF-8" ?>
<testsuite tests="1" failures="0" name="cn.cstqb.exam.testmaker.actions.projects.ExportProjectActionTest" time="0.346" errors="1" skipped="0">
  <properties>
[...]
</properties>
  <testcase classname="cn.cstqb.exam.testmaker.actions.projects.ExportProjectActionTest" name="testExecute" time="0.346">
    <error type="java.lang.NullPointerException">java.lang.NullPointerException
	at cn.cstqb.exam.testmaker.actions.BaseAction.getLoggedInUser(BaseAction.java:125)
	at cn.cstqb.exam.testmaker.actions.projects.ExportProjectAction.validateInput(ExportProjectAction.java:64)
	at cn.cstqb.exam.testmaker.actions.BaseAction.execute(BaseAction.java:90)
	at cn.cstqb.exam.testmaker.actions.projects.ExportProjectActionTest.testExecute(ExportProjectActionTest.java:30)
	at java.base/jdk.internal.reflect.NativeMethodAccessorImpl.invoke0(Native Method)
	at java.base/jdk.internal.reflect.NativeMethodAccessorImpl.invoke(NativeMethodAccessorImpl.java:62)
	at java.base/jdk.internal.reflect.DelegatingMethodAccessorImpl.invoke(DelegatingMethodAccessorImpl.java:43)
	at java.base/java.lang.reflect.Method.invoke(Method.java:567)
	at org.junit.runners.model.FrameworkMethod$1.runReflectiveCall(FrameworkMethod.java:50)
	at org.junit.internal.runners.model.ReflectiveCallable.run(ReflectiveCallable.java:12)
	at org.junit.runners.model.FrameworkMethod.invokeExplosively(FrameworkMethod.java:47)
	at org.junit.internal.runners.statements.InvokeMethod.evaluate(InvokeMethod.java:17)
	at org.junit.internal.runners.statements.RunBefores.evaluate(RunBefores.java:26)
	at org.junit.internal.runners.statements.RunAfters.evaluate(RunAfters.java:27)
	at org.junit.runners.ParentRunner.runLeaf(ParentRunner.java:325)
	at org.junit.runners.BlockJUnit4ClassRunner.runChild(BlockJUnit4ClassRunner.java:78)
	at org.junit.runners.BlockJUnit4ClassRunner.runChild(BlockJUnit4ClassRunner.java:57)
	at org.junit.runners.ParentRunner$3.run(ParentRunner.java:290)
	at org.junit.runners.ParentRunner$1.schedule(ParentRunner.java:71)
	at org.junit.runners.ParentRunner.runChildren(ParentRunner.java:288)
	at org.junit.runners.ParentRunner.access$000(ParentRunner.java:58)
	at org.junit.runners.ParentRunner$2.evaluate(ParentRunner.java:268)
	at org.junit.rules.ExternalResource$1.evaluate(ExternalResource.java:48)
	at org.junit.rules.RunRules.evaluate(RunRules.java:20)
	at org.junit.runners.ParentRunner.run(ParentRunner.java:363)
	at org.apache.maven.surefire.junit4.JUnit4Provider.execute(JUnit4Provider.java:252)
	at org.apache.maven.surefire.junit4.JUnit4Provider.executeTestSet(JUnit4Provider.java:141)
	at org.apache.maven.surefire.junit4.JUnit4Provider.invoke(JUnit4Provider.java:112)
	at java.base/jdk.internal.reflect.NativeMethodAccessorImpl.invoke0(Native Method)
	at java.base/jdk.internal.reflect.NativeMethodAccessorImpl.invoke(NativeMethodAccessorImpl.java:62)
	at java.base/jdk.internal.reflect.DelegatingMethodAccessorImpl.invoke(DelegatingMethodAccessorImpl.java:43)
	at java.base/java.lang.reflect.Method.invoke(Method.java:567)
	at org.apache.maven.surefire.util.ReflectionUtils.invokeMethodWithArray(ReflectionUtils.java:189)
	at org.apache.maven.surefire.booter.ProviderFactory$ProviderProxy.invoke(ProviderFactory.java:165)
	at org.apache.maven.surefire.booter.ProviderFactory.invokeProvider(ProviderFactory.java:85)
	at org.apache.maven.surefire.booter.ForkedBooter.runSuitesInProcess(ForkedBooter.java:115)
	at org.apache.maven.surefire.booter.ForkedBooter.main(ForkedBooter.java:75)
</error>
    <system-out>14:27:11,088 |-INFO in ch.qos.logback.classic.LoggerContext[default] - Could NOT find resource [logback.groovy]
14:27:11,089 |-INFO in ch.qos.logback.classic.LoggerContext[default] - Found resource [logback-test.xml] at [file:/D:/whitebox-test/test-maker-group1/test-maker/target/test-classes/logback-test.xml]
14:27:11,222 |-INFO in ch.qos.logback.core.joran.action.AppenderAction - About to instantiate appender of type [ch.qos.logback.core.ConsoleAppender]
14:27:11,227 |-INFO in ch.qos.logback.core.joran.action.AppenderAction - Naming appender as [STDOUT]
14:27:11,250 |-INFO in ch.qos.logback.core.joran.action.NestedComplexPropertyIA - Assuming default type [ch.qos.logback.classic.encoder.PatternLayoutEncoder] for [encoder] property
14:27:11,296 |-INFO in ch.qos.logback.core.joran.action.AppenderAction - About to instantiate appender of type [ch.qos.logback.core.FileAppender]
14:27:11,298 |-INFO in ch.qos.logback.core.joran.action.AppenderAction - Naming appender as [FILE]
14:27:11,301 |-INFO in ch.qos.logback.core.joran.action.NestedComplexPropertyIA - Assuming default type [ch.qos.logback.classic.encoder.PatternLayoutEncoder] for [encoder] property
14:27:11,302 |-INFO in ch.qos.logback.core.FileAppender[FILE] - File property is set to [C:\Users\wangs\CSTQB-test-maker-debug.log]
14:27:11,307 |-INFO in ch.qos.logback.classic.joran.action.LoggerAction - Setting level of logger [org.hibernate.loader] to INFO
14:27:11,307 |-INFO in ch.qos.logback.classic.joran.action.RootLoggerAction - Setting level of ROOT logger to DEBUG
14:27:11,307 |-INFO in ch.qos.logback.core.joran.action.AppenderRefAction - Attaching appender named [STDOUT] to Logger[ROOT]
14:27:11,308 |-INFO in ch.qos.logback.core.joran.action.AppenderRefAction - Attaching appender named [FILE] to Logger[ROOT]
14:27:11,309 |-INFO in ch.qos.logback.classic.joran.action.ConfigurationAction - End of configuration.
14:27:11,311 |-INFO in ch.qos.logback.classic.joran.JoranConfigurator@6ecd665 - Registering current configuration as safe fallback point
14:27:12.541 [main] DEBUG c.c.e.t.c.ApplicationConfigContext - Custom configuration origin: null
14:27:13.038 [main] DEBUG c.c.e.t.configuration.AppInjector - Created new cn.cstqb.exam.testmaker.configuration.AppInjector instance. UUID=[87e69463-ae42-45d5-add6-f126216eb577]...
14:27:13.060 [main] DEBUG org.jboss.logging - Logging Provider: org.jboss.logging.Slf4jLoggerProvider
14:27:13.087 [main] WARN  o.hibernate.ejb.HibernatePersistence - HHH015016: Encountered a deprecated javax.persistence.spi.PersistenceProvider [org.hibernate.ejb.HibernatePersistence]; use [org.hibernate.jpa.HibernatePersistenceProvider] instead.
14:27:13.088 [main] WARN  o.hibernate.ejb.HibernatePersistence - HHH015016: Encountered a deprecated javax.persistence.spi.PersistenceProvider [org.hibernate.ejb.HibernatePersistence]; use [org.hibernate.jpa.HibernatePersistenceProvider] instead.
14:27:13.089 [main] WARN  o.hibernate.ejb.HibernatePersistence - HHH015016: Encountered a deprecated javax.persistence.spi.PersistenceProvider [org.hibernate.ejb.HibernatePersistence]; use [org.hibernate.jpa.HibernatePersistenceProvider] instead.
14:27:13.096 [main] DEBUG o.h.b.r.c.i.ClassLoaderServiceImpl - Incoming config yielded no classloaders; adding standard SE ones
14:27:13.162 [main] DEBUG o.h.jpa.HibernatePersistenceProvider - Located and parsed 1 persistence units; checking each
14:27:13.162 [main] DEBUG o.h.jpa.HibernatePersistenceProvider - Checking persistence-unit [name=test-maker, explicit-provider=org.hibernate.jpa.HibernatePersistenceProvider] against incoming persistence unit name [test-maker]
14:27:13.164 [main] DEBUG o.h.jpa.boot.spi.ProviderChecker - Persistence-unit [test-maker] requested PersistenceProvider [org.hibernate.jpa.HibernatePersistenceProvider]
14:27:13.176 [main] DEBUG o.h.jpa.internal.util.LogHelper - PersistenceUnitInfo [
	name: test-maker
	persistence provider classname: org.hibernate.jpa.HibernatePersistenceProvider
	classloader: null
	excludeUnlistedClasses: false
	JTA datasource: null
	Non JTA datasource: null
	Transaction type: RESOURCE_LOCAL
	PU root URL: file:/D:/whitebox-test/test-maker-group1/test-maker/target/classes/
	Shared Cache Mode: NONE
	Validation Mode: null
	Jar files URLs []
	Managed classes names []
	Mapping files names []
	Properties [
		javax.persistence.jdbc.url: jdbc:mysql://localhost:3306/testmaker
		javax.persistence.jdbc.password: 
		hibernate.c3p0.idle_test_period: 120
		hibernate.cache.use_second_level_cache: false
		hibernate.show_sql: true
		org.hibernate.flushMode: COMMIT
		hibernate.c3p0.validate: true
		hibernate.c3p0.timeout: 600
		hibernate.hbm2ddl.auto: update
		hibernate.c3p0.maxIdleTimeExcessConnections: 20
		hibernate.ejb.naming_strategy: org.hibernate.cfg.ImprovedNamingStrategy
		hibernate.format_sql: true
		hibernate.enable_lazy_load_no_trans: true
		javax.persistence.jdbc.user: root
		javax.persistence.jdbc.driver: com.mysql.jdbc.Driver
		connection.provider_class: org.hibernate.connection.C3P0ConnectionProvider
		hibernate.c3p0.automaticTestTable: _conTestTable
		hibernate.dialect: org.hibernate.dialect.MySQL5InnoDBDialect]
14:27:13.196 [main] DEBUG o.h.i.internal.IntegratorServiceImpl - Adding Integrator [org.hibernate.cfg.beanvalidation.BeanValidationIntegrator].
14:27:13.198 [main] DEBUG o.h.i.internal.IntegratorServiceImpl - Adding Integrator [org.hibernate.secure.spi.JaccIntegrator].
14:27:13.201 [main] DEBUG o.h.i.internal.IntegratorServiceImpl - Adding Integrator [org.hibernate.cache.internal.CollectionCacheInvalidator].
14:27:13.201 [main] DEBUG o.h.i.internal.IntegratorServiceImpl - Adding Integrator [org.hibernate.jpa.event.spi.JpaIntegrator].
14:27:13.228 [main] DEBUG o.h.b.r.s.i.StrategySelectorImpl - Registering named strategy selector [org.hibernate.dialect.Dialect] : [MySQL5] -&gt; [org.hibernate.dialect.MySQL5Dialect] (replacing [org.hibernate.dialect.MySQL5Dialect])
14:27:13.228 [main] DEBUG o.h.b.r.s.i.StrategySelectorImpl - Registering named strategy selector [org.hibernate.dialect.Dialect] : [MySQL5InnoDB] -&gt; [org.hibernate.dialect.MySQL5InnoDBDialect] (replacing [org.hibernate.dialect.MySQL5InnoDBDialect])
14:27:13.289 [main] INFO  org.hibernate.Version - HHH000412: Hibernate Core {4.3.7.Final}
14:27:13.292 [main] INFO  org.hibernate.cfg.Environment - HHH000206: hibernate.properties not found
14:27:13.295 [main] INFO  org.hibernate.cfg.Environment - HHH000021: Bytecode provider name : javassist
14:27:13.545 [main] DEBUG o.h.service.spi.ServiceBinding - Overriding existing service binding [org.hibernate.secure.spi.JaccService]
14:27:13.583 [main] DEBUG org.hibernate.type.BasicTypeRegistry - Adding type registration boolean -&gt; org.hibernate.type.BooleanType@4271960c
14:27:13.583 [main] DEBUG org.hibernate.type.BasicTypeRegistry - Adding type registration boolean -&gt; org.hibernate.type.BooleanType@4271960c
14:27:13.584 [main] DEBUG org.hibernate.type.BasicTypeRegistry - Adding type registration java.lang.Boolean -&gt; org.hibernate.type.BooleanType@4271960c
14:27:13.585 [main] DEBUG org.hibernate.type.BasicTypeRegistry - Adding type registration numeric_boolean -&gt; org.hibernate.type.NumericBooleanType@7cba8293
14:27:13.595 [main] DEBUG org.hibernate.type.BasicTypeRegistry - Adding type registration true_false -&gt; org.hibernate.type.TrueFalseType@a49995f
14:27:13.596 [main] DEBUG org.hibernate.type.BasicTypeRegistry - Adding type registration yes_no -&gt; org.hibernate.type.YesNoType@cb03360
14:27:13.598 [main] DEBUG org.hibernate.type.BasicTypeRegistry - Adding type registration byte -&gt; org.hibernate.type.ByteType@485dfac9
14:27:13.598 [main] DEBUG org.hibernate.type.BasicTypeRegistry - Adding type registration byte -&gt; org.hibernate.type.ByteType@485dfac9
14:27:13.599 [main] DEBUG org.hibernate.type.BasicTypeRegistry - Adding type registration java.lang.Byte -&gt; org.hibernate.type.ByteType@485dfac9
14:27:13.600 [main] DEBUG org.hibernate.type.BasicTypeRegistry - Adding type registration character -&gt; org.hibernate.type.CharacterType@97842a0
14:27:13.600 [main] DEBUG org.hibernate.type.BasicTypeRegistry - Adding type registration char -&gt; org.hibernate.type.CharacterType@97842a0
14:27:13.600 [main] DEBUG org.hibernate.type.BasicTypeRegistry - Adding type registration java.lang.Character -&gt; org.hibernate.type.CharacterType@97842a0
14:27:13.602 [main] DEBUG org.hibernate.type.BasicTypeRegistry - Adding type registration short -&gt; org.hibernate.type.ShortType@74ee07e
14:27:13.603 [main] DEBUG org.hibernate.type.BasicTypeRegistry - Adding type registration short -&gt; org.hibernate.type.ShortType@74ee07e
14:27:13.603 [main] DEBUG org.hibernate.type.BasicTypeRegistry - Adding type registration java.lang.Short -&gt; org.hibernate.type.ShortType@74ee07e
14:27:13.605 [main] DEBUG org.hibernate.type.BasicTypeRegistry - Adding type registration integer -&gt; org.hibernate.type.IntegerType@75b5d09
14:27:13.605 [main] DEBUG org.hibernate.type.BasicTypeRegistry - Adding type registration int -&gt; org.hibernate.type.IntegerType@75b5d09
14:27:13.605 [main] DEBUG org.hibernate.type.BasicTypeRegistry - Adding type registration java.lang.Integer -&gt; org.hibernate.type.IntegerType@75b5d09
14:27:13.607 [main] DEBUG org.hibernate.type.BasicTypeRegistry - Adding type registration long -&gt; org.hibernate.type.LongType@4973fb7d
14:27:13.607 [main] DEBUG org.hibernate.type.BasicTypeRegistry - Adding type registration long -&gt; org.hibernate.type.LongType@4973fb7d
14:27:13.607 [main] DEBUG org.hibernate.type.BasicTypeRegistry - Adding type registration java.lang.Long -&gt; org.hibernate.type.LongType@4973fb7d
14:27:13.610 [main] DEBUG org.hibernate.type.BasicTypeRegistry - Adding type registration float -&gt; org.hibernate.type.FloatType@38fc2c39
14:27:13.610 [main] DEBUG org.hibernate.type.BasicTypeRegistry - Adding type registration float -&gt; org.hibernate.type.FloatType@38fc2c39
14:27:13.610 [main] DEBUG org.hibernate.type.BasicTypeRegistry - Adding type registration java.lang.Float -&gt; org.hibernate.type.FloatType@38fc2c39
14:27:13.611 [main] DEBUG org.hibernate.type.BasicTypeRegistry - Adding type registration double -&gt; org.hibernate.type.DoubleType@33a38f07
14:27:13.611 [main] DEBUG org.hibernate.type.BasicTypeRegistry - Adding type registration double -&gt; org.hibernate.type.DoubleType@33a38f07
14:27:13.611 [main] DEBUG org.hibernate.type.BasicTypeRegistry - Adding type registration java.lang.Double -&gt; org.hibernate.type.DoubleType@33a38f07
14:27:13.615 [main] DEBUG org.hibernate.type.BasicTypeRegistry - Adding type registration big_decimal -&gt; org.hibernate.type.BigDecimalType@4dea763c
14:27:13.615 [main] DEBUG org.hibernate.type.BasicTypeRegistry - Adding type registration java.math.BigDecimal -&gt; org.hibernate.type.BigDecimalType@4dea763c
14:27:13.616 [main] DEBUG org.hibernate.type.BasicTypeRegistry - Adding type registration big_integer -&gt; org.hibernate.type.BigIntegerType@58192546
14:27:13.616 [main] DEBUG org.hibernate.type.BasicTypeRegistry - Adding type registration java.math.BigInteger -&gt; org.hibernate.type.BigIntegerType@58192546
14:27:13.618 [main] DEBUG org.hibernate.type.BasicTypeRegistry - Adding type registration string -&gt; org.hibernate.type.StringType@442e7215
14:27:13.618 [main] DEBUG org.hibernate.type.BasicTypeRegistry - Adding type registration java.lang.String -&gt; org.hibernate.type.StringType@442e7215
14:27:13.619 [main] DEBUG org.hibernate.type.BasicTypeRegistry - Adding type registration nstring -&gt; org.hibernate.type.StringNVarcharType@2541b4d3
14:27:13.620 [main] DEBUG org.hibernate.type.BasicTypeRegistry - Adding type registration ncharacter -&gt; org.hibernate.type.CharacterNCharType@6cc9f35d
14:27:13.622 [main] DEBUG org.hibernate.type.BasicTypeRegistry - Adding type registration url -&gt; org.hibernate.type.UrlType@6945fdb8
14:27:13.622 [main] DEBUG org.hibernate.type.BasicTypeRegistry - Adding type registration java.net.URL -&gt; org.hibernate.type.UrlType@6945fdb8
14:27:13.625 [main] DEBUG org.hibernate.type.BasicTypeRegistry - Adding type registration date -&gt; org.hibernate.type.DateType@3dc976da
14:27:13.625 [main] DEBUG org.hibernate.type.BasicTypeRegistry - Adding type registration java.sql.Date -&gt; org.hibernate.type.DateType@3dc976da
14:27:13.627 [main] DEBUG org.hibernate.type.BasicTypeRegistry - Adding type registration time -&gt; org.hibernate.type.TimeType@1a524c6b
14:27:13.628 [main] DEBUG org.hibernate.type.BasicTypeRegistry - Adding type registration java.sql.Time -&gt; org.hibernate.type.TimeType@1a524c6b
14:27:13.630 [main] DEBUG org.hibernate.type.BasicTypeRegistry - Adding type registration timestamp -&gt; org.hibernate.type.TimestampType@6ca6cc1c
14:27:13.630 [main] DEBUG org.hibernate.type.BasicTypeRegistry - Adding type registration java.sql.Timestamp -&gt; org.hibernate.type.TimestampType@6ca6cc1c
14:27:13.630 [main] DEBUG org.hibernate.type.BasicTypeRegistry - Adding type registration java.util.Date -&gt; org.hibernate.type.TimestampType@6ca6cc1c
14:27:13.633 [main] DEBUG org.hibernate.type.BasicTypeRegistry - Adding type registration dbtimestamp -&gt; org.hibernate.type.DbTimestampType@55c901b2
14:27:13.635 [main] DEBUG org.hibernate.type.BasicTypeRegistry - Adding type registration calendar -&gt; org.hibernate.type.CalendarType@1c7da28
14:27:13.635 [main] DEBUG org.hibernate.type.BasicTypeRegistry - Adding type registration java.util.Calendar -&gt; org.hibernate.type.CalendarType@1c7da28
14:27:13.636 [main] DEBUG org.hibernate.type.BasicTypeRegistry - Adding type registration java.util.GregorianCalendar -&gt; org.hibernate.type.CalendarType@1c7da28
14:27:13.637 [main] DEBUG org.hibernate.type.BasicTypeRegistry - Adding type registration calendar_date -&gt; org.hibernate.type.CalendarDateType@1915879c
14:27:13.638 [main] DEBUG org.hibernate.type.BasicTypeRegistry - Adding type registration locale -&gt; org.hibernate.type.LocaleType@3a7be6e6
14:27:13.638 [main] DEBUG org.hibernate.type.BasicTypeRegistry - Adding type registration java.util.Locale -&gt; org.hibernate.type.LocaleType@3a7be6e6
14:27:13.640 [main] DEBUG org.hibernate.type.BasicTypeRegistry - Adding type registration currency -&gt; org.hibernate.type.CurrencyType@bd8f424
14:27:13.640 [main] DEBUG org.hibernate.type.BasicTypeRegistry - Adding type registration java.util.Currency -&gt; org.hibernate.type.CurrencyType@bd8f424
14:27:13.643 [main] DEBUG org.hibernate.type.BasicTypeRegistry - Adding type registration timezone -&gt; org.hibernate.type.TimeZoneType@5d96b0f
14:27:13.643 [main] DEBUG org.hibernate.type.BasicTypeRegistry - Adding type registration java.util.TimeZone -&gt; org.hibernate.type.TimeZoneType@5d96b0f
14:27:13.644 [main] DEBUG org.hibernate.type.BasicTypeRegistry - Adding type registration class -&gt; org.hibernate.type.ClassType@3d0f2154
14:27:13.644 [main] DEBUG org.hibernate.type.BasicTypeRegistry - Adding type registration java.lang.Class -&gt; org.hibernate.type.ClassType@3d0f2154
14:27:13.646 [main] DEBUG org.hibernate.type.BasicTypeRegistry - Adding type registration uuid-binary -&gt; org.hibernate.type.UUIDBinaryType@46ebd87a
14:27:13.646 [main] DEBUG org.hibernate.type.BasicTypeRegistry - Adding type registration java.util.UUID -&gt; org.hibernate.type.UUIDBinaryType@46ebd87a
14:27:13.648 [main] DEBUG org.hibernate.type.BasicTypeRegistry - Adding type registration uuid-char -&gt; org.hibernate.type.UUIDCharType@771deee6
14:27:13.650 [main] DEBUG org.hibernate.type.BasicTypeRegistry - Adding type registration pg-uuid -&gt; org.hibernate.type.PostgresUUIDType@adc06b2
14:27:13.652 [main] DEBUG org.hibernate.type.BasicTypeRegistry - Adding type registration binary -&gt; org.hibernate.type.BinaryType@78fc5eb
14:27:13.652 [main] DEBUG org.hibernate.type.BasicTypeRegistry - Adding type registration byte[] -&gt; org.hibernate.type.BinaryType@78fc5eb
14:27:13.653 [main] DEBUG org.hibernate.type.BasicTypeRegistry - Adding type registration [B -&gt; org.hibernate.type.BinaryType@78fc5eb
14:27:13.654 [main] DEBUG org.hibernate.type.BasicTypeRegistry - Adding type registration wrapper-binary -&gt; org.hibernate.type.WrapperBinaryType@6385b07d
14:27:13.654 [main] DEBUG org.hibernate.type.BasicTypeRegistry - Adding type registration Byte[] -&gt; org.hibernate.type.WrapperBinaryType@6385b07d
14:27:13.655 [main] DEBUG org.hibernate.type.BasicTypeRegistry - Adding type registration [Ljava.lang.Byte; -&gt; org.hibernate.type.WrapperBinaryType@6385b07d
14:27:13.657 [main] DEBUG org.hibernate.type.BasicTypeRegistry - Adding type registration image -&gt; org.hibernate.type.ImageType@15c0a8ad
14:27:13.659 [main] DEBUG org.hibernate.type.BasicTypeRegistry - Adding type registration characters -&gt; org.hibernate.type.CharArrayType@60ddad4
14:27:13.660 [main] DEBUG org.hibernate.type.BasicTypeRegistry - Adding type registration char[] -&gt; org.hibernate.type.CharArrayType@60ddad4
14:27:13.660 [main] DEBUG org.hibernate.type.BasicTypeRegistry - Adding type registration [C -&gt; org.hibernate.type.CharArrayType@60ddad4
14:27:13.662 [main] DEBUG org.hibernate.type.BasicTypeRegistry - Adding type registration wrapper-characters -&gt; org.hibernate.type.CharacterArrayType@2181144e
14:27:13.662 [main] DEBUG org.hibernate.type.BasicTypeRegistry - Adding type registration [Ljava.lang.Character; -&gt; org.hibernate.type.CharacterArrayType@2181144e
14:27:13.662 [main] DEBUG org.hibernate.type.BasicTypeRegistry - Adding type registration Character[] -&gt; org.hibernate.type.CharacterArrayType@2181144e
14:27:13.664 [main] DEBUG org.hibernate.type.BasicTypeRegistry - Adding type registration text -&gt; org.hibernate.type.TextType@34dc40d5
14:27:13.665 [main] DEBUG org.hibernate.type.BasicTypeRegistry - Adding type registration ntext -&gt; org.hibernate.type.NTextType@466a5b80
14:27:13.671 [main] DEBUG org.hibernate.type.BasicTypeRegistry - Adding type registration blob -&gt; org.hibernate.type.BlobType@6d598162
14:27:13.672 [main] DEBUG org.hibernate.type.BasicTypeRegistry - Adding type registration java.sql.Blob -&gt; org.hibernate.type.BlobType@6d598162
14:27:13.672 [main] DEBUG org.hibernate.type.BasicTypeRegistry - Adding type registration materialized_blob -&gt; org.hibernate.type.MaterializedBlobType@68ad030d
14:27:13.678 [main] DEBUG org.hibernate.type.BasicTypeRegistry - Adding type registration clob -&gt; org.hibernate.type.ClobType@3a89f2a0
14:27:13.678 [main] DEBUG org.hibernate.type.BasicTypeRegistry - Adding type registration java.sql.Clob -&gt; org.hibernate.type.ClobType@3a89f2a0
14:27:13.682 [main] DEBUG org.hibernate.type.BasicTypeRegistry - Adding type registration nclob -&gt; org.hibernate.type.NClobType@386cc1c4
14:27:13.683 [main] DEBUG org.hibernate.type.BasicTypeRegistry - Adding type registration java.sql.NClob -&gt; org.hibernate.type.NClobType@386cc1c4
14:27:13.683 [main] DEBUG org.hibernate.type.BasicTypeRegistry - Adding type registration materialized_clob -&gt; org.hibernate.type.MaterializedClobType@2e6ca6b5
14:27:13.685 [main] DEBUG org.hibernate.type.BasicTypeRegistry - Adding type registration materialized_nclob -&gt; org.hibernate.type.MaterializedNClobType@41185195
14:27:13.686 [main] DEBUG org.hibernate.type.BasicTypeRegistry - Adding type registration serializable -&gt; org.hibernate.type.SerializableType@63a833c5
14:27:13.690 [main] DEBUG org.hibernate.type.BasicTypeRegistry - Adding type registration object -&gt; org.hibernate.type.ObjectType@78b20c7f
14:27:13.690 [main] DEBUG org.hibernate.type.BasicTypeRegistry - Adding type registration java.lang.Object -&gt; org.hibernate.type.ObjectType@78b20c7f
14:27:13.691 [main] DEBUG org.hibernate.type.BasicTypeRegistry - Adding type registration imm_date -&gt; org.hibernate.type.AdaptedImmutableType@766534b0
14:27:13.691 [main] DEBUG org.hibernate.type.BasicTypeRegistry - Adding type registration imm_time -&gt; org.hibernate.type.AdaptedImmutableType@4f1cb802
14:27:13.692 [main] DEBUG org.hibernate.type.BasicTypeRegistry - Adding type registration imm_timestamp -&gt; org.hibernate.type.AdaptedImmutableType@1077a7
14:27:13.692 [main] DEBUG org.hibernate.type.BasicTypeRegistry - Adding type registration imm_dbtimestamp -&gt; org.hibernate.type.AdaptedImmutableType@6e0fd2dc
14:27:13.692 [main] DEBUG org.hibernate.type.BasicTypeRegistry - Adding type registration imm_calendar -&gt; org.hibernate.type.AdaptedImmutableType@3110bb19
14:27:13.692 [main] DEBUG org.hibernate.type.BasicTypeRegistry - Adding type registration imm_calendar_date -&gt; org.hibernate.type.AdaptedImmutableType@1be6c991
14:27:13.692 [main] DEBUG org.hibernate.type.BasicTypeRegistry - Adding type registration imm_binary -&gt; org.hibernate.type.AdaptedImmutableType@18482805
14:27:13.692 [main] DEBUG org.hibernate.type.BasicTypeRegistry - Adding type registration imm_serializable -&gt; org.hibernate.type.AdaptedImmutableType@84180e2
14:27:13.721 [main] INFO  o.h.annotations.common.Version - HCANN000001: Hibernate Commons Annotations {4.0.5.Final}
14:27:13.742 [main] DEBUG o.h.i.f.i.DefaultIdentifierGeneratorFactory - Registering IdentifierGenerator strategy [uuid2] -&gt; [org.hibernate.id.UUIDGenerator]
14:27:13.743 [main] DEBUG o.h.i.f.i.DefaultIdentifierGeneratorFactory - Registering IdentifierGenerator strategy [guid] -&gt; [org.hibernate.id.GUIDGenerator]
14:27:13.744 [main] DEBUG o.h.i.f.i.DefaultIdentifierGeneratorFactory - Registering IdentifierGenerator strategy [uuid] -&gt; [org.hibernate.id.UUIDHexGenerator]
14:27:13.744 [main] DEBUG o.h.i.f.i.DefaultIdentifierGeneratorFactory - Registering IdentifierGenerator strategy [uuid.hex] -&gt; [org.hibernate.id.UUIDHexGenerator]
14:27:13.746 [main] DEBUG o.h.i.f.i.DefaultIdentifierGeneratorFactory - Registering IdentifierGenerator strategy [hilo] -&gt; [org.hibernate.id.TableHiLoGenerator]
14:27:13.747 [main] DEBUG o.h.i.f.i.DefaultIdentifierGeneratorFactory - Registering IdentifierGenerator strategy [assigned] -&gt; [org.hibernate.id.Assigned]
14:27:13.748 [main] DEBUG o.h.i.f.i.DefaultIdentifierGeneratorFactory - Registering IdentifierGenerator strategy [identity] -&gt; [org.hibernate.id.IdentityGenerator]
14:27:13.749 [main] DEBUG o.h.i.f.i.DefaultIdentifierGeneratorFactory - Registering IdentifierGenerator strategy [select] -&gt; [org.hibernate.id.SelectGenerator]
14:27:13.750 [main] DEBUG o.h.i.f.i.DefaultIdentifierGeneratorFactory - Registering IdentifierGenerator strategy [sequence] -&gt; [org.hibernate.id.SequenceGenerator]
14:27:13.751 [main] DEBUG o.h.i.f.i.DefaultIdentifierGeneratorFactory - Registering IdentifierGenerator strategy [seqhilo] -&gt; [org.hibernate.id.SequenceHiLoGenerator]
14:27:13.752 [main] DEBUG o.h.i.f.i.DefaultIdentifierGeneratorFactory - Registering IdentifierGenerator strategy [increment] -&gt; [org.hibernate.id.IncrementGenerator]
14:27:13.753 [main] DEBUG o.h.i.f.i.DefaultIdentifierGeneratorFactory - Registering IdentifierGenerator strategy [foreign] -&gt; [org.hibernate.id.ForeignGenerator]
14:27:13.754 [main] DEBUG o.h.i.f.i.DefaultIdentifierGeneratorFactory - Registering IdentifierGenerator strategy [sequence-identity] -&gt; [org.hibernate.id.SequenceIdentityGenerator]
14:27:13.755 [main] DEBUG o.h.i.f.i.DefaultIdentifierGeneratorFactory - Registering IdentifierGenerator strategy [enhanced-sequence] -&gt; [org.hibernate.id.enhanced.SequenceStyleGenerator]
14:27:13.757 [main] DEBUG o.h.i.f.i.DefaultIdentifierGeneratorFactory - Registering IdentifierGenerator strategy [enhanced-table] -&gt; [org.hibernate.id.enhanced.TableGenerator]
14:27:13.769 [main] DEBUG org.hibernate.cfg.Configuration - Preparing to build session factory with filters : {}
14:27:13.792 [main] INFO  o.h.c.i.C3P0ConnectionProvider - HHH010002: C3P0 using driver: com.mysql.jdbc.Driver at URL: jdbc:mysql://localhost:3306/testmaker
14:27:13.793 [main] INFO  o.h.c.i.C3P0ConnectionProvider - HHH000046: Connection properties: {user=root}
14:27:13.793 [main] INFO  o.h.c.i.C3P0ConnectionProvider - HHH000006: Autocommit mode: false
14:27:14.408 [main] DEBUG o.h.e.jdbc.internal.JdbcServicesImpl - Database -&gt;
       name : MySQL
    version : 5.5.5-10.4.11-MariaDB
      major : 5
      minor : 5
14:27:14.408 [main] DEBUG o.h.e.jdbc.internal.JdbcServicesImpl - Driver -&gt;
       name : MySQL Connector Java
    version : mysql-connector-java-5.1.34 ( Revision: jess.balint@oracle.com-20141014163213-wqbwpf1ok2kvo1om )
      major : 5
      minor : 1
14:27:14.414 [main] DEBUG o.h.e.jdbc.internal.JdbcServicesImpl - JDBC version : 4.0
14:27:14.416 [main] DEBUG o.h.e.j.c.i.StandardRefCursorSupport - Unexpected error trying to gauge level of JDBC REF_CURSOR support : null
14:27:14.445 [main] INFO  org.hibernate.dialect.Dialect - HHH000400: Using dialect: org.hibernate.dialect.MySQL5InnoDBDialect
14:27:14.463 [main] INFO  o.h.e.j.internal.LobCreatorBuilder - HHH000424: Disabling contextual LOB creation as createClob() method threw error : java.lang.reflect.InvocationTargetException
14:27:14.528 [main] DEBUG org.hibernate.cfg.Configuration - Processing hbm.xml files
14:27:14.529 [main] DEBUG org.hibernate.cfg.Configuration - Process annotated classes
14:27:14.546 [main] DEBUG org.hibernate.cfg.AnnotationBinder - Binding entity from annotated class: cn.cstqb.exam.testmaker.entities.PaperQuestion
14:27:14.569 [main] DEBUG org.hibernate.cfg.Ejb3Column - Binding column: Ejb3DiscriminatorColumn{logicalColumnName&apos;DTYPE&apos;, discriminatorTypeName=&apos;string&apos;}
14:27:14.578 [main] DEBUG o.h.cfg.annotations.EntityBinder - Import with entity name PaperQuestion
14:27:14.585 [main] DEBUG o.h.cfg.annotations.EntityBinder - Bind entity cn.cstqb.exam.testmaker.entities.PaperQuestion on table paper_question
14:27:14.619 [main] DEBUG org.hibernate.cfg.Ejb3Column - Binding column: Ejb3Column{table=org.hibernate.mapping.Table(paper_question), mappingColumn=id, insertable=true, updatable=false, unique=false}
14:27:14.623 [main] DEBUG o.h.cfg.annotations.PropertyBinder - MetadataSourceProcessor property id with lazy=false
14:27:14.626 [main] DEBUG o.h.cfg.AbstractPropertyHolder - Attempting to locate auto-apply AttributeConverter for property [cn.cstqb.exam.testmaker.entities.PaperQuestion:id]
14:27:14.627 [main] DEBUG o.h.c.annotations.SimpleValueBinder - building SimpleValue for id
14:27:14.628 [main] DEBUG o.h.cfg.annotations.PropertyBinder - Building property id
14:27:14.633 [main] DEBUG org.hibernate.cfg.Ejb3Column - Binding column: Ejb3Column{table=org.hibernate.mapping.Table(paper_question), mappingColumn=created_on, insertable=true, updatable=false, unique=false}
14:27:14.634 [main] DEBUG o.h.cfg.annotations.PropertyBinder - MetadataSourceProcessor property createdOn with lazy=false
14:27:14.634 [main] DEBUG o.h.cfg.AbstractPropertyHolder - Attempting to locate auto-apply AttributeConverter for property [cn.cstqb.exam.testmaker.entities.PaperQuestion:createdOn]
14:27:14.635 [main] DEBUG o.h.c.annotations.SimpleValueBinder - building SimpleValue for createdOn
14:27:14.635 [main] DEBUG o.h.cfg.annotations.PropertyBinder - Building property createdOn
14:27:14.636 [main] DEBUG org.hibernate.cfg.Ejb3Column - Binding column: Ejb3Column{table=org.hibernate.mapping.Table(paper_question), mappingColumn=updated_on, insertable=true, updatable=true, unique=false}
14:27:14.636 [main] DEBUG o.h.cfg.annotations.PropertyBinder - MetadataSourceProcessor property updatedOn with lazy=false
14:27:14.637 [main] DEBUG o.h.cfg.AbstractPropertyHolder - Attempting to locate auto-apply AttributeConverter for property [cn.cstqb.exam.testmaker.entities.PaperQuestion:updatedOn]
14:27:14.637 [main] DEBUG o.h.c.annotations.SimpleValueBinder - building SimpleValue for updatedOn
14:27:14.637 [main] DEBUG o.h.cfg.annotations.PropertyBinder - Building property updatedOn
14:27:14.638 [main] DEBUG org.hibernate.cfg.Ejb3Column - Binding column: Ejb3JoinColumn{logicalColumnName=&apos;paper_id&apos;, referencedColumn=&apos;&apos;, mappedBy=&apos;&apos;}
14:27:14.639 [main] DEBUG org.hibernate.cfg.Ejb3Column - Binding column: Ejb3Column{table=org.hibernate.mapping.Table(paper_question), mappingColumn=paper, insertable=true, updatable=true, unique=false}
14:27:14.642 [main] DEBUG o.h.cfg.annotations.PropertyBinder - Building property paper
14:27:14.643 [main] DEBUG org.hibernate.cfg.Ejb3Column - Binding column: Ejb3JoinColumn{logicalColumnName=&apos;paper_question_id&apos;, referencedColumn=&apos;&apos;, mappedBy=&apos;&apos;}
14:27:14.643 [main] DEBUG org.hibernate.cfg.Ejb3Column - Binding column: Ejb3Column{table=org.hibernate.mapping.Table(paper_question), mappingColumn=question, insertable=true, updatable=true, unique=false}
14:27:14.644 [main] DEBUG o.h.cfg.annotations.PropertyBinder - Building property question
14:27:14.646 [main] DEBUG org.hibernate.cfg.AnnotationBinder - Binding entity from annotated class: cn.cstqb.exam.testmaker.entities.ProjectStatus
14:27:14.646 [main] DEBUG org.hibernate.cfg.Ejb3Column - Binding column: Ejb3DiscriminatorColumn{logicalColumnName&apos;DTYPE&apos;, discriminatorTypeName=&apos;string&apos;}
14:27:14.646 [main] DEBUG o.h.cfg.annotations.EntityBinder - Import with entity name ProjectStatus
14:27:14.646 [main] DEBUG o.h.cfg.annotations.EntityBinder - Bind entity cn.cstqb.exam.testmaker.entities.ProjectStatus on table project_status
14:27:14.647 [main] DEBUG org.hibernate.cfg.Ejb3Column - Binding column: Ejb3Column{table=org.hibernate.mapping.Table(project_status), mappingColumn=id, insertable=true, updatable=false, unique=false}
14:27:14.648 [main] DEBUG o.h.cfg.annotations.PropertyBinder - MetadataSourceProcessor property id with lazy=false
14:27:14.648 [main] DEBUG o.h.cfg.AbstractPropertyHolder - Attempting to locate auto-apply AttributeConverter for property [cn.cstqb.exam.testmaker.entities.ProjectStatus:id]
14:27:14.648 [main] DEBUG o.h.c.annotations.SimpleValueBinder - building SimpleValue for id
14:27:14.648 [main] DEBUG o.h.cfg.annotations.PropertyBinder - Building property id
14:27:14.648 [main] DEBUG org.hibernate.cfg.Ejb3Column - Binding column: Ejb3Column{table=org.hibernate.mapping.Table(project_status), mappingColumn=created_on, insertable=true, updatable=false, unique=false}
14:27:14.648 [main] DEBUG o.h.cfg.annotations.PropertyBinder - MetadataSourceProcessor property createdOn with lazy=false
14:27:14.648 [main] DEBUG o.h.cfg.AbstractPropertyHolder - Attempting to locate auto-apply AttributeConverter for property [cn.cstqb.exam.testmaker.entities.ProjectStatus:createdOn]
14:27:14.649 [main] DEBUG o.h.c.annotations.SimpleValueBinder - building SimpleValue for createdOn
14:27:14.649 [main] DEBUG o.h.cfg.annotations.PropertyBinder - Building property createdOn
14:27:14.649 [main] DEBUG org.hibernate.cfg.Ejb3Column - Binding column: Ejb3Column{table=org.hibernate.mapping.Table(project_status), mappingColumn=updated_on, insertable=true, updatable=true, unique=false}
14:27:14.649 [main] DEBUG o.h.cfg.annotations.PropertyBinder - MetadataSourceProcessor property updatedOn with lazy=false
14:27:14.649 [main] DEBUG o.h.cfg.AbstractPropertyHolder - Attempting to locate auto-apply AttributeConverter for property [cn.cstqb.exam.testmaker.entities.ProjectStatus:updatedOn]
14:27:14.649 [main] DEBUG o.h.c.annotations.SimpleValueBinder - building SimpleValue for updatedOn
14:27:14.650 [main] DEBUG o.h.cfg.annotations.PropertyBinder - Building property updatedOn
14:27:14.650 [main] DEBUG org.hibernate.cfg.Ejb3Column - Binding column: Ejb3Column{table=org.hibernate.mapping.Table(project_status), mappingColumn=is_finish, insertable=true, updatable=true, unique=false}
14:27:14.650 [main] DEBUG o.h.cfg.annotations.PropertyBinder - MetadataSourceProcessor property isFinish with lazy=false
14:27:14.651 [main] DEBUG o.h.cfg.AbstractPropertyHolder - Attempting to locate auto-apply AttributeConverter for property [cn.cstqb.exam.testmaker.entities.ProjectStatus:isFinish]
14:27:14.651 [main] DEBUG o.h.c.annotations.SimpleValueBinder - building SimpleValue for isFinish
14:27:14.651 [main] DEBUG o.h.cfg.annotations.PropertyBinder - Building property isFinish
14:27:14.651 [main] DEBUG org.hibernate.cfg.Ejb3Column - Binding column: Ejb3Column{table=org.hibernate.mapping.Table(project_status), mappingColumn=is_start, insertable=true, updatable=true, unique=false}
14:27:14.651 [main] DEBUG o.h.cfg.annotations.PropertyBinder - MetadataSourceProcessor property isStart with lazy=false
14:27:14.652 [main] DEBUG o.h.cfg.AbstractPropertyHolder - Attempting to locate auto-apply AttributeConverter for property [cn.cstqb.exam.testmaker.entities.ProjectStatus:isStart]
14:27:14.652 [main] DEBUG o.h.c.annotations.SimpleValueBinder - building SimpleValue for isStart
14:27:14.652 [main] DEBUG o.h.cfg.annotations.PropertyBinder - Building property isStart
14:27:14.652 [main] DEBUG org.hibernate.cfg.Ejb3Column - Binding column: Ejb3Column{table=org.hibernate.mapping.Table(project_status), mappingColumn=name, insertable=true, updatable=true, unique=true}
14:27:14.652 [main] DEBUG o.h.cfg.annotations.PropertyBinder - MetadataSourceProcessor property name with lazy=false
14:27:14.653 [main] DEBUG o.h.cfg.AbstractPropertyHolder - Attempting to locate auto-apply AttributeConverter for property [cn.cstqb.exam.testmaker.entities.ProjectStatus:name]
14:27:14.653 [main] DEBUG o.h.c.annotations.SimpleValueBinder - building SimpleValue for name
14:27:14.653 [main] DEBUG o.h.cfg.annotations.PropertyBinder - Building property name
14:27:14.653 [main] DEBUG org.hibernate.cfg.AnnotationBinder - Binding entity from annotated class: cn.cstqb.exam.testmaker.entities.ReviewAssessment
14:27:14.653 [main] DEBUG org.hibernate.cfg.Ejb3Column - Binding column: Ejb3DiscriminatorColumn{logicalColumnName&apos;DTYPE&apos;, discriminatorTypeName=&apos;string&apos;}
14:27:14.654 [main] DEBUG o.h.cfg.annotations.EntityBinder - Import with entity name ReviewAssessment
14:27:14.654 [main] DEBUG o.h.cfg.annotations.EntityBinder - Bind entity cn.cstqb.exam.testmaker.entities.ReviewAssessment on table review_assessment
14:27:14.655 [main] DEBUG org.hibernate.cfg.Ejb3Column - Binding column: Ejb3Column{table=org.hibernate.mapping.Table(review_assessment), mappingColumn=id, insertable=true, updatable=false, unique=false}
14:27:14.655 [main] DEBUG o.h.cfg.annotations.PropertyBinder - MetadataSourceProcessor property id with lazy=false
14:27:14.655 [main] DEBUG o.h.cfg.AbstractPropertyHolder - Attempting to locate auto-apply AttributeConverter for property [cn.cstqb.exam.testmaker.entities.ReviewAssessment:id]
14:27:14.656 [main] DEBUG o.h.c.annotations.SimpleValueBinder - building SimpleValue for id
14:27:14.656 [main] DEBUG o.h.cfg.annotations.PropertyBinder - Building property id
14:27:14.656 [main] DEBUG org.hibernate.cfg.Ejb3Column - Binding column: Ejb3Column{table=org.hibernate.mapping.Table(review_assessment), mappingColumn=created_on, insertable=true, updatable=false, unique=false}
14:27:14.656 [main] DEBUG o.h.cfg.annotations.PropertyBinder - MetadataSourceProcessor property createdOn with lazy=false
14:27:14.656 [main] DEBUG o.h.cfg.AbstractPropertyHolder - Attempting to locate auto-apply AttributeConverter for property [cn.cstqb.exam.testmaker.entities.ReviewAssessment:createdOn]
14:27:14.657 [main] DEBUG o.h.c.annotations.SimpleValueBinder - building SimpleValue for createdOn
14:27:14.657 [main] DEBUG o.h.cfg.annotations.PropertyBinder - Building property createdOn
14:27:14.657 [main] DEBUG org.hibernate.cfg.Ejb3Column - Binding column: Ejb3Column{table=org.hibernate.mapping.Table(review_assessment), mappingColumn=updated_on, insertable=true, updatable=true, unique=false}
14:27:14.657 [main] DEBUG o.h.cfg.annotations.PropertyBinder - MetadataSourceProcessor property updatedOn with lazy=false
14:27:14.657 [main] DEBUG o.h.cfg.AbstractPropertyHolder - Attempting to locate auto-apply AttributeConverter for property [cn.cstqb.exam.testmaker.entities.ReviewAssessment:updatedOn]
14:27:14.657 [main] DEBUG o.h.c.annotations.SimpleValueBinder - building SimpleValue for updatedOn
14:27:14.658 [main] DEBUG o.h.cfg.annotations.PropertyBinder - Building property updatedOn
14:27:14.658 [main] DEBUG org.hibernate.cfg.Ejb3Column - Binding column: Ejb3Column{table=org.hibernate.mapping.Table(review_assessment), mappingColumn=name, insertable=true, updatable=true, unique=true}
14:27:14.658 [main] DEBUG o.h.cfg.annotations.PropertyBinder - MetadataSourceProcessor property name with lazy=false
14:27:14.658 [main] DEBUG o.h.cfg.AbstractPropertyHolder - Attempting to locate auto-apply AttributeConverter for property [cn.cstqb.exam.testmaker.entities.ReviewAssessment:name]
14:27:14.658 [main] DEBUG o.h.c.annotations.SimpleValueBinder - building SimpleValue for name
14:27:14.659 [main] DEBUG o.h.cfg.annotations.PropertyBinder - Building property name
14:27:14.659 [main] DEBUG org.hibernate.cfg.AnnotationBinder - Binding entity from annotated class: cn.cstqb.exam.testmaker.entities.QuestionType
14:27:14.659 [main] DEBUG org.hibernate.cfg.Ejb3Column - Binding column: Ejb3DiscriminatorColumn{logicalColumnName&apos;DTYPE&apos;, discriminatorTypeName=&apos;string&apos;}
14:27:14.659 [main] DEBUG o.h.cfg.annotations.EntityBinder - Import with entity name QuestionType
14:27:14.660 [main] DEBUG o.h.cfg.annotations.EntityBinder - Bind entity cn.cstqb.exam.testmaker.entities.QuestionType on table question_type
14:27:14.660 [main] DEBUG org.hibernate.cfg.Ejb3Column - Binding column: Ejb3Column{table=org.hibernate.mapping.Table(question_type), mappingColumn=id, insertable=true, updatable=false, unique=false}
14:27:14.661 [main] DEBUG o.h.cfg.annotations.PropertyBinder - MetadataSourceProcessor property id with lazy=false
14:27:14.661 [main] DEBUG o.h.cfg.AbstractPropertyHolder - Attempting to locate auto-apply AttributeConverter for property [cn.cstqb.exam.testmaker.entities.QuestionType:id]
14:27:14.661 [main] DEBUG o.h.c.annotations.SimpleValueBinder - building SimpleValue for id
14:27:14.661 [main] DEBUG o.h.cfg.annotations.PropertyBinder - Building property id
14:27:14.661 [main] DEBUG org.hibernate.cfg.Ejb3Column - Binding column: Ejb3Column{table=org.hibernate.mapping.Table(question_type), mappingColumn=created_on, insertable=true, updatable=false, unique=false}
14:27:14.662 [main] DEBUG o.h.cfg.annotations.PropertyBinder - MetadataSourceProcessor property createdOn with lazy=false
14:27:14.662 [main] DEBUG o.h.cfg.AbstractPropertyHolder - Attempting to locate auto-apply AttributeConverter for property [cn.cstqb.exam.testmaker.entities.QuestionType:createdOn]
14:27:14.662 [main] DEBUG o.h.c.annotations.SimpleValueBinder - building SimpleValue for createdOn
14:27:14.662 [main] DEBUG o.h.cfg.annotations.PropertyBinder - Building property createdOn
14:27:14.662 [main] DEBUG org.hibernate.cfg.Ejb3Column - Binding column: Ejb3Column{table=org.hibernate.mapping.Table(question_type), mappingColumn=updated_on, insertable=true, updatable=true, unique=false}
14:27:14.662 [main] DEBUG o.h.cfg.annotations.PropertyBinder - MetadataSourceProcessor property updatedOn with lazy=false
14:27:14.662 [main] DEBUG o.h.cfg.AbstractPropertyHolder - Attempting to locate auto-apply AttributeConverter for property [cn.cstqb.exam.testmaker.entities.QuestionType:updatedOn]
14:27:14.662 [main] DEBUG o.h.c.annotations.SimpleValueBinder - building SimpleValue for updatedOn
14:27:14.662 [main] DEBUG o.h.cfg.annotations.PropertyBinder - Building property updatedOn
14:27:14.663 [main] DEBUG org.hibernate.cfg.Ejb3Column - Binding column: Ejb3Column{table=org.hibernate.mapping.Table(question_type), mappingColumn=name, insertable=true, updatable=true, unique=true}
14:27:14.663 [main] DEBUG o.h.cfg.annotations.PropertyBinder - MetadataSourceProcessor property name with lazy=false
14:27:14.663 [main] DEBUG o.h.cfg.AbstractPropertyHolder - Attempting to locate auto-apply AttributeConverter for property [cn.cstqb.exam.testmaker.entities.QuestionType:name]
14:27:14.663 [main] DEBUG o.h.c.annotations.SimpleValueBinder - building SimpleValue for name
14:27:14.663 [main] DEBUG o.h.cfg.annotations.PropertyBinder - Building property name
14:27:14.663 [main] DEBUG org.hibernate.cfg.AnnotationBinder - Binding entity from annotated class: cn.cstqb.exam.testmaker.entities.User
14:27:14.669 [main] DEBUG o.h.cfg.annotations.QueryBinder - Binding named query: User.findByUserName =&gt; SELECT u from User u where u.username = :username
14:27:14.669 [main] DEBUG org.hibernate.cfg.Ejb3Column - Binding column: Ejb3DiscriminatorColumn{logicalColumnName&apos;DTYPE&apos;, discriminatorTypeName=&apos;string&apos;}
14:27:14.669 [main] DEBUG o.h.cfg.annotations.EntityBinder - Import with entity name User
14:27:14.670 [main] DEBUG o.h.cfg.annotations.EntityBinder - Bind entity cn.cstqb.exam.testmaker.entities.User on table user
14:27:14.675 [main] DEBUG org.hibernate.cfg.Ejb3Column - Binding column: Ejb3Column{table=org.hibernate.mapping.Table(user), mappingColumn=id, insertable=true, updatable=false, unique=false}
14:27:14.676 [main] DEBUG o.h.cfg.annotations.PropertyBinder - MetadataSourceProcessor property id with lazy=false
14:27:14.676 [main] DEBUG o.h.cfg.AbstractPropertyHolder - Attempting to locate auto-apply AttributeConverter for property [cn.cstqb.exam.testmaker.entities.User:id]
14:27:14.676 [main] DEBUG o.h.c.annotations.SimpleValueBinder - building SimpleValue for id
14:27:14.676 [main] DEBUG o.h.cfg.annotations.PropertyBinder - Building property id
14:27:14.676 [main] DEBUG org.hibernate.cfg.Ejb3Column - Binding column: Ejb3Column{table=org.hibernate.mapping.Table(user), mappingColumn=created_on, insertable=true, updatable=false, unique=false}
14:27:14.676 [main] DEBUG o.h.cfg.annotations.PropertyBinder - MetadataSourceProcessor property createdOn with lazy=false
14:27:14.677 [main] DEBUG o.h.cfg.AbstractPropertyHolder - Attempting to locate auto-apply AttributeConverter for property [cn.cstqb.exam.testmaker.entities.User:createdOn]
14:27:14.677 [main] DEBUG o.h.c.annotations.SimpleValueBinder - building SimpleValue for createdOn
14:27:14.677 [main] DEBUG o.h.cfg.annotations.PropertyBinder - Building property createdOn
14:27:14.677 [main] DEBUG org.hibernate.cfg.Ejb3Column - Binding column: Ejb3Column{table=org.hibernate.mapping.Table(user), mappingColumn=updated_on, insertable=true, updatable=true, unique=false}
14:27:14.677 [main] DEBUG o.h.cfg.annotations.PropertyBinder - MetadataSourceProcessor property updatedOn with lazy=false
14:27:14.677 [main] DEBUG o.h.cfg.AbstractPropertyHolder - Attempting to locate auto-apply AttributeConverter for property [cn.cstqb.exam.testmaker.entities.User:updatedOn]
14:27:14.677 [main] DEBUG o.h.c.annotations.SimpleValueBinder - building SimpleValue for updatedOn
14:27:14.678 [main] DEBUG o.h.cfg.annotations.PropertyBinder - Building property updatedOn
14:27:14.678 [main] DEBUG org.hibernate.cfg.Ejb3Column - Binding column: Ejb3Column{table=org.hibernate.mapping.Table(user), mappingColumn=email, insertable=true, updatable=true, unique=true}
14:27:14.678 [main] DEBUG o.h.cfg.annotations.PropertyBinder - MetadataSourceProcessor property email with lazy=false
14:27:14.678 [main] DEBUG o.h.cfg.AbstractPropertyHolder - Attempting to locate auto-apply AttributeConverter for property [cn.cstqb.exam.testmaker.entities.User:email]
14:27:14.678 [main] DEBUG o.h.c.annotations.SimpleValueBinder - building SimpleValue for email
14:27:14.678 [main] DEBUG o.h.cfg.annotations.PropertyBinder - Building property email
14:27:14.679 [main] DEBUG org.hibernate.cfg.Ejb3Column - Binding column: Ejb3Column{table=org.hibernate.mapping.Table(user), mappingColumn=enabled, insertable=true, updatable=true, unique=false}
14:27:14.679 [main] DEBUG o.h.cfg.annotations.PropertyBinder - MetadataSourceProcessor property enabled with lazy=false
14:27:14.679 [main] DEBUG o.h.cfg.AbstractPropertyHolder - Attempting to locate auto-apply AttributeConverter for property [cn.cstqb.exam.testmaker.entities.User:enabled]
14:27:14.679 [main] DEBUG o.h.c.annotations.SimpleValueBinder - building SimpleValue for enabled
14:27:14.679 [main] DEBUG o.h.cfg.annotations.PropertyBinder - Building property enabled
14:27:14.679 [main] DEBUG org.hibernate.cfg.Ejb3Column - Binding column: Ejb3Column{table=org.hibernate.mapping.Table(user), mappingColumn=full_name, insertable=true, updatable=true, unique=false}
14:27:14.679 [main] DEBUG o.h.cfg.annotations.PropertyBinder - MetadataSourceProcessor property fullName with lazy=false
14:27:14.679 [main] DEBUG o.h.cfg.AbstractPropertyHolder - Attempting to locate auto-apply AttributeConverter for property [cn.cstqb.exam.testmaker.entities.User:fullName]
14:27:14.680 [main] DEBUG o.h.c.annotations.SimpleValueBinder - building SimpleValue for fullName
14:27:14.680 [main] DEBUG o.h.cfg.annotations.PropertyBinder - Building property fullName
14:27:14.680 [main] DEBUG org.hibernate.cfg.Ejb3Column - Binding column: Ejb3Column{table=org.hibernate.mapping.Table(user), mappingColumn=is_admin, insertable=true, updatable=true, unique=false}
14:27:14.680 [main] DEBUG o.h.cfg.annotations.PropertyBinder - MetadataSourceProcessor property isAdmin with lazy=false
14:27:14.680 [main] DEBUG o.h.cfg.AbstractPropertyHolder - Attempting to locate auto-apply AttributeConverter for property [cn.cstqb.exam.testmaker.entities.User:isAdmin]
14:27:14.680 [main] DEBUG o.h.c.annotations.SimpleValueBinder - building SimpleValue for isAdmin
14:27:14.680 [main] DEBUG o.h.cfg.annotations.PropertyBinder - Building property isAdmin
14:27:14.681 [main] DEBUG org.hibernate.cfg.Ejb3Column - Binding column: Ejb3Column{table=org.hibernate.mapping.Table(user), mappingColumn=last_login, insertable=true, updatable=true, unique=false}
14:27:14.681 [main] DEBUG o.h.cfg.annotations.PropertyBinder - MetadataSourceProcessor property lastLogin with lazy=false
14:27:14.681 [main] DEBUG o.h.cfg.AbstractPropertyHolder - Attempting to locate auto-apply AttributeConverter for property [cn.cstqb.exam.testmaker.entities.User:lastLogin]
14:27:14.681 [main] DEBUG o.h.c.annotations.SimpleValueBinder - building SimpleValue for lastLogin
14:27:14.681 [main] DEBUG o.h.cfg.annotations.PropertyBinder - Building property lastLogin
14:27:14.681 [main] DEBUG org.hibernate.cfg.Ejb3Column - Binding column: Ejb3Column{table=org.hibernate.mapping.Table(user), mappingColumn=login_count, insertable=true, updatable=true, unique=false}
14:27:14.682 [main] DEBUG o.h.cfg.annotations.PropertyBinder - MetadataSourceProcessor property loginCount with lazy=false
14:27:14.682 [main] DEBUG o.h.cfg.AbstractPropertyHolder - Attempting to locate auto-apply AttributeConverter for property [cn.cstqb.exam.testmaker.entities.User:loginCount]
14:27:14.682 [main] DEBUG o.h.c.annotations.SimpleValueBinder - building SimpleValue for loginCount
14:27:14.682 [main] DEBUG o.h.cfg.annotations.PropertyBinder - Building property loginCount
14:27:14.683 [main] DEBUG org.hibernate.cfg.Ejb3Column - Binding column: Ejb3Column{table=org.hibernate.mapping.Table(user), mappingColumn=password, insertable=true, updatable=true, unique=false}
14:27:14.683 [main] DEBUG o.h.cfg.annotations.PropertyBinder - MetadataSourceProcessor property password with lazy=false
14:27:14.683 [main] DEBUG o.h.cfg.AbstractPropertyHolder - Attempting to locate auto-apply AttributeConverter for property [cn.cstqb.exam.testmaker.entities.User:password]
14:27:14.683 [main] DEBUG o.h.c.annotations.SimpleValueBinder - building SimpleValue for password
14:27:14.683 [main] DEBUG o.h.cfg.annotations.PropertyBinder - Building property password
14:27:14.683 [main] DEBUG org.hibernate.cfg.Ejb3Column - Binding column: Ejb3Column{table=org.hibernate.mapping.Table(user), mappingColumn=phone, insertable=true, updatable=true, unique=false}
14:27:14.684 [main] DEBUG o.h.cfg.annotations.PropertyBinder - MetadataSourceProcessor property phone with lazy=false
14:27:14.684 [main] DEBUG o.h.cfg.AbstractPropertyHolder - Attempting to locate auto-apply AttributeConverter for property [cn.cstqb.exam.testmaker.entities.User:phone]
14:27:14.684 [main] DEBUG o.h.c.annotations.SimpleValueBinder - building SimpleValue for phone
14:27:14.684 [main] DEBUG o.h.cfg.annotations.PropertyBinder - Building property phone
14:27:14.686 [main] DEBUG org.hibernate.cfg.Ejb3Column - Binding column: Ejb3Column{table=org.hibernate.mapping.Table(user), mappingColumn=null, insertable=true, updatable=true, unique=false}
14:27:14.701 [main] DEBUG org.hibernate.cfg.Ejb3Column - Binding column: Ejb3Column{table=org.hibernate.mapping.Table(user), mappingColumn=element, insertable=true, updatable=true, unique=false}
14:27:14.702 [main] DEBUG org.hibernate.cfg.Ejb3Column - Binding column: Ejb3Column{table=org.hibernate.mapping.Table(user), mappingColumn=projects_key, insertable=true, updatable=true, unique=false}
14:27:14.702 [main] DEBUG org.hibernate.cfg.Ejb3Column - Binding column: Ejb3JoinColumn{logicalColumnName=&apos;projects_KEY&apos;, referencedColumn=&apos;null&apos;, mappedBy=&apos;null&apos;}
14:27:14.702 [main] DEBUG org.hibernate.cfg.Ejb3Column - Binding column: Ejb3JoinColumn{logicalColumnName=&apos;null&apos;, referencedColumn=&apos;null&apos;, mappedBy=&apos;users&apos;}
14:27:14.703 [main] DEBUG org.hibernate.cfg.Ejb3Column - Binding column: Ejb3JoinColumn{logicalColumnName=&apos;null&apos;, referencedColumn=&apos;null&apos;, mappedBy=&apos;users&apos;}
14:27:14.703 [main] DEBUG o.h.cfg.annotations.CollectionBinder - Collection role: cn.cstqb.exam.testmaker.entities.User.projects
14:27:14.706 [main] DEBUG o.h.cfg.annotations.PropertyBinder - Building property projects
14:27:14.707 [main] DEBUG org.hibernate.cfg.Ejb3Column - Binding column: Ejb3Column{table=org.hibernate.mapping.Table(user), mappingColumn=username, insertable=true, updatable=false, unique=true}
14:27:14.707 [main] DEBUG o.h.cfg.annotations.PropertyBinder - MetadataSourceProcessor property username with lazy=false
14:27:14.707 [main] DEBUG o.h.cfg.AbstractPropertyHolder - Attempting to locate auto-apply AttributeConverter for property [cn.cstqb.exam.testmaker.entities.User:username]
14:27:14.708 [main] DEBUG o.h.c.annotations.SimpleValueBinder - building SimpleValue for username
14:27:14.708 [main] DEBUG o.h.cfg.annotations.PropertyBinder - Building property username
14:27:14.708 [main] DEBUG org.hibernate.cfg.AnnotationBinder - Binding entity from annotated class: cn.cstqb.exam.testmaker.entities.Chapter
14:27:14.708 [main] DEBUG org.hibernate.cfg.Ejb3Column - Binding column: Ejb3DiscriminatorColumn{logicalColumnName&apos;DTYPE&apos;, discriminatorTypeName=&apos;string&apos;}
14:27:14.708 [main] DEBUG o.h.cfg.annotations.EntityBinder - Import with entity name Chapter
14:27:14.708 [main] DEBUG o.h.cfg.annotations.EntityBinder - Bind entity cn.cstqb.exam.testmaker.entities.Chapter on table chapter
14:27:14.711 [main] DEBUG org.hibernate.cfg.Ejb3Column - Binding column: Ejb3Column{table=org.hibernate.mapping.Table(chapter), mappingColumn=id, insertable=true, updatable=false, unique=false}
14:27:14.711 [main] DEBUG o.h.cfg.annotations.PropertyBinder - MetadataSourceProcessor property id with lazy=false
14:27:14.711 [main] DEBUG o.h.cfg.AbstractPropertyHolder - Attempting to locate auto-apply AttributeConverter for property [cn.cstqb.exam.testmaker.entities.Chapter:id]
14:27:14.711 [main] DEBUG o.h.c.annotations.SimpleValueBinder - building SimpleValue for id
14:27:14.712 [main] DEBUG o.h.cfg.annotations.PropertyBinder - Building property id
14:27:14.712 [main] DEBUG org.hibernate.cfg.Ejb3Column - Binding column: Ejb3Column{table=org.hibernate.mapping.Table(chapter), mappingColumn=created_on, insertable=true, updatable=false, unique=false}
14:27:14.712 [main] DEBUG o.h.cfg.annotations.PropertyBinder - MetadataSourceProcessor property createdOn with lazy=false
14:27:14.712 [main] DEBUG o.h.cfg.AbstractPropertyHolder - Attempting to locate auto-apply AttributeConverter for property [cn.cstqb.exam.testmaker.entities.Chapter:createdOn]
14:27:14.712 [main] DEBUG o.h.c.annotations.SimpleValueBinder - building SimpleValue for createdOn
14:27:14.712 [main] DEBUG o.h.cfg.annotations.PropertyBinder - Building property createdOn
14:27:14.713 [main] DEBUG org.hibernate.cfg.Ejb3Column - Binding column: Ejb3Column{table=org.hibernate.mapping.Table(chapter), mappingColumn=updated_on, insertable=true, updatable=true, unique=false}
14:27:14.713 [main] DEBUG o.h.cfg.annotations.PropertyBinder - MetadataSourceProcessor property updatedOn with lazy=false
14:27:14.713 [main] DEBUG o.h.cfg.AbstractPropertyHolder - Attempting to locate auto-apply AttributeConverter for property [cn.cstqb.exam.testmaker.entities.Chapter:updatedOn]
14:27:14.713 [main] DEBUG o.h.c.annotations.SimpleValueBinder - building SimpleValue for updatedOn
14:27:14.713 [main] DEBUG o.h.cfg.annotations.PropertyBinder - Building property updatedOn
14:27:14.713 [main] DEBUG org.hibernate.cfg.Ejb3Column - Binding column: Ejb3Column{table=org.hibernate.mapping.Table(chapter), mappingColumn=number, insertable=true, updatable=true, unique=false}
14:27:14.713 [main] DEBUG o.h.cfg.annotations.PropertyBinder - MetadataSourceProcessor property number with lazy=false
14:27:14.714 [main] DEBUG o.h.cfg.AbstractPropertyHolder - Attempting to locate auto-apply AttributeConverter for property [cn.cstqb.exam.testmaker.entities.Chapter:number]
14:27:14.714 [main] DEBUG o.h.c.annotations.SimpleValueBinder - building SimpleValue for number
14:27:14.714 [main] DEBUG o.h.cfg.annotations.PropertyBinder - Building property number
14:27:14.714 [main] DEBUG org.hibernate.cfg.Ejb3Column - Binding column: Ejb3JoinColumn{logicalColumnName=&apos;null&apos;, referencedColumn=&apos;null&apos;, mappedBy=&apos;chapter&apos;}
14:27:14.714 [main] DEBUG org.hibernate.cfg.Ejb3Column - Binding column: Ejb3Column{table=org.hibernate.mapping.Table(chapter), mappingColumn=points, insertable=true, updatable=true, unique=false}
14:27:14.714 [main] DEBUG org.hibernate.cfg.Ejb3Column - Binding column: Ejb3Column{table=org.hibernate.mapping.Table(chapter), mappingColumn=null, insertable=true, updatable=true, unique=false}
14:27:14.715 [main] DEBUG org.hibernate.cfg.Ejb3Column - Binding column: Ejb3Column{table=org.hibernate.mapping.Table(chapter), mappingColumn=element, insertable=true, updatable=true, unique=false}
14:27:14.715 [main] DEBUG org.hibernate.cfg.Ejb3Column - Binding column: Ejb3Column{table=org.hibernate.mapping.Table(chapter), mappingColumn=points_key, insertable=true, updatable=true, unique=false}
14:27:14.715 [main] DEBUG org.hibernate.cfg.Ejb3Column - Binding column: Ejb3JoinColumn{logicalColumnName=&apos;points_KEY&apos;, referencedColumn=&apos;null&apos;, mappedBy=&apos;null&apos;}
14:27:14.715 [main] DEBUG org.hibernate.cfg.Ejb3Column - Binding column: Ejb3JoinColumn{logicalColumnName=&apos;null&apos;, referencedColumn=&apos;null&apos;, mappedBy=&apos;chapter&apos;}
14:27:14.715 [main] DEBUG org.hibernate.cfg.Ejb3Column - Binding column: Ejb3JoinColumn{logicalColumnName=&apos;null&apos;, referencedColumn=&apos;null&apos;, mappedBy=&apos;chapter&apos;}
14:27:14.715 [main] DEBUG o.h.cfg.annotations.CollectionBinder - Collection role: cn.cstqb.exam.testmaker.entities.Chapter.points
14:27:14.716 [main] DEBUG o.h.cfg.annotations.PropertyBinder - Building property points
14:27:14.716 [main] DEBUG org.hibernate.cfg.Ejb3Column - Binding column: Ejb3JoinColumn{logicalColumnName=&apos;syllabus_id&apos;, referencedColumn=&apos;&apos;, mappedBy=&apos;&apos;}
14:27:14.716 [main] DEBUG org.hibernate.cfg.Ejb3Column - Binding column: Ejb3Column{table=org.hibernate.mapping.Table(chapter), mappingColumn=syllabus, insertable=true, updatable=true, unique=false}
14:27:14.716 [main] DEBUG o.h.cfg.annotations.PropertyBinder - Building property syllabus
14:27:14.716 [main] DEBUG org.hibernate.cfg.Ejb3Column - Binding column: Ejb3Column{table=org.hibernate.mapping.Table(chapter), mappingColumn=title, insertable=true, updatable=true, unique=false}
14:27:14.717 [main] DEBUG o.h.cfg.annotations.PropertyBinder - MetadataSourceProcessor property title with lazy=false
14:27:14.717 [main] DEBUG o.h.cfg.AbstractPropertyHolder - Attempting to locate auto-apply AttributeConverter for property [cn.cstqb.exam.testmaker.entities.Chapter:title]
14:27:14.717 [main] DEBUG o.h.c.annotations.SimpleValueBinder - building SimpleValue for title
14:27:14.717 [main] DEBUG o.h.cfg.annotations.PropertyBinder - Building property title
14:27:14.717 [main] DEBUG org.hibernate.cfg.AnnotationBinder - Binding entity from annotated class: cn.cstqb.exam.testmaker.entities.QuestionChoiceImage
14:27:14.717 [main] DEBUG org.hibernate.cfg.Ejb3Column - Binding column: Ejb3DiscriminatorColumn{logicalColumnName&apos;DTYPE&apos;, discriminatorTypeName=&apos;string&apos;}
14:27:14.718 [main] DEBUG o.h.cfg.annotations.EntityBinder - Import with entity name QuestionChoiceImage
14:27:14.718 [main] DEBUG o.h.cfg.annotations.EntityBinder - Bind entity cn.cstqb.exam.testmaker.entities.QuestionChoiceImage on table question_choice_image
14:27:14.719 [main] DEBUG org.hibernate.cfg.Ejb3Column - Binding column: Ejb3Column{table=org.hibernate.mapping.Table(question_choice_image), mappingColumn=id, insertable=true, updatable=false, unique=false}
14:27:14.719 [main] DEBUG o.h.cfg.annotations.PropertyBinder - MetadataSourceProcessor property id with lazy=false
14:27:14.720 [main] DEBUG o.h.cfg.AbstractPropertyHolder - Attempting to locate auto-apply AttributeConverter for property [cn.cstqb.exam.testmaker.entities.QuestionChoiceImage:id]
14:27:14.720 [main] DEBUG o.h.c.annotations.SimpleValueBinder - building SimpleValue for id
14:27:14.720 [main] DEBUG o.h.cfg.annotations.PropertyBinder - Building property id
14:27:14.720 [main] DEBUG org.hibernate.cfg.Ejb3Column - Binding column: Ejb3Column{table=org.hibernate.mapping.Table(question_choice_image), mappingColumn=created_on, insertable=true, updatable=false, unique=false}
14:27:14.721 [main] DEBUG o.h.cfg.annotations.PropertyBinder - MetadataSourceProcessor property createdOn with lazy=false
14:27:14.721 [main] DEBUG o.h.cfg.AbstractPropertyHolder - Attempting to locate auto-apply AttributeConverter for property [cn.cstqb.exam.testmaker.entities.QuestionChoiceImage:createdOn]
14:27:14.721 [main] DEBUG o.h.c.annotations.SimpleValueBinder - building SimpleValue for createdOn
14:27:14.721 [main] DEBUG o.h.cfg.annotations.PropertyBinder - Building property createdOn
14:27:14.721 [main] DEBUG org.hibernate.cfg.Ejb3Column - Binding column: Ejb3Column{table=org.hibernate.mapping.Table(question_choice_image), mappingColumn=updated_on, insertable=true, updatable=true, unique=false}
14:27:14.722 [main] DEBUG o.h.cfg.annotations.PropertyBinder - MetadataSourceProcessor property updatedOn with lazy=false
14:27:14.722 [main] DEBUG o.h.cfg.AbstractPropertyHolder - Attempting to locate auto-apply AttributeConverter for property [cn.cstqb.exam.testmaker.entities.QuestionChoiceImage:updatedOn]
14:27:14.722 [main] DEBUG o.h.c.annotations.SimpleValueBinder - building SimpleValue for updatedOn
14:27:14.722 [main] DEBUG o.h.cfg.annotations.PropertyBinder - Building property updatedOn
14:27:14.722 [main] DEBUG org.hibernate.cfg.Ejb3Column - Binding column: Ejb3Column{table=org.hibernate.mapping.Table(question_choice_image), mappingColumn=path, insertable=true, updatable=true, unique=false}
14:27:14.723 [main] DEBUG o.h.cfg.annotations.PropertyBinder - MetadataSourceProcessor property path with lazy=false
14:27:14.723 [main] DEBUG o.h.cfg.AbstractPropertyHolder - Attempting to locate auto-apply AttributeConverter for property [cn.cstqb.exam.testmaker.entities.QuestionChoiceImage:path]
14:27:14.723 [main] DEBUG o.h.c.annotations.SimpleValueBinder - building SimpleValue for path
14:27:14.723 [main] DEBUG o.h.cfg.annotations.PropertyBinder - Building property path
14:27:14.723 [main] DEBUG org.hibernate.cfg.Ejb3Column - Binding column: Ejb3Column{table=org.hibernate.mapping.Table(question_choice_image), mappingColumn=caption, insertable=true, updatable=true, unique=false}
14:27:14.724 [main] DEBUG o.h.cfg.annotations.PropertyBinder - MetadataSourceProcessor property caption with lazy=false
14:27:14.724 [main] DEBUG o.h.cfg.AbstractPropertyHolder - Attempting to locate auto-apply AttributeConverter for property [cn.cstqb.exam.testmaker.entities.QuestionChoiceImage:caption]
14:27:14.724 [main] DEBUG o.h.c.annotations.SimpleValueBinder - building SimpleValue for caption
14:27:14.724 [main] DEBUG o.h.cfg.annotations.PropertyBinder - Building property caption
14:27:14.724 [main] DEBUG org.hibernate.cfg.Ejb3Column - Binding column: Ejb3JoinColumn{logicalColumnName=&apos;QUESTION_CHOICE_ID&apos;, referencedColumn=&apos;&apos;, mappedBy=&apos;&apos;}
14:27:14.724 [main] DEBUG org.hibernate.cfg.Ejb3Column - Binding column: Ejb3Column{table=org.hibernate.mapping.Table(question_choice_image), mappingColumn=choice, insertable=true, updatable=true, unique=false}
14:27:14.725 [main] DEBUG o.h.cfg.annotations.PropertyBinder - Building property choice
14:27:14.725 [main] DEBUG org.hibernate.cfg.AnnotationBinder - Binding entity from annotated class: cn.cstqb.exam.testmaker.entities.Question
14:27:14.725 [main] DEBUG org.hibernate.cfg.Ejb3Column - Binding column: Ejb3DiscriminatorColumn{logicalColumnName&apos;DTYPE&apos;, discriminatorTypeName=&apos;string&apos;}
14:27:14.725 [main] DEBUG o.h.cfg.annotations.EntityBinder - Import with entity name Question
14:27:14.725 [main] DEBUG o.h.cfg.annotations.EntityBinder - Bind entity cn.cstqb.exam.testmaker.entities.Question on table question
14:27:14.734 [main] DEBUG org.hibernate.cfg.Ejb3Column - Binding column: Ejb3Column{table=org.hibernate.mapping.Table(question), mappingColumn=id, insertable=true, updatable=false, unique=false}
14:27:14.734 [main] DEBUG o.h.cfg.annotations.PropertyBinder - MetadataSourceProcessor property id with lazy=false
14:27:14.734 [main] DEBUG o.h.cfg.AbstractPropertyHolder - Attempting to locate auto-apply AttributeConverter for property [cn.cstqb.exam.testmaker.entities.Question:id]
14:27:14.734 [main] DEBUG o.h.c.annotations.SimpleValueBinder - building SimpleValue for id
14:27:14.734 [main] DEBUG o.h.cfg.annotations.PropertyBinder - Building property id
14:27:14.734 [main] DEBUG org.hibernate.cfg.Ejb3Column - Binding column: Ejb3Column{table=org.hibernate.mapping.Table(question), mappingColumn=created_on, insertable=true, updatable=false, unique=false}
14:27:14.734 [main] DEBUG o.h.cfg.annotations.PropertyBinder - MetadataSourceProcessor property createdOn with lazy=false
14:27:14.734 [main] DEBUG o.h.cfg.AbstractPropertyHolder - Attempting to locate auto-apply AttributeConverter for property [cn.cstqb.exam.testmaker.entities.Question:createdOn]
14:27:14.735 [main] DEBUG o.h.c.annotations.SimpleValueBinder - building SimpleValue for createdOn
14:27:14.735 [main] DEBUG o.h.cfg.annotations.PropertyBinder - Building property createdOn
14:27:14.735 [main] DEBUG org.hibernate.cfg.Ejb3Column - Binding column: Ejb3Column{table=org.hibernate.mapping.Table(question), mappingColumn=updated_on, insertable=true, updatable=true, unique=false}
14:27:14.735 [main] DEBUG o.h.cfg.annotations.PropertyBinder - MetadataSourceProcessor property updatedOn with lazy=false
14:27:14.735 [main] DEBUG o.h.cfg.AbstractPropertyHolder - Attempting to locate auto-apply AttributeConverter for property [cn.cstqb.exam.testmaker.entities.Question:updatedOn]
14:27:14.735 [main] DEBUG o.h.c.annotations.SimpleValueBinder - building SimpleValue for updatedOn
14:27:14.736 [main] DEBUG o.h.cfg.annotations.PropertyBinder - Building property updatedOn
14:27:14.736 [main] DEBUG org.hibernate.cfg.Ejb3Column - Binding column: Ejb3JoinColumn{logicalColumnName=&apos;author_id&apos;, referencedColumn=&apos;&apos;, mappedBy=&apos;&apos;}
14:27:14.736 [main] DEBUG org.hibernate.cfg.Ejb3Column - Binding column: Ejb3Column{table=org.hibernate.mapping.Table(question), mappingColumn=author, insertable=true, updatable=true, unique=false}
14:27:14.736 [main] DEBUG o.h.cfg.annotations.PropertyBinder - Building property author
14:27:14.736 [main] DEBUG org.hibernate.cfg.Ejb3Column - Binding column: Ejb3Column{table=org.hibernate.mapping.Table(question), mappingColumn=authoring_finish_date, insertable=true, updatable=true, unique=false}
14:27:14.736 [main] DEBUG o.h.cfg.annotations.PropertyBinder - MetadataSourceProcessor property authoringFinishDate with lazy=false
14:27:14.737 [main] DEBUG o.h.cfg.AbstractPropertyHolder - Attempting to locate auto-apply AttributeConverter for property [cn.cstqb.exam.testmaker.entities.Question:authoringFinishDate]
14:27:14.738 [main] DEBUG o.h.c.annotations.SimpleValueBinder - building SimpleValue for authoringFinishDate
14:27:14.738 [main] DEBUG o.h.cfg.annotations.PropertyBinder - Building property authoringFinishDate
14:27:14.738 [main] DEBUG org.hibernate.cfg.Ejb3Column - Binding column: Ejb3Column{table=org.hibernate.mapping.Table(question), mappingColumn=authoring_start_date, insertable=true, updatable=true, unique=false}
14:27:14.738 [main] DEBUG o.h.cfg.annotations.PropertyBinder - MetadataSourceProcessor property authoringStartDate with lazy=false
14:27:14.738 [main] DEBUG o.h.cfg.AbstractPropertyHolder - Attempting to locate auto-apply AttributeConverter for property [cn.cstqb.exam.testmaker.entities.Question:authoringStartDate]
14:27:14.738 [main] DEBUG o.h.c.annotations.SimpleValueBinder - building SimpleValue for authoringStartDate
14:27:14.738 [main] DEBUG o.h.cfg.annotations.PropertyBinder - Building property authoringStartDate
14:27:14.738 [main] DEBUG org.hibernate.cfg.Ejb3Column - Binding column: Ejb3Column{table=org.hibernate.mapping.Table(question), mappingColumn=custom_field2, insertable=true, updatable=true, unique=false}
14:27:14.738 [main] DEBUG o.h.cfg.annotations.PropertyBinder - MetadataSourceProcessor property customField2 with lazy=false
14:27:14.738 [main] DEBUG o.h.cfg.AbstractPropertyHolder - Attempting to locate auto-apply AttributeConverter for property [cn.cstqb.exam.testmaker.entities.Question:customField2]
14:27:14.738 [main] DEBUG o.h.c.annotations.SimpleValueBinder - building SimpleValue for customField2
14:27:14.738 [main] DEBUG o.h.cfg.annotations.PropertyBinder - Building property customField2
14:27:14.738 [main] DEBUG org.hibernate.cfg.Ejb3Column - Binding column: Ejb3Column{table=org.hibernate.mapping.Table(question), mappingColumn=custom_field3, insertable=true, updatable=true, unique=false}
14:27:14.739 [main] DEBUG o.h.cfg.annotations.PropertyBinder - MetadataSourceProcessor property customField3 with lazy=false
14:27:14.739 [main] DEBUG o.h.cfg.AbstractPropertyHolder - Attempting to locate auto-apply AttributeConverter for property [cn.cstqb.exam.testmaker.entities.Question:customField3]
14:27:14.739 [main] DEBUG o.h.c.annotations.SimpleValueBinder - building SimpleValue for customField3
14:27:14.739 [main] DEBUG o.h.cfg.annotations.PropertyBinder - Building property customField3
14:27:14.740 [main] DEBUG org.hibernate.cfg.Ejb3Column - Binding column: Ejb3Column{table=org.hibernate.mapping.Table(question), mappingColumn=custom_filed1, insertable=true, updatable=true, unique=false}
14:27:14.740 [main] DEBUG o.h.cfg.annotations.PropertyBinder - MetadataSourceProcessor property customFiled1 with lazy=false
14:27:14.740 [main] DEBUG o.h.cfg.AbstractPropertyHolder - Attempting to locate auto-apply AttributeConverter for property [cn.cstqb.exam.testmaker.entities.Question:customFiled1]
14:27:14.740 [main] DEBUG o.h.c.annotations.SimpleValueBinder - building SimpleValue for customFiled1
14:27:14.740 [main] DEBUG o.h.cfg.annotations.PropertyBinder - Building property customFiled1
14:27:14.741 [main] DEBUG org.hibernate.cfg.Ejb3Column - Binding column: Ejb3Column{table=org.hibernate.mapping.Table(question), mappingColumn=description, insertable=true, updatable=true, unique=false}
14:27:14.741 [main] DEBUG o.h.cfg.annotations.PropertyBinder - MetadataSourceProcessor property description with lazy=false
14:27:14.741 [main] DEBUG o.h.cfg.AbstractPropertyHolder - Attempting to locate auto-apply AttributeConverter for property [cn.cstqb.exam.testmaker.entities.Question:description]
14:27:14.741 [main] DEBUG o.h.c.annotations.SimpleValueBinder - building SimpleValue for description
14:27:14.742 [main] DEBUG o.h.cfg.annotations.PropertyBinder - Building property description
14:27:14.742 [main] DEBUG org.hibernate.cfg.Ejb3Column - Binding column: Ejb3Column{table=org.hibernate.mapping.Table(question), mappingColumn=difficulty, insertable=true, updatable=true, unique=false}
14:27:14.742 [main] DEBUG o.h.cfg.annotations.PropertyBinder - MetadataSourceProcessor property difficulty with lazy=false
14:27:14.742 [main] DEBUG o.h.cfg.AbstractPropertyHolder - Attempting to locate auto-apply AttributeConverter for property [cn.cstqb.exam.testmaker.entities.Question:difficulty]
14:27:14.742 [main] DEBUG o.h.c.annotations.SimpleValueBinder - building SimpleValue for difficulty
14:27:14.743 [main] DEBUG o.h.cfg.annotations.PropertyBinder - Building property difficulty
14:27:14.743 [main] DEBUG org.hibernate.cfg.Ejb3Column - Binding column: Ejb3JoinColumn{logicalColumnName=&apos;null&apos;, referencedColumn=&apos;null&apos;, mappedBy=&apos;question&apos;}
14:27:14.743 [main] DEBUG org.hibernate.cfg.Ejb3Column - Binding column: Ejb3Column{table=org.hibernate.mapping.Table(question), mappingColumn=images, insertable=true, updatable=true, unique=false}
14:27:14.743 [main] DEBUG org.hibernate.cfg.Ejb3Column - Binding column: Ejb3Column{table=org.hibernate.mapping.Table(question), mappingColumn=null, insertable=true, updatable=true, unique=false}
14:27:14.744 [main] DEBUG org.hibernate.cfg.Ejb3Column - Binding column: Ejb3Column{table=org.hibernate.mapping.Table(question), mappingColumn=element, insertable=true, updatable=true, unique=false}
14:27:14.745 [main] DEBUG org.hibernate.cfg.Ejb3Column - Binding column: Ejb3Column{table=org.hibernate.mapping.Table(question), mappingColumn=images_key, insertable=true, updatable=true, unique=false}
14:27:14.745 [main] DEBUG org.hibernate.cfg.Ejb3Column - Binding column: Ejb3JoinColumn{logicalColumnName=&apos;images_KEY&apos;, referencedColumn=&apos;null&apos;, mappedBy=&apos;null&apos;}
14:27:14.745 [main] DEBUG org.hibernate.cfg.Ejb3Column - Binding column: Ejb3JoinColumn{logicalColumnName=&apos;null&apos;, referencedColumn=&apos;null&apos;, mappedBy=&apos;question&apos;}
14:27:14.745 [main] DEBUG org.hibernate.cfg.Ejb3Column - Binding column: Ejb3JoinColumn{logicalColumnName=&apos;null&apos;, referencedColumn=&apos;null&apos;, mappedBy=&apos;question&apos;}
14:27:14.746 [main] DEBUG o.h.cfg.annotations.CollectionBinder - Collection role: cn.cstqb.exam.testmaker.entities.Question.images
14:27:14.747 [main] DEBUG o.h.cfg.annotations.PropertyBinder - Building property images
14:27:14.747 [main] DEBUG org.hibernate.cfg.Ejb3Column - Binding column: Ejb3JoinColumn{logicalColumnName=&apos;null&apos;, referencedColumn=&apos;null&apos;, mappedBy=&apos;null&apos;}
14:27:14.747 [main] DEBUG org.hibernate.cfg.Ejb3Column - Binding column: Ejb3Column{table=org.hibernate.mapping.Table(question), mappingColumn=knowledge_point, insertable=true, updatable=true, unique=false}
14:27:14.748 [main] DEBUG o.h.cfg.annotations.PropertyBinder - Building property knowledgePoint
14:27:14.748 [main] DEBUG org.hibernate.cfg.Ejb3Column - Binding column: Ejb3JoinColumn{logicalColumnName=&apos;null&apos;, referencedColumn=&apos;&apos;, mappedBy=&apos;&apos;}
14:27:14.748 [main] DEBUG org.hibernate.cfg.Ejb3Column - Binding column: Ejb3Column{table=org.hibernate.mapping.Table(question), mappingColumn=language, insertable=true, updatable=true, unique=false}
14:27:14.748 [main] DEBUG o.h.cfg.annotations.PropertyBinder - Building property language
14:27:14.748 [main] DEBUG org.hibernate.cfg.Ejb3Column - Binding column: Ejb3Column{table=org.hibernate.mapping.Table(question), mappingColumn=memo, insertable=true, updatable=true, unique=false}
14:27:14.749 [main] DEBUG o.h.cfg.annotations.PropertyBinder - MetadataSourceProcessor property memo with lazy=false
14:27:14.749 [main] DEBUG o.h.cfg.AbstractPropertyHolder - Attempting to locate auto-apply AttributeConverter for property [cn.cstqb.exam.testmaker.entities.Question:memo]
14:27:14.749 [main] DEBUG o.h.c.annotations.SimpleValueBinder - building SimpleValue for memo
14:27:14.749 [main] DEBUG o.h.cfg.annotations.PropertyBinder - Building property memo
14:27:14.749 [main] DEBUG org.hibernate.cfg.Ejb3Column - Binding column: Ejb3Column{table=org.hibernate.mapping.Table(question), mappingColumn=multiple_choice, insertable=true, updatable=true, unique=false}
14:27:14.749 [main] DEBUG o.h.cfg.annotations.PropertyBinder - MetadataSourceProcessor property multipleChoice with lazy=false
14:27:14.750 [main] DEBUG o.h.cfg.AbstractPropertyHolder - Attempting to locate auto-apply AttributeConverter for property [cn.cstqb.exam.testmaker.entities.Question:multipleChoice]
14:27:14.750 [main] DEBUG o.h.c.annotations.SimpleValueBinder - building SimpleValue for multipleChoice
14:27:14.750 [main] DEBUG o.h.cfg.annotations.PropertyBinder - Building property multipleChoice
14:27:14.750 [main] DEBUG org.hibernate.cfg.Ejb3Column - Binding column: Ejb3JoinColumn{logicalColumnName=&apos;project_id&apos;, referencedColumn=&apos;&apos;, mappedBy=&apos;&apos;}
14:27:14.750 [main] DEBUG org.hibernate.cfg.Ejb3Column - Binding column: Ejb3Column{table=org.hibernate.mapping.Table(question), mappingColumn=project, insertable=true, updatable=true, unique=false}
14:27:14.750 [main] DEBUG o.h.cfg.annotations.PropertyBinder - Building property project
14:27:14.751 [main] DEBUG org.hibernate.cfg.Ejb3Column - Binding column: Ejb3Column{table=org.hibernate.mapping.Table(question), mappingColumn=published, insertable=true, updatable=true, unique=false}
14:27:14.751 [main] DEBUG o.h.cfg.annotations.PropertyBinder - MetadataSourceProcessor property published with lazy=false
14:27:14.751 [main] DEBUG o.h.cfg.AbstractPropertyHolder - Attempting to locate auto-apply AttributeConverter for property [cn.cstqb.exam.testmaker.entities.Question:published]
14:27:14.751 [main] DEBUG o.h.c.annotations.SimpleValueBinder - building SimpleValue for published
14:27:14.751 [main] DEBUG o.h.cfg.annotations.PropertyBinder - Building property published
14:27:14.751 [main] DEBUG org.hibernate.cfg.Ejb3Column - Binding column: Ejb3JoinColumn{logicalColumnName=&apos;qualityAdmin_id&apos;, referencedColumn=&apos;&apos;, mappedBy=&apos;&apos;}
14:27:14.752 [main] DEBUG org.hibernate.cfg.Ejb3Column - Binding column: Ejb3Column{table=org.hibernate.mapping.Table(question), mappingColumn=quality_admin, insertable=true, updatable=true, unique=false}
14:27:14.752 [main] DEBUG o.h.cfg.annotations.PropertyBinder - Building property qualityAdmin
14:27:14.752 [main] DEBUG org.hibernate.cfg.Ejb3Column - Binding column: Ejb3Column{table=org.hibernate.mapping.Table(question), mappingColumn=remark, insertable=true, updatable=true, unique=false}
14:27:14.752 [main] DEBUG o.h.cfg.annotations.PropertyBinder - MetadataSourceProcessor property remark with lazy=false
14:27:14.752 [main] DEBUG o.h.cfg.AbstractPropertyHolder - Attempting to locate auto-apply AttributeConverter for property [cn.cstqb.exam.testmaker.entities.Question:remark]
14:27:14.752 [main] DEBUG o.h.c.annotations.SimpleValueBinder - building SimpleValue for remark
14:27:14.752 [main] DEBUG o.h.cfg.annotations.PropertyBinder - Building property remark
14:27:14.754 [main] DEBUG org.hibernate.cfg.Ejb3Column - Binding column: Ejb3Column{table=org.hibernate.mapping.Table(question), mappingColumn=null, insertable=true, updatable=true, unique=false}
14:27:14.754 [main] DEBUG org.hibernate.cfg.Ejb3Column - Binding column: Ejb3Column{table=org.hibernate.mapping.Table(question), mappingColumn=element, insertable=true, updatable=true, unique=false}
14:27:14.754 [main] DEBUG org.hibernate.cfg.Ejb3Column - Binding column: Ejb3Column{table=org.hibernate.mapping.Table(question), mappingColumn=reviewers_key, insertable=true, updatable=true, unique=false}
14:27:14.754 [main] DEBUG org.hibernate.cfg.Ejb3Column - Binding column: Ejb3JoinColumn{logicalColumnName=&apos;reviewers_KEY&apos;, referencedColumn=&apos;null&apos;, mappedBy=&apos;null&apos;}
14:27:14.754 [main] DEBUG org.hibernate.cfg.Ejb3Column - Binding column: Ejb3JoinColumn{logicalColumnName=&apos;question_id&apos;, referencedColumn=&apos;&apos;, mappedBy=&apos;&apos;}
[...]
14:27:15.912 [main] DEBUG o.h.i.f.i.DefaultIdentifierGeneratorFactory - Setting dialect [org.hibernate.dialect.MySQL5InnoDBDialect]
14:27:15.912 [main] INFO  o.h.tool.hbm2ddl.SchemaUpdate - HHH000232: Schema update complete
14:27:15.914 [main] DEBUG o.h.internal.NamedQueryRepository - Checking 1 named HQL queries
14:27:15.914 [main] DEBUG o.h.internal.NamedQueryRepository - Checking named query: User.findByUserName
14:27:15.958 [main] DEBUG o.h.h.i.ast.QueryTranslatorImpl - parse() - HQL: SELECT u from cn.cstqb.exam.testmaker.entities.User u where u.username = :username
14:27:15.967 [main] DEBUG o.h.h.i.ast.QueryTranslatorImpl - --- HQL AST ---
 \-[QUERY] Node: &apos;query&apos;
    +-[SELECT_FROM] Node: &apos;SELECT_FROM&apos;
    |  +-[FROM] Node: &apos;from&apos;
    |  |  \-[RANGE] Node: &apos;RANGE&apos;
    |  |     +-[DOT] Node: &apos;.&apos;
    |  |     |  +-[DOT] Node: &apos;.&apos;
    |  |     |  |  +-[DOT] Node: &apos;.&apos;
    |  |     |  |  |  +-[DOT] Node: &apos;.&apos;
    |  |     |  |  |  |  +-[DOT] Node: &apos;.&apos;
    |  |     |  |  |  |  |  +-[IDENT] Node: &apos;cn&apos;
    |  |     |  |  |  |  |  \-[IDENT] Node: &apos;cstqb&apos;
    |  |     |  |  |  |  \-[IDENT] Node: &apos;exam&apos;
    |  |     |  |  |  \-[IDENT] Node: &apos;testmaker&apos;
    |  |     |  |  \-[IDENT] Node: &apos;entities&apos;
    |  |     |  \-[IDENT] Node: &apos;User&apos;
    |  |     \-[ALIAS] Node: &apos;u&apos;
    |  \-[SELECT] Node: &apos;SELECT&apos;
    |     \-[IDENT] Node: &apos;u&apos;
    \-[WHERE] Node: &apos;where&apos;
       \-[EQ] Node: &apos;=&apos;
          +-[DOT] Node: &apos;.&apos;
          |  +-[IDENT] Node: &apos;u&apos;
          |  \-[IDENT] Node: &apos;username&apos;
          \-[COLON] Node: &apos;:&apos;
             \-[IDENT] Node: &apos;username&apos;

14:27:15.967 [main] DEBUG o.h.hql.internal.ast.ErrorCounter - throwQueryException() : no errors
14:27:15.999 [main] DEBUG o.h.h.i.antlr.HqlSqlBaseWalker - select &lt;&lt; begin [level=1, statement=select]
14:27:16.015 [main] DEBUG o.h.h.internal.ast.tree.FromElement - FromClause{level=1} : cn.cstqb.exam.testmaker.entities.User (u) -&gt; user0_
14:27:16.016 [main] DEBUG o.h.h.i.ast.tree.FromReferenceNode - Resolved : u -&gt; user0_.id
14:27:16.020 [main] DEBUG o.h.h.i.ast.tree.FromReferenceNode - Resolved : u -&gt; user0_.id
14:27:16.021 [main] DEBUG o.h.hql.internal.ast.tree.DotNode - getDataType() : username -&gt; org.hibernate.type.StringType@442e7215
14:27:16.022 [main] DEBUG o.h.h.i.ast.tree.FromReferenceNode - Resolved : u.username -&gt; user0_.username
14:27:16.025 [main] DEBUG o.h.h.i.antlr.HqlSqlBaseWalker - select : finishing up [level=1, statement=select]
14:27:16.025 [main] DEBUG o.h.hql.internal.ast.HqlSqlWalker - processQuery() :  ( SELECT ( {select clause} user0_.id ) ( FromClause{level=1} user user0_ ) ( where ( = ( user0_.username user0_.id username ) ? ) ) )
14:27:16.031 [main] DEBUG o.h.h.i.ast.util.JoinProcessor - Using FROM fragment [user user0_]
14:27:16.032 [main] DEBUG o.h.h.i.antlr.HqlSqlBaseWalker - select &gt;&gt; end [level=1, statement=select]
14:27:16.033 [main] DEBUG o.h.h.i.ast.QueryTranslatorImpl - --- SQL AST ---
 \-[SELECT] QueryNode: &apos;SELECT&apos;  querySpaces (user)
    +-[SELECT_CLAUSE] SelectClause: &apos;{select clause}&apos;
    |  +-[ALIAS_REF] IdentNode: &apos;user0_.id as id1_20_&apos; {alias=u, className=cn.cstqb.exam.testmaker.entities.User, tableAlias=user0_}
    |  \-[SQL_TOKEN] SqlFragment: &apos;user0_.created_on as created_2_20_, user0_.updated_on as updated_3_20_, user0_.email as email4_20_, user0_.enabled as enabled5_20_, user0_.full_name as full_nam6_20_, user0_.is_admin as is_admin7_20_, user0_.last_login as last_log8_20_, user0_.login_count as login_co9_20_, user0_.password as passwor10_20_, user0_.phone as phone11_20_, user0_.username as usernam12_20_&apos;
    +-[FROM] FromClause: &apos;from&apos; FromClause{level=1, fromElementCounter=1, fromElements=1, fromElementByClassAlias=[u], fromElementByTableAlias=[user0_], fromElementsByPath=[], collectionJoinFromElementsByPath=[], impliedElements=[]}
    |  \-[FROM_FRAGMENT] FromElement: &apos;user user0_&apos; FromElement{explicit,not a collection join,not a fetch join,fetch non-lazy properties,classAlias=u,role=null,tableName=user,tableAlias=user0_,origin=null,columns={,className=cn.cstqb.exam.testmaker.entities.User}}
    \-[WHERE] SqlNode: &apos;where&apos;
       \-[EQ] BinaryLogicOperatorNode: &apos;=&apos;
          +-[DOT] DotNode: &apos;user0_.username&apos; {propertyName=username,dereferenceType=PRIMITIVE,getPropertyPath=username,path=u.username,tableAlias=user0_,className=cn.cstqb.exam.testmaker.entities.User,classAlias=u}
          |  +-[ALIAS_REF] IdentNode: &apos;user0_.id&apos; {alias=u, className=cn.cstqb.exam.testmaker.entities.User, tableAlias=user0_}
          |  \-[IDENT] IdentNode: &apos;username&apos; {originalText=username}
          \-[NAMED_PARAM] ParameterNode: &apos;?&apos; {name=username, expectedType=org.hibernate.type.StringType@442e7215}

14:27:16.033 [main] DEBUG o.h.hql.internal.ast.ErrorCounter - throwQueryException() : no errors
14:27:16.044 [main] DEBUG o.h.h.i.ast.QueryTranslatorImpl - HQL: SELECT u from cn.cstqb.exam.testmaker.entities.User u where u.username = :username
14:27:16.044 [main] DEBUG o.h.h.i.ast.QueryTranslatorImpl - SQL: select user0_.id as id1_20_, user0_.created_on as created_2_20_, user0_.updated_on as updated_3_20_, user0_.email as email4_20_, user0_.enabled as enabled5_20_, user0_.full_name as full_nam6_20_, user0_.is_admin as is_admin7_20_, user0_.last_login as last_log8_20_, user0_.login_count as login_co9_20_, user0_.password as passwor10_20_, user0_.phone as phone11_20_, user0_.username as usernam12_20_ from user user0_ where user0_.username=?
14:27:16.044 [main] DEBUG o.h.hql.internal.ast.ErrorCounter - throwQueryException() : no errors
14:27:16.051 [main] DEBUG o.h.internal.NamedQueryRepository - Checking 0 named SQL queries
14:27:16.056 [main] DEBUG o.h.s.internal.StatisticsInitiator - Statistics initialized [enabled=false]
14:27:16.062 [main] DEBUG o.h.j.i.schemagen.JpaSchemaGenerator - No actions specified; doing nothing
14:27:16.132 [main] DEBUG o.h.j.i.EntityManagerFactoryRegistry - Initializing EntityManagerFactoryRegistry : org.hibernate.jpa.internal.EntityManagerFactoryRegistry@34dd920b
14:27:16.132 [main] DEBUG o.h.j.i.EntityManagerFactoryRegistry - Registering EntityManagerFactory: test-maker 
14:27:16.156 [main] DEBUG c.c.e.t.configuration.AppInjector - Getting existing cn.cstqb.exam.testmaker.configuration.AppInjector instance. UUID=[87e69463-ae42-45d5-add6-f126216eb577]...
14:27:16.159 [main] DEBUG c.c.e.t.d.i.UserDaoImpl$$EnhancerByGuice$$8d6282a3 - Parameter type: cn.cstqb.exam.testmaker.entities.User
14:27:16.177 [main] DEBUG c.c.e.t.c.ApplicationConfigContext - Custom configuration origin: null
14:27:16.177 [main] DEBUG c.c.e.t.d.i.ProjectDaoImpl$$EnhancerByGuice$$f27bc7cc - Parameter type: cn.cstqb.exam.testmaker.entities.Project
14:27:16.177 [main] DEBUG c.c.e.t.d.i.UserDaoImpl$$EnhancerByGuice$$8d6282a3 - Parameter type: cn.cstqb.exam.testmaker.entities.User
14:27:16.178 [main] DEBUG c.c.e.t.d.i.ProjectStatusDaoImpl$$EnhancerByGuice$$b978f75f - Parameter type: cn.cstqb.exam.testmaker.entities.ProjectStatus
14:27:16.178 [main] DEBUG c.c.e.t.d.i.ProjectStatusDaoImpl$$EnhancerByGuice$$b978f75f - Parameter type: cn.cstqb.exam.testmaker.entities.ProjectStatus
14:27:16.178 [main] DEBUG c.c.e.t.d.i.UserDaoImpl$$EnhancerByGuice$$8d6282a3 - Parameter type: cn.cstqb.exam.testmaker.entities.User
14:27:16.178 [main] DEBUG c.c.e.t.d.i.SyllabusDaoImpl$$EnhancerByGuice$$f86de6f2 - Parameter type: cn.cstqb.exam.testmaker.entities.Syllabus
14:27:16.179 [main] DEBUG c.c.e.t.d.i.ChapterDaoImpl$$EnhancerByGuice$$8ddaf271 - Parameter type: cn.cstqb.exam.testmaker.entities.Chapter
14:27:16.179 [main] DEBUG c.c.e.t.d.i.KnowledgePointDaoImpl$$EnhancerByGuice$$8414d598 - Parameter type: cn.cstqb.exam.testmaker.entities.KnowledgePoint
14:27:16.456 [main] DEBUG c.c.e.t.j.s.JsonSerializer - JsonSerializer.init: Initializing ObjectMapper...
14:27:16.457 [main] DEBUG c.c.e.t.d.i.ProjectDaoImpl$$EnhancerByGuice$$f27bc7cc - Parameter type: cn.cstqb.exam.testmaker.entities.Project
14:27:16.457 [main] DEBUG c.c.e.t.d.i.UserDaoImpl$$EnhancerByGuice$$8d6282a3 - Parameter type: cn.cstqb.exam.testmaker.entities.User
14:27:16.457 [main] DEBUG c.c.e.t.d.i.ProjectStatusDaoImpl$$EnhancerByGuice$$b978f75f - Parameter type: cn.cstqb.exam.testmaker.entities.ProjectStatus
14:27:16.458 [main] DEBUG c.c.e.t.d.i.QuestionDaoImpl$$EnhancerByGuice$$12e5078b - Parameter type: cn.cstqb.exam.testmaker.entities.Question
14:27:16.458 [main] DEBUG c.c.e.t.d.i.QuestionLanguageDaoImpl$$EnhancerByGuice$$5be23db - Parameter type: cn.cstqb.exam.testmaker.entities.QuestionLanguage
14:27:16.458 [main] DEBUG c.c.e.t.d.i.QuestionTypeDaoImpl$$EnhancerByGuice$$e9f03bf9 - Parameter type: cn.cstqb.exam.testmaker.entities.QuestionType
14:27:16.458 [main] DEBUG c.c.e.t.d.i.UserDaoImpl$$EnhancerByGuice$$8d6282a3 - Parameter type: cn.cstqb.exam.testmaker.entities.User
14:27:16.458 [main] DEBUG c.c.e.t.d.i.ProjectDaoImpl$$EnhancerByGuice$$f27bc7cc - Parameter type: cn.cstqb.exam.testmaker.entities.Project
14:27:16.459 [main] DEBUG c.c.e.t.d.i.UserDaoImpl$$EnhancerByGuice$$8d6282a3 - Parameter type: cn.cstqb.exam.testmaker.entities.User
14:27:16.459 [main] DEBUG c.c.e.t.d.i.ProjectStatusDaoImpl$$EnhancerByGuice$$b978f75f - Parameter type: cn.cstqb.exam.testmaker.entities.ProjectStatus
14:27:16.459 [main] DEBUG c.c.e.t.d.i.QuestionDaoImpl$$EnhancerByGuice$$12e5078b - Parameter type: cn.cstqb.exam.testmaker.entities.Question
14:27:16.459 [main] DEBUG c.c.e.t.d.i.QuestionLanguageDaoImpl$$EnhancerByGuice$$5be23db - Parameter type: cn.cstqb.exam.testmaker.entities.QuestionLanguage
14:27:16.459 [main] DEBUG c.c.e.t.d.i.QuestionTypeDaoImpl$$EnhancerByGuice$$e9f03bf9 - Parameter type: cn.cstqb.exam.testmaker.entities.QuestionType
14:27:16.459 [main] DEBUG c.c.e.t.d.i.UserDaoImpl$$EnhancerByGuice$$8d6282a3 - Parameter type: cn.cstqb.exam.testmaker.entities.User
14:27:16.459 [main] DEBUG c.c.e.t.d.i.QuestionChoiceDaoImpl$$EnhancerByGuice$$68bc6e00 - Parameter type: cn.cstqb.exam.testmaker.entities.QuestionChoice
14:27:16.459 [main] DEBUG c.c.e.t.d.i.QuestionDaoImpl$$EnhancerByGuice$$12e5078b - Parameter type: cn.cstqb.exam.testmaker.entities.Question
14:27:16.460 [main] DEBUG c.c.e.t.d.i.ProjectDaoImpl$$EnhancerByGuice$$f27bc7cc - Parameter type: cn.cstqb.exam.testmaker.entities.Project
14:27:16.460 [main] DEBUG c.c.e.t.d.i.UserDaoImpl$$EnhancerByGuice$$8d6282a3 - Parameter type: cn.cstqb.exam.testmaker.entities.User
14:27:16.460 [main] DEBUG c.c.e.t.d.i.ProjectStatusDaoImpl$$EnhancerByGuice$$b978f75f - Parameter type: cn.cstqb.exam.testmaker.entities.ProjectStatus
14:27:16.460 [main] DEBUG c.c.e.t.d.i.ProjectStatusDaoImpl$$EnhancerByGuice$$b978f75f - Parameter type: cn.cstqb.exam.testmaker.entities.ProjectStatus
14:27:16.460 [main] DEBUG c.c.e.t.d.i.UserDaoImpl$$EnhancerByGuice$$8d6282a3 - Parameter type: cn.cstqb.exam.testmaker.entities.User
14:27:16.461 [main] DEBUG c.c.e.t.d.i.SyllabusDaoImpl$$EnhancerByGuice$$f86de6f2 - Parameter type: cn.cstqb.exam.testmaker.entities.Syllabus
14:27:16.461 [main] DEBUG c.c.e.t.d.i.ChapterDaoImpl$$EnhancerByGuice$$8ddaf271 - Parameter type: cn.cstqb.exam.testmaker.entities.Chapter
14:27:16.461 [main] DEBUG c.c.e.t.d.i.KnowledgePointDaoImpl$$EnhancerByGuice$$8414d598 - Parameter type: cn.cstqb.exam.testmaker.entities.KnowledgePoint
14:27:16.461 [main] DEBUG c.c.e.t.d.i.ProjectDaoImpl$$EnhancerByGuice$$f27bc7cc - Parameter type: cn.cstqb.exam.testmaker.entities.Project
14:27:16.461 [main] DEBUG c.c.e.t.d.i.UserDaoImpl$$EnhancerByGuice$$8d6282a3 - Parameter type: cn.cstqb.exam.testmaker.entities.User
14:27:16.461 [main] DEBUG c.c.e.t.d.i.ProjectStatusDaoImpl$$EnhancerByGuice$$b978f75f - Parameter type: cn.cstqb.exam.testmaker.entities.ProjectStatus
14:27:16.461 [main] DEBUG c.c.e.t.d.i.QuestionDaoImpl$$EnhancerByGuice$$12e5078b - Parameter type: cn.cstqb.exam.testmaker.entities.Question
14:27:16.461 [main] DEBUG c.c.e.t.d.i.QuestionLanguageDaoImpl$$EnhancerByGuice$$5be23db - Parameter type: cn.cstqb.exam.testmaker.entities.QuestionLanguage
14:27:16.461 [main] DEBUG c.c.e.t.d.i.QuestionTypeDaoImpl$$EnhancerByGuice$$e9f03bf9 - Parameter type: cn.cstqb.exam.testmaker.entities.QuestionType
14:27:16.461 [main] DEBUG c.c.e.t.d.i.UserDaoImpl$$EnhancerByGuice$$8d6282a3 - Parameter type: cn.cstqb.exam.testmaker.entities.User
14:27:16.462 [main] DEBUG c.c.e.t.d.i.ProjectDaoImpl$$EnhancerByGuice$$f27bc7cc - Parameter type: cn.cstqb.exam.testmaker.entities.Project
14:27:16.462 [main] DEBUG c.c.e.t.d.i.UserDaoImpl$$EnhancerByGuice$$8d6282a3 - Parameter type: cn.cstqb.exam.testmaker.entities.User
14:27:16.462 [main] DEBUG c.c.e.t.d.i.ProjectStatusDaoImpl$$EnhancerByGuice$$b978f75f - Parameter type: cn.cstqb.exam.testmaker.entities.ProjectStatus
14:27:16.463 [main] DEBUG c.c.e.t.d.i.QuestionDaoImpl$$EnhancerByGuice$$12e5078b - Parameter type: cn.cstqb.exam.testmaker.entities.Question
14:27:16.463 [main] DEBUG c.c.e.t.d.i.QuestionLanguageDaoImpl$$EnhancerByGuice$$5be23db - Parameter type: cn.cstqb.exam.testmaker.entities.QuestionLanguage
14:27:16.463 [main] DEBUG c.c.e.t.d.i.QuestionTypeDaoImpl$$EnhancerByGuice$$e9f03bf9 - Parameter type: cn.cstqb.exam.testmaker.entities.QuestionType
14:27:16.463 [main] DEBUG c.c.e.t.d.i.UserDaoImpl$$EnhancerByGuice$$8d6282a3 - Parameter type: cn.cstqb.exam.testmaker.entities.User
14:27:16.463 [main] DEBUG c.c.e.t.d.i.QuestionChoiceDaoImpl$$EnhancerByGuice$$68bc6e00 - Parameter type: cn.cstqb.exam.testmaker.entities.QuestionChoice
14:27:16.464 [main] DEBUG c.c.e.t.d.i.QuestionDaoImpl$$EnhancerByGuice$$12e5078b - Parameter type: cn.cstqb.exam.testmaker.entities.Question
14:27:16.464 [main] DEBUG c.c.e.t.d.i.ProjectDaoImpl$$EnhancerByGuice$$f27bc7cc - Parameter type: cn.cstqb.exam.testmaker.entities.Project
14:27:16.464 [main] DEBUG c.c.e.t.d.i.UserDaoImpl$$EnhancerByGuice$$8d6282a3 - Parameter type: cn.cstqb.exam.testmaker.entities.User
14:27:16.464 [main] DEBUG c.c.e.t.d.i.ProjectStatusDaoImpl$$EnhancerByGuice$$b978f75f - Parameter type: cn.cstqb.exam.testmaker.entities.ProjectStatus
14:27:16.464 [main] DEBUG c.c.e.t.d.i.ProjectStatusDaoImpl$$EnhancerByGuice$$b978f75f - Parameter type: cn.cstqb.exam.testmaker.entities.ProjectStatus
14:27:16.465 [main] DEBUG c.c.e.t.d.i.UserDaoImpl$$EnhancerByGuice$$8d6282a3 - Parameter type: cn.cstqb.exam.testmaker.entities.User
14:27:16.465 [main] DEBUG c.c.e.t.d.i.SyllabusDaoImpl$$EnhancerByGuice$$f86de6f2 - Parameter type: cn.cstqb.exam.testmaker.entities.Syllabus
14:27:16.465 [main] DEBUG c.c.e.t.d.i.ChapterDaoImpl$$EnhancerByGuice$$8ddaf271 - Parameter type: cn.cstqb.exam.testmaker.entities.Chapter
14:27:16.465 [main] DEBUG c.c.e.t.d.i.KnowledgePointDaoImpl$$EnhancerByGuice$$8414d598 - Parameter type: cn.cstqb.exam.testmaker.entities.KnowledgePoint
14:27:16.465 [main] DEBUG c.c.e.t.d.i.ProjectDaoImpl$$EnhancerByGuice$$f27bc7cc - Parameter type: cn.cstqb.exam.testmaker.entities.Project
14:27:16.466 [main] DEBUG c.c.e.t.d.i.UserDaoImpl$$EnhancerByGuice$$8d6282a3 - Parameter type: cn.cstqb.exam.testmaker.entities.User
14:27:16.466 [main] DEBUG c.c.e.t.d.i.ProjectStatusDaoImpl$$EnhancerByGuice$$b978f75f - Parameter type: cn.cstqb.exam.testmaker.entities.ProjectStatus
14:27:16.466 [main] DEBUG c.c.e.t.d.i.QuestionDaoImpl$$EnhancerByGuice$$12e5078b - Parameter type: cn.cstqb.exam.testmaker.entities.Question
14:27:16.466 [main] DEBUG c.c.e.t.d.i.QuestionLanguageDaoImpl$$EnhancerByGuice$$5be23db - Parameter type: cn.cstqb.exam.testmaker.entities.QuestionLanguage
14:27:16.466 [main] DEBUG c.c.e.t.d.i.QuestionTypeDaoImpl$$EnhancerByGuice$$e9f03bf9 - Parameter type: cn.cstqb.exam.testmaker.entities.QuestionType
14:27:16.466 [main] DEBUG c.c.e.t.d.i.UserDaoImpl$$EnhancerByGuice$$8d6282a3 - Parameter type: cn.cstqb.exam.testmaker.entities.User
14:27:16.466 [main] DEBUG c.c.e.t.d.i.ProjectDaoImpl$$EnhancerByGuice$$f27bc7cc - Parameter type: cn.cstqb.exam.testmaker.entities.Project
14:27:16.467 [main] DEBUG c.c.e.t.d.i.UserDaoImpl$$EnhancerByGuice$$8d6282a3 - Parameter type: cn.cstqb.exam.testmaker.entities.User
14:27:16.467 [main] DEBUG c.c.e.t.d.i.ProjectStatusDaoImpl$$EnhancerByGuice$$b978f75f - Parameter type: cn.cstqb.exam.testmaker.entities.ProjectStatus
14:27:16.472 [main] DEBUG c.c.e.t.d.i.QuestionDaoImpl$$EnhancerByGuice$$12e5078b - Parameter type: cn.cstqb.exam.testmaker.entities.Question
14:27:16.473 [main] DEBUG c.c.e.t.d.i.QuestionLanguageDaoImpl$$EnhancerByGuice$$5be23db - Parameter type: cn.cstqb.exam.testmaker.entities.QuestionLanguage
14:27:16.473 [main] DEBUG c.c.e.t.d.i.QuestionTypeDaoImpl$$EnhancerByGuice$$e9f03bf9 - Parameter type: cn.cstqb.exam.testmaker.entities.QuestionType
14:27:16.473 [main] DEBUG c.c.e.t.d.i.UserDaoImpl$$EnhancerByGuice$$8d6282a3 - Parameter type: cn.cstqb.exam.testmaker.entities.User
14:27:16.473 [main] DEBUG c.c.e.t.d.i.QuestionChoiceDaoImpl$$EnhancerByGuice$$68bc6e00 - Parameter type: cn.cstqb.exam.testmaker.entities.QuestionChoice
14:27:16.473 [main] DEBUG c.c.e.t.d.i.QuestionDaoImpl$$EnhancerByGuice$$12e5078b - Parameter type: cn.cstqb.exam.testmaker.entities.Question
</system-out>
    <system-err>4月 21, 2020 2:27:12 下午 com.google.inject.internal.ProxyFactory &lt;init&gt;
警告: Method [public void cn.cstqb.exam.testmaker.dao.impl.QuestionStatusTransitionDaoImpl.create(cn.cstqb.exam.testmaker.entities.AbstractEntity)] is synthetic and is being intercepted by [com.google.inject.persist.jpa.JpaLocalTxnInterceptor@24f3fb87]. This could indicate a bug.  The method may be intercepted twice, or may not be intercepted at all.
4月 21, 2020 2:27:13 下午 com.mchange.v2.log.MLog &lt;clinit&gt;
信息: MLog clients using java 1.4+ standard logging.
4月 21, 2020 2:27:13 下午 com.mchange.v2.c3p0.C3P0Registry banner
信息: Initializing c3p0-0.9.2.1 [built 20-March-2013 10:47:27 +0000; debug? true; trace: 10]
4月 21, 2020 2:27:14 下午 com.mchange.v2.c3p0.impl.AbstractPoolBackedDataSource getPoolManager
信息: Initializing c3p0 pool... com.mchange.v2.c3p0.PoolBackedDataSource@c3f2546b [ connectionPoolDataSource -&gt; com.mchange.v2.c3p0.WrapperConnectionPoolDataSource@4a105eee [ acquireIncrement -&gt; 3, acquireRetryAttempts -&gt; 30, acquireRetryDelay -&gt; 1000, autoCommitOnClose -&gt; false, automaticTestTable -&gt; _conTestTable, breakAfterAcquireFailure -&gt; false, checkoutTimeout -&gt; 0, connectionCustomizerClassName -&gt; null, connectionTesterClassName -&gt; com.mchange.v2.c3p0.impl.DefaultConnectionTester, debugUnreturnedConnectionStackTraces -&gt; false, factoryClassLocation -&gt; null, forceIgnoreUnresolvedTransactions -&gt; false, identityToken -&gt; 1hgeby9a9174ft50deh47e|1070308e, idleConnectionTestPeriod -&gt; 120, initialPoolSize -&gt; 3, maxAdministrativeTaskTime -&gt; 0, maxConnectionAge -&gt; 21600, maxIdleTime -&gt; 600, maxIdleTimeExcessConnections -&gt; 20, maxPoolSize -&gt; 15, maxStatements -&gt; 0, maxStatementsPerConnection -&gt; 0, minPoolSize -&gt; 3, nestedDataSource -&gt; com.mchange.v2.c3p0.DriverManagerDataSource@283cb5b6 [ description -&gt; null, driverClass -&gt; null, factoryClassLocation -&gt; null, identityToken -&gt; 1hgeby9a9174ft50deh47e|252d690, jdbcUrl -&gt; jdbc:mysql://localhost:3306/testmaker, properties -&gt; {user=******} ], preferredTestQuery -&gt; null, propertyCycle -&gt; 0, statementCacheNumDeferredCloseThreads -&gt; 0, testConnectionOnCheckin -&gt; false, testConnectionOnCheckout -&gt; true, unreturnedConnectionTimeout -&gt; 0, usesTraditionalReflectiveProxies -&gt; false; userOverrides: {} ], dataSourceName -&gt; null, factoryClassLocation -&gt; null, identityToken -&gt; 1hgeby9a9174ft50deh47e|61b83fef, numHelperThreads -&gt; 3 ]
</system-err>
  </testcase>
</testsuite>